running develop
running egg_info
creating gastrobot_navigation.egg-info
writing gastrobot_navigation.egg-info/PKG-INFO
writing dependency_links to gastrobot_navigation.egg-info/dependency_links.txt
writing entry points to gastrobot_navigation.egg-info/entry_points.txt
writing requirements to gastrobot_navigation.egg-info/requires.txt
writing top-level names to gastrobot_navigation.egg-info/top_level.txt
writing manifest file 'gastrobot_navigation.egg-info/SOURCES.txt'
reading manifest file 'gastrobot_navigation.egg-info/SOURCES.txt'
writing manifest file 'gastrobot_navigation.egg-info/SOURCES.txt'
running build_ext
Creating /home/gastrobot/gastrobot_ws/install/gastrobot_navigation/lib/python3.12/site-packages/gastrobot-navigation.egg-link (link to .)
Installing mission_manager script to /home/gastrobot/gastrobot_ws/install/gastrobot_navigation/lib/gastrobot_navigation

Installed /home/gastrobot/gastrobot_ws/build/gastrobot_navigation
running symlink_data
creating /home/gastrobot/gastrobot_ws/install/gastrobot_navigation/share/ament_index
creating /home/gastrobot/gastrobot_ws/install/gastrobot_navigation/share/ament_index/resource_index
creating /home/gastrobot/gastrobot_ws/install/gastrobot_navigation/share/ament_index/resource_index/packages
symbolically linking /home/gastrobot/gastrobot_ws/build/gastrobot_navigation/resource/gastrobot_navigation -> /home/gastrobot/gastrobot_ws/install/gastrobot_navigation/share/ament_index/resource_index/packages
symbolically linking /home/gastrobot/gastrobot_ws/build/gastrobot_navigation/package.xml -> /home/gastrobot/gastrobot_ws/install/gastrobot_navigation/share/gastrobot_navigation
