running develop
Removing /home/gastrobot/gastrobot_ws/install/gastrobot_perception/lib/python3.12/site-packages/gastrobot-perception.egg-link (link to .)
running egg_info
writing ../../build/gastrobot_perception/gastrobot_perception.egg-info/PKG-INFO
writing dependency_links to ../../build/gastrobot_perception/gastrobot_perception.egg-info/dependency_links.txt
writing requirements to ../../build/gastrobot_perception/gastrobot_perception.egg-info/requires.txt
writing top-level names to ../../build/gastrobot_perception/gastrobot_perception.egg-info/top_level.txt
reading manifest file '../../build/gastrobot_perception/gastrobot_perception.egg-info/SOURCES.txt'
writing manifest file '../../build/gastrobot_perception/gastrobot_perception.egg-info/SOURCES.txt'
running build
running build_py
creating /home/gastrobot/gastrobot_ws/build/gastrobot_perception/build
creating /home/gastrobot/gastrobot_ws/build/gastrobot_perception/build/lib
creating /home/gastrobot/gastrobot_ws/build/gastrobot_perception/build/lib/gastrobot_perception
copying gastrobot_perception/__init__.py -> /home/gastrobot/gastrobot_ws/build/gastrobot_perception/build/lib/gastrobot_perception
running install
running install_lib
creating /home/gastrobot/gastrobot_ws/install/gastrobot_perception/lib/python3.12/site-packages/gastrobot_perception
copying /home/gastrobot/gastrobot_ws/build/gastrobot_perception/build/lib/gastrobot_perception/__init__.py -> /home/gastrobot/gastrobot_ws/install/gastrobot_perception/lib/python3.12/site-packages/gastrobot_perception
byte-compiling /home/gastrobot/gastrobot_ws/install/gastrobot_perception/lib/python3.12/site-packages/gastrobot_perception/__init__.py to __init__.cpython-312.pyc
running install_data
copying resource/gastrobot_perception -> /home/gastrobot/gastrobot_ws/install/gastrobot_perception/share/ament_index/resource_index/packages
copying package.xml -> /home/gastrobot/gastrobot_ws/install/gastrobot_perception/share/gastrobot_perception
running install_egg_info
Copying ../../build/gastrobot_perception/gastrobot_perception.egg-info to /home/gastrobot/gastrobot_ws/install/gastrobot_perception/lib/python3.12/site-packages/gastrobot_perception-0.0.0-py3.12.egg-info
running install_scripts
writing list of installed files to '/home/gastrobot/gastrobot_ws/build/gastrobot_perception/install.log'
