[5.866s] Invoking command in '/home/gastrobot/gastrobot_ws/build/gastrobot_perception': PYTHONPATH=/home/gastrobot/gastrobot_ws/build/gastrobot_perception/prefix_override:/usr/lib/python3/dist-packages/colcon_core/task/python/colcon_distutils_commands:/home/gastrobot/gastrobot_ws/install/gastrobot_perception/lib/python3.12/site-packages:${PYTHONPATH} /usr/bin/python3 -W ignore:setup.py install is deprecated -W ignore:easy_install command is deprecated setup.py develop --uninstall --editable --build-directory /home/gastrobot/gastrobot_ws/build/gastrobot_perception/build
[7.787s] running develop
[8.932s] /usr/lib/python3/dist-packages/setuptools/command/easy_install.py:363: UserWarning: Unbuilt egg for pytest-repeat [unknown version] (/usr/lib/python3/dist-packages)
[8.932s]   self.local_index = Environment(self.shadow_path + sys.path)
[9.268s] Removing /home/gastrobot/gastrobot_ws/install/gastrobot_perception/lib/python3.12/site-packages/gastrobot-perception.egg-link (link to .)
[9.441s] Invoked command in '/home/gastrobot/gastrobot_ws/build/gastrobot_perception' returned '0': PYTHONPATH=/home/gastrobot/gastrobot_ws/build/gastrobot_perception/prefix_override:/usr/lib/python3/dist-packages/colcon_core/task/python/colcon_distutils_commands:/home/gastrobot/gastrobot_ws/install/gastrobot_perception/lib/python3.12/site-packages:${PYTHONPATH} /usr/bin/python3 -W ignore:setup.py install is deprecated -W ignore:easy_install command is deprecated setup.py develop --uninstall --editable --build-directory /home/gastrobot/gastrobot_ws/build/gastrobot_perception/build
[9.447s] Invoking command in '/home/gastrobot/gastrobot_ws/src/gastrobot_perception': PYTHONPATH=/home/gastrobot/gastrobot_ws/build/gastrobot_perception/prefix_override:/usr/lib/python3/dist-packages/colcon_core/task/python/colcon_distutils_commands:/home/gastrobot/gastrobot_ws/install/gastrobot_perception/lib/python3.12/site-packages:${PYTHONPATH} /usr/bin/python3 -W ignore:setup.py install is deprecated -W ignore:easy_install command is deprecated setup.py egg_info --egg-base ../../build/gastrobot_perception build --build-base /home/gastrobot/gastrobot_ws/build/gastrobot_perception/build install --record /home/gastrobot/gastrobot_ws/build/gastrobot_perception/install.log --single-version-externally-managed install_data --force
[11.028s] running egg_info
[11.153s] writing ../../build/gastrobot_perception/gastrobot_perception.egg-info/PKG-INFO
[11.154s] writing dependency_links to ../../build/gastrobot_perception/gastrobot_perception.egg-info/dependency_links.txt
[11.156s] writing requirements to ../../build/gastrobot_perception/gastrobot_perception.egg-info/requires.txt
[11.156s] writing top-level names to ../../build/gastrobot_perception/gastrobot_perception.egg-info/top_level.txt
[11.411s] reading manifest file '../../build/gastrobot_perception/gastrobot_perception.egg-info/SOURCES.txt'
[11.415s] writing manifest file '../../build/gastrobot_perception/gastrobot_perception.egg-info/SOURCES.txt'
[11.415s] running build
[11.416s] running build_py
[11.416s] creating /home/gastrobot/gastrobot_ws/build/gastrobot_perception/build
[11.417s] creating /home/gastrobot/gastrobot_ws/build/gastrobot_perception/build/lib
[11.417s] creating /home/gastrobot/gastrobot_ws/build/gastrobot_perception/build/lib/gastrobot_perception
[11.418s] copying gastrobot_perception/__init__.py -> /home/gastrobot/gastrobot_ws/build/gastrobot_perception/build/lib/gastrobot_perception
[11.419s] running install
[11.444s] running install_lib
[11.571s] creating /home/gastrobot/gastrobot_ws/install/gastrobot_perception/lib/python3.12/site-packages/gastrobot_perception
[11.572s] copying /home/gastrobot/gastrobot_ws/build/gastrobot_perception/build/lib/gastrobot_perception/__init__.py -> /home/gastrobot/gastrobot_ws/install/gastrobot_perception/lib/python3.12/site-packages/gastrobot_perception
[11.575s] byte-compiling /home/gastrobot/gastrobot_ws/install/gastrobot_perception/lib/python3.12/site-packages/gastrobot_perception/__init__.py to __init__.cpython-312.pyc
[11.577s] running install_data
[11.577s] copying resource/gastrobot_perception -> /home/gastrobot/gastrobot_ws/install/gastrobot_perception/share/ament_index/resource_index/packages
[11.578s] copying package.xml -> /home/gastrobot/gastrobot_ws/install/gastrobot_perception/share/gastrobot_perception
[11.579s] running install_egg_info
[11.712s] Copying ../../build/gastrobot_perception/gastrobot_perception.egg-info to /home/gastrobot/gastrobot_ws/install/gastrobot_perception/lib/python3.12/site-packages/gastrobot_perception-0.0.0-py3.12.egg-info
[11.717s] running install_scripts
[12.679s] writing list of installed files to '/home/gastrobot/gastrobot_ws/build/gastrobot_perception/install.log'
[12.830s] Invoked command in '/home/gastrobot/gastrobot_ws/src/gastrobot_perception' returned '0': PYTHONPATH=/home/gastrobot/gastrobot_ws/build/gastrobot_perception/prefix_override:/usr/lib/python3/dist-packages/colcon_core/task/python/colcon_distutils_commands:/home/gastrobot/gastrobot_ws/install/gastrobot_perception/lib/python3.12/site-packages:${PYTHONPATH} /usr/bin/python3 -W ignore:setup.py install is deprecated -W ignore:easy_install command is deprecated setup.py egg_info --egg-base ../../build/gastrobot_perception build --build-base /home/gastrobot/gastrobot_ws/build/gastrobot_perception/build install --record /home/gastrobot/gastrobot_ws/build/gastrobot_perception/install.log --single-version-externally-managed install_data --force
