[12.054s] Invoking command in '/home/gastrobot/gastrobot_ws/src/gastrobot_gui': PYTHONPATH=/home/gastrobot/gastrobot_ws/build/gastrobot_gui/prefix_override:/usr/lib/python3/dist-packages/colcon_core/task/python/colcon_distutils_commands:/home/gastrobot/gastrobot_ws/install/gastrobot_gui/lib/python3.12/site-packages:${PYTHONPATH} /usr/bin/python3 -W ignore:setup.py install is deprecated -W ignore:easy_install command is deprecated setup.py egg_info --egg-base ../../build/gastrobot_gui build --build-base /home/gastrobot/gastrobot_ws/build/gastrobot_gui/build install --record /home/gastrobot/gastrobot_ws/build/gastrobot_gui/install.log --single-version-externally-managed install_data
[14.831s] running egg_info
[15.069s] writing ../../build/gastrobot_gui/gastrobot_gui.egg-info/PKG-INFO
[15.076s] writing dependency_links to ../../build/gastrobot_gui/gastrobot_gui.egg-info/dependency_links.txt
[15.091s] writing entry points to ../../build/gastrobot_gui/gastrobot_gui.egg-info/entry_points.txt
[15.092s] writing requirements to ../../build/gastrobot_gui/gastrobot_gui.egg-info/requires.txt
[15.092s] writing top-level names to ../../build/gastrobot_gui/gastrobot_gui.egg-info/top_level.txt
[15.568s] reading manifest file '../../build/gastrobot_gui/gastrobot_gui.egg-info/SOURCES.txt'
[15.577s] writing manifest file '../../build/gastrobot_gui/gastrobot_gui.egg-info/SOURCES.txt'
[15.580s] running build
[15.580s] running build_py
[15.584s] running install
[15.621s] running install_lib
[15.857s] running install_data
[15.860s] running install_egg_info
[16.111s] removing '/home/gastrobot/gastrobot_ws/install/gastrobot_gui/lib/python3.12/site-packages/gastrobot_gui-0.0.0-py3.12.egg-info' (and everything under it)
[16.112s] Copying ../../build/gastrobot_gui/gastrobot_gui.egg-info to /home/gastrobot/gastrobot_ws/install/gastrobot_gui/lib/python3.12/site-packages/gastrobot_gui-0.0.0-py3.12.egg-info
[16.122s] running install_scripts
[17.864s] Installing gui_node script to /home/gastrobot/gastrobot_ws/install/gastrobot_gui/lib/gastrobot_gui
[17.866s] writing list of installed files to '/home/gastrobot/gastrobot_ws/build/gastrobot_gui/install.log'
[18.917s] Invoked command in '/home/gastrobot/gastrobot_ws/src/gastrobot_gui' returned '0': PYTHONPATH=/home/gastrobot/gastrobot_ws/build/gastrobot_gui/prefix_override:/usr/lib/python3/dist-packages/colcon_core/task/python/colcon_distutils_commands:/home/gastrobot/gastrobot_ws/install/gastrobot_gui/lib/python3.12/site-packages:${PYTHONPATH} /usr/bin/python3 -W ignore:setup.py install is deprecated -W ignore:easy_install command is deprecated setup.py egg_info --egg-base ../../build/gastrobot_gui build --build-base /home/gastrobot/gastrobot_ws/build/gastrobot_gui/build install --record /home/gastrobot/gastrobot_ws/build/gastrobot_gui/install.log --single-version-externally-managed install_data
