/home/gastrobot/gastrobot_ws/install/gastrobot_control/lib/python3.12/site-packages/gastrobot_control/lift_node.py
/home/gastrobot/gastrobot_ws/install/gastrobot_control/lib/python3.12/site-packages/gastrobot_control/esp32_bridge_node.py
/home/gastrobot/gastrobot_ws/install/gastrobot_control/lib/python3.12/site-packages/gastrobot_control/joystick_control_node.py
/home/gastrobot/gastrobot_ws/install/gastrobot_control/lib/python3.12/site-packages/gastrobot_control/imu_node.py
/home/gastrobot/gastrobot_ws/install/gastrobot_control/lib/python3.12/site-packages/gastrobot_control/pid_tuner_node.py
/home/gastrobot/gastrobot_ws/install/gastrobot_control/lib/python3.12/site-packages/gastrobot_control/ultrasonic_node.py
/home/gastrobot/gastrobot_ws/install/gastrobot_control/lib/python3.12/site-packages/gastrobot_control/diff_drive_controller.py
/home/gastrobot/gastrobot_ws/install/gastrobot_control/lib/python3.12/site-packages/gastrobot_control/__init__.py
/home/gastrobot/gastrobot_ws/install/gastrobot_control/lib/python3.12/site-packages/gastrobot_control/wheel_odometry_node.py
/home/gastrobot/gastrobot_ws/install/gastrobot_control/lib/python3.12/site-packages/gastrobot_control/lift_serial_node.py
/home/gastrobot/gastrobot_ws/install/gastrobot_control/lib/python3.12/site-packages/gastrobot_control/__pycache__/lift_node.cpython-312.pyc
/home/gastrobot/gastrobot_ws/install/gastrobot_control/lib/python3.12/site-packages/gastrobot_control/__pycache__/esp32_bridge_node.cpython-312.pyc
/home/gastrobot/gastrobot_ws/install/gastrobot_control/lib/python3.12/site-packages/gastrobot_control/__pycache__/joystick_control_node.cpython-312.pyc
/home/gastrobot/gastrobot_ws/install/gastrobot_control/lib/python3.12/site-packages/gastrobot_control/__pycache__/imu_node.cpython-312.pyc
/home/gastrobot/gastrobot_ws/install/gastrobot_control/lib/python3.12/site-packages/gastrobot_control/__pycache__/pid_tuner_node.cpython-312.pyc
/home/gastrobot/gastrobot_ws/install/gastrobot_control/lib/python3.12/site-packages/gastrobot_control/__pycache__/ultrasonic_node.cpython-312.pyc
/home/gastrobot/gastrobot_ws/install/gastrobot_control/lib/python3.12/site-packages/gastrobot_control/__pycache__/diff_drive_controller.cpython-312.pyc
/home/gastrobot/gastrobot_ws/install/gastrobot_control/lib/python3.12/site-packages/gastrobot_control/__pycache__/__init__.cpython-312.pyc
/home/gastrobot/gastrobot_ws/install/gastrobot_control/lib/python3.12/site-packages/gastrobot_control/__pycache__/wheel_odometry_node.cpython-312.pyc
/home/gastrobot/gastrobot_ws/install/gastrobot_control/lib/python3.12/site-packages/gastrobot_control/__pycache__/lift_serial_node.cpython-312.pyc
/home/gastrobot/gastrobot_ws/install/gastrobot_control/share/ament_index/resource_index/packages/gastrobot_control
/home/gastrobot/gastrobot_ws/install/gastrobot_control/share/gastrobot_control/package.xml
/home/gastrobot/gastrobot_ws/install/gastrobot_control/lib/python3.12/site-packages/gastrobot_control-0.0.0-py3.12.egg-info/dependency_links.txt
/home/gastrobot/gastrobot_ws/install/gastrobot_control/lib/python3.12/site-packages/gastrobot_control-0.0.0-py3.12.egg-info/PKG-INFO
/home/gastrobot/gastrobot_ws/install/gastrobot_control/lib/python3.12/site-packages/gastrobot_control-0.0.0-py3.12.egg-info/entry_points.txt
/home/gastrobot/gastrobot_ws/install/gastrobot_control/lib/python3.12/site-packages/gastrobot_control-0.0.0-py3.12.egg-info/top_level.txt
/home/gastrobot/gastrobot_ws/install/gastrobot_control/lib/python3.12/site-packages/gastrobot_control-0.0.0-py3.12.egg-info/requires.txt
/home/gastrobot/gastrobot_ws/install/gastrobot_control/lib/python3.12/site-packages/gastrobot_control-0.0.0-py3.12.egg-info/zip-safe
/home/gastrobot/gastrobot_ws/install/gastrobot_control/lib/python3.12/site-packages/gastrobot_control-0.0.0-py3.12.egg-info/SOURCES.txt
/home/gastrobot/gastrobot_ws/install/gastrobot_control/lib/gastrobot_control/diff_drive_controller
/home/gastrobot/gastrobot_ws/install/gastrobot_control/lib/gastrobot_control/esp32_bridge_node
/home/gastrobot/gastrobot_ws/install/gastrobot_control/lib/gastrobot_control/gui_node
/home/gastrobot/gastrobot_ws/install/gastrobot_control/lib/gastrobot_control/imu_node
/home/gastrobot/gastrobot_ws/install/gastrobot_control/lib/gastrobot_control/joystick_control_node
/home/gastrobot/gastrobot_ws/install/gastrobot_control/lib/gastrobot_control/lift_node
/home/gastrobot/gastrobot_ws/install/gastrobot_control/lib/gastrobot_control/lift_serial_node
/home/gastrobot/gastrobot_ws/install/gastrobot_control/lib/gastrobot_control/motor_drive_node
/home/gastrobot/gastrobot_ws/install/gastrobot_control/lib/gastrobot_control/pid_tuner_node
/home/gastrobot/gastrobot_ws/install/gastrobot_control/lib/gastrobot_control/ultrasonic_node
/home/gastrobot/gastrobot_ws/install/gastrobot_control/lib/gastrobot_control/wheel_odometry_node
