running develop
running egg_info
creating gastrobot_control.egg-info
writing gastrobot_control.egg-info/PKG-INFO
writing dependency_links to gastrobot_control.egg-info/dependency_links.txt
writing entry points to gastrobot_control.egg-info/entry_points.txt
writing requirements to gastrobot_control.egg-info/requires.txt
writing top-level names to gastrobot_control.egg-info/top_level.txt
writing manifest file 'gastrobot_control.egg-info/SOURCES.txt'
reading manifest file 'gastrobot_control.egg-info/SOURCES.txt'
writing manifest file 'gastrobot_control.egg-info/SOURCES.txt'
running build_ext
Creating /home/gastrobot/gastrobot_ws/install/gastrobot_control/lib/python3.12/site-packages/gastrobot-control.egg-link (link to .)
Installing diff_drive_controller script to /home/gastrobot/gastrobot_ws/install/gastrobot_control/lib/gastrobot_control
Installing esp32_bridge_node script to /home/gastrobot/gastrobot_ws/install/gastrobot_control/lib/gastrobot_control
Installing gui_node script to /home/gastrobot/gastrobot_ws/install/gastrobot_control/lib/gastrobot_control
Installing imu_node script to /home/gastrobot/gastrobot_ws/install/gastrobot_control/lib/gastrobot_control
Installing joystick_control_node script to /home/gastrobot/gastrobot_ws/install/gastrobot_control/lib/gastrobot_control
Installing lift_node script to /home/gastrobot/gastrobot_ws/install/gastrobot_control/lib/gastrobot_control
Installing lift_serial_node script to /home/gastrobot/gastrobot_ws/install/gastrobot_control/lib/gastrobot_control
Installing motor_drive_node script to /home/gastrobot/gastrobot_ws/install/gastrobot_control/lib/gastrobot_control
Installing ultrasonic_node script to /home/gastrobot/gastrobot_ws/install/gastrobot_control/lib/gastrobot_control
Installing wheel_odometry_node script to /home/gastrobot/gastrobot_ws/install/gastrobot_control/lib/gastrobot_control

Installed /home/gastrobot/gastrobot_ws/build/gastrobot_control
running symlink_data
creating /home/gastrobot/gastrobot_ws/install/gastrobot_control/share/ament_index
creating /home/gastrobot/gastrobot_ws/install/gastrobot_control/share/ament_index/resource_index
creating /home/gastrobot/gastrobot_ws/install/gastrobot_control/share/ament_index/resource_index/packages
symbolically linking /home/gastrobot/gastrobot_ws/build/gastrobot_control/resource/gastrobot_control -> /home/gastrobot/gastrobot_ws/install/gastrobot_control/share/ament_index/resource_index/packages
symbolically linking /home/gastrobot/gastrobot_ws/build/gastrobot_control/package.xml -> /home/gastrobot/gastrobot_ws/install/gastrobot_control/share/gastrobot_control
