[10.487s] Invoking command in '/home/gastrobot/gastrobot_ws/build/gastrobot_control': PYTHONPATH=/home/gastrobot/gastrobot_ws/build/gastrobot_control/prefix_override:/usr/lib/python3/dist-packages/colcon_core/task/python/colcon_distutils_commands:/home/gastrobot/gastrobot_ws/install/gastrobot_control/lib/python3.12/site-packages:${PYTHONPATH} /usr/bin/python3 -W ignore:setup.py install is deprecated -W ignore:easy_install command is deprecated setup.py develop --editable --build-directory /home/gastrobot/gastrobot_ws/build/gastrobot_control/build --no-deps symlink_data
[13.496s] running develop
[15.196s] /usr/lib/python3/dist-packages/setuptools/command/easy_install.py:363: UserWarning: Unbuilt egg for pytest-repeat [unknown version] (/usr/lib/python3/dist-packages)
[15.197s]   self.local_index = Environment(self.shadow_path + sys.path)
[15.665s] running egg_info
[15.668s] creating gastrobot_control.egg-info
[15.882s] writing gastrobot_control.egg-info/PKG-INFO
[15.885s] writing dependency_links to gastrobot_control.egg-info/dependency_links.txt
[15.892s] writing entry points to gastrobot_control.egg-info/entry_points.txt
[15.897s] writing requirements to gastrobot_control.egg-info/requires.txt
[15.899s] writing top-level names to gastrobot_control.egg-info/top_level.txt
[15.900s] writing manifest file 'gastrobot_control.egg-info/SOURCES.txt'
[16.312s] reading manifest file 'gastrobot_control.egg-info/SOURCES.txt'
[16.318s] writing manifest file 'gastrobot_control.egg-info/SOURCES.txt'
[16.788s] running build_ext
[16.790s] Creating /home/gastrobot/gastrobot_ws/install/gastrobot_control/lib/python3.12/site-packages/gastrobot-control.egg-link (link to .)
[16.795s] Installing diff_drive_controller script to /home/gastrobot/gastrobot_ws/install/gastrobot_control/lib/gastrobot_control
[16.799s] Installing esp32_bridge_node script to /home/gastrobot/gastrobot_ws/install/gastrobot_control/lib/gastrobot_control
[16.803s] Installing gui_node script to /home/gastrobot/gastrobot_ws/install/gastrobot_control/lib/gastrobot_control
[16.804s] Installing imu_node script to /home/gastrobot/gastrobot_ws/install/gastrobot_control/lib/gastrobot_control
[16.806s] Installing joystick_control_node script to /home/gastrobot/gastrobot_ws/install/gastrobot_control/lib/gastrobot_control
[16.809s] Installing lift_node script to /home/gastrobot/gastrobot_ws/install/gastrobot_control/lib/gastrobot_control
[16.812s] Installing lift_serial_node script to /home/gastrobot/gastrobot_ws/install/gastrobot_control/lib/gastrobot_control
[16.817s] Installing motor_drive_node script to /home/gastrobot/gastrobot_ws/install/gastrobot_control/lib/gastrobot_control
[16.825s] Installing ultrasonic_node script to /home/gastrobot/gastrobot_ws/install/gastrobot_control/lib/gastrobot_control
[16.831s] Installing wheel_odometry_node script to /home/gastrobot/gastrobot_ws/install/gastrobot_control/lib/gastrobot_control
[16.833s] 
[16.836s] Installed /home/gastrobot/gastrobot_ws/build/gastrobot_control
[16.841s] running symlink_data
[16.846s] creating /home/gastrobot/gastrobot_ws/install/gastrobot_control/share/ament_index
[16.849s] creating /home/gastrobot/gastrobot_ws/install/gastrobot_control/share/ament_index/resource_index
[16.854s] creating /home/gastrobot/gastrobot_ws/install/gastrobot_control/share/ament_index/resource_index/packages
[16.870s] symbolically linking /home/gastrobot/gastrobot_ws/build/gastrobot_control/resource/gastrobot_control -> /home/gastrobot/gastrobot_ws/install/gastrobot_control/share/ament_index/resource_index/packages
[16.873s] symbolically linking /home/gastrobot/gastrobot_ws/build/gastrobot_control/package.xml -> /home/gastrobot/gastrobot_ws/install/gastrobot_control/share/gastrobot_control
[18.358s] Invoked command in '/home/gastrobot/gastrobot_ws/build/gastrobot_control' returned '0': PYTHONPATH=/home/gastrobot/gastrobot_ws/build/gastrobot_control/prefix_override:/usr/lib/python3/dist-packages/colcon_core/task/python/colcon_distutils_commands:/home/gastrobot/gastrobot_ws/install/gastrobot_control/lib/python3.12/site-packages:${PYTHONPATH} /usr/bin/python3 -W ignore:setup.py install is deprecated -W ignore:easy_install command is deprecated setup.py develop --editable --build-directory /home/gastrobot/gastrobot_ws/build/gastrobot_control/build --no-deps symlink_data
