[10.319s] Invoking command in '/home/gastrobot/gastrobot_ws/src/gastrobot_bringup': PYTHONPATH=/home/gastrobot/gastrobot_ws/build/gastrobot_bringup/prefix_override:/usr/lib/python3/dist-packages/colcon_core/task/python/colcon_distutils_commands:/home/gastrobot/gastrobot_ws/install/gastrobot_bringup/lib/python3.12/site-packages:${PYTHONPATH} /usr/bin/python3 -W ignore:setup.py install is deprecated -W ignore:easy_install command is deprecated setup.py egg_info --egg-base ../../build/gastrobot_bringup build --build-base /home/gastrobot/gastrobot_ws/build/gastrobot_bringup/build install --record /home/gastrobot/gastrobot_ws/build/gastrobot_bringup/install.log --single-version-externally-managed install_data
[13.093s] running egg_info
[13.307s] writing ../../build/gastrobot_bringup/gastrobot_bringup.egg-info/PKG-INFO
[13.308s] writing dependency_links to ../../build/gastrobot_bringup/gastrobot_bringup.egg-info/dependency_links.txt
[13.310s] writing requirements to ../../build/gastrobot_bringup/gastrobot_bringup.egg-info/requires.txt
[13.315s] writing top-level names to ../../build/gastrobot_bringup/gastrobot_bringup.egg-info/top_level.txt
[13.747s] reading manifest file '../../build/gastrobot_bringup/gastrobot_bringup.egg-info/SOURCES.txt'
[13.752s] writing manifest file '../../build/gastrobot_bringup/gastrobot_bringup.egg-info/SOURCES.txt'
[13.756s] running build
[13.757s] running build_py
[13.759s] running install
[13.788s] running install_lib
[14.003s] running install_data
[14.006s] copying launch/bringup.launch.py -> /home/gastrobot/gastrobot_ws/install/gastrobot_bringup/share/gastrobot_bringup/launch
[14.007s] running install_egg_info
[14.225s] removing '/home/gastrobot/gastrobot_ws/install/gastrobot_bringup/lib/python3.12/site-packages/gastrobot_bringup-0.0.0-py3.12.egg-info' (and everything under it)
[14.228s] Copying ../../build/gastrobot_bringup/gastrobot_bringup.egg-info to /home/gastrobot/gastrobot_ws/install/gastrobot_bringup/lib/python3.12/site-packages/gastrobot_bringup-0.0.0-py3.12.egg-info
[14.237s] running install_scripts
[15.683s] writing list of installed files to '/home/gastrobot/gastrobot_ws/build/gastrobot_bringup/install.log'
[15.914s] Invoked command in '/home/gastrobot/gastrobot_ws/src/gastrobot_bringup' returned '0': PYTHONPATH=/home/gastrobot/gastrobot_ws/build/gastrobot_bringup/prefix_override:/usr/lib/python3/dist-packages/colcon_core/task/python/colcon_distutils_commands:/home/gastrobot/gastrobot_ws/install/gastrobot_bringup/lib/python3.12/site-packages:${PYTHONPATH} /usr/bin/python3 -W ignore:setup.py install is deprecated -W ignore:easy_install command is deprecated setup.py egg_info --egg-base ../../build/gastrobot_bringup build --build-base /home/gastrobot/gastrobot_ws/build/gastrobot_bringup/build install --record /home/gastrobot/gastrobot_ws/build/gastrobot_bringup/install.log --single-version-externally-managed install_data
