[4.950s] Invoking command in '/home/gastrobot/gastrobot_ws/src/gastrobot_control': PYTHONPATH=/home/gastrobot/gastrobot_ws/build/gastrobot_control/prefix_override:/usr/lib/python3/dist-packages/colcon_core/task/python/colcon_distutils_commands:/home/gastrobot/gastrobot_ws/install/gastrobot_control/lib/python3.12/site-packages:${PYTHONPATH} /usr/bin/python3 -W ignore:setup.py install is deprecated -W ignore:easy_install command is deprecated setup.py egg_info --egg-base ../../build/gastrobot_control build --build-base /home/gastrobot/gastrobot_ws/build/gastrobot_control/build install --record /home/gastrobot/gastrobot_ws/build/gastrobot_control/install.log --single-version-externally-managed install_data
[6.657s] running egg_info
[6.792s] writing ../../build/gastrobot_control/gastrobot_control.egg-info/PKG-INFO
[6.793s] writing dependency_links to ../../build/gastrobot_control/gastrobot_control.egg-info/dependency_links.txt
[6.796s] writing entry points to ../../build/gastrobot_control/gastrobot_control.egg-info/entry_points.txt
[6.797s] writing requirements to ../../build/gastrobot_control/gastrobot_control.egg-info/requires.txt
[6.797s] writing top-level names to ../../build/gastrobot_control/gastrobot_control.egg-info/top_level.txt
[7.074s] reading manifest file '../../build/gastrobot_control/gastrobot_control.egg-info/SOURCES.txt'
[7.078s] writing manifest file '../../build/gastrobot_control/gastrobot_control.egg-info/SOURCES.txt'
[7.079s] running build
[7.079s] running build_py
[7.081s] copying gastrobot_control/joystick_control_node.py -> /home/gastrobot/gastrobot_ws/build/gastrobot_control/build/lib/gastrobot_control
[7.084s] running install
[7.110s] running install_lib
[7.252s] copying /home/gastrobot/gastrobot_ws/build/gastrobot_control/build/lib/gastrobot_control/joystick_control_node.py -> /home/gastrobot/gastrobot_ws/install/gastrobot_control/lib/python3.12/site-packages/gastrobot_control
[7.257s] byte-compiling /home/gastrobot/gastrobot_ws/install/gastrobot_control/lib/python3.12/site-packages/gastrobot_control/joystick_control_node.py to joystick_control_node.cpython-312.pyc
[7.264s] running install_data
[7.264s] running install_egg_info
[7.407s] removing '/home/gastrobot/gastrobot_ws/install/gastrobot_control/lib/python3.12/site-packages/gastrobot_control-0.0.0-py3.12.egg-info' (and everything under it)
[7.408s] Copying ../../build/gastrobot_control/gastrobot_control.egg-info to /home/gastrobot/gastrobot_ws/install/gastrobot_control/lib/python3.12/site-packages/gastrobot_control-0.0.0-py3.12.egg-info
[7.415s] running install_scripts
[8.433s] Installing diff_drive_controller script to /home/gastrobot/gastrobot_ws/install/gastrobot_control/lib/gastrobot_control
[8.434s] Installing esp32_bridge_node script to /home/gastrobot/gastrobot_ws/install/gastrobot_control/lib/gastrobot_control
[8.435s] Installing gui_node script to /home/gastrobot/gastrobot_ws/install/gastrobot_control/lib/gastrobot_control
[8.436s] Installing imu_node script to /home/gastrobot/gastrobot_ws/install/gastrobot_control/lib/gastrobot_control
[8.437s] Installing joystick_control_node script to /home/gastrobot/gastrobot_ws/install/gastrobot_control/lib/gastrobot_control
[8.438s] Installing lift_node script to /home/gastrobot/gastrobot_ws/install/gastrobot_control/lib/gastrobot_control
[8.439s] Installing lift_serial_node script to /home/gastrobot/gastrobot_ws/install/gastrobot_control/lib/gastrobot_control
[8.440s] Installing motor_drive_node script to /home/gastrobot/gastrobot_ws/install/gastrobot_control/lib/gastrobot_control
[8.442s] Installing ultrasonic_node script to /home/gastrobot/gastrobot_ws/install/gastrobot_control/lib/gastrobot_control
[8.443s] Installing wheel_odometry_node script to /home/gastrobot/gastrobot_ws/install/gastrobot_control/lib/gastrobot_control
[8.445s] writing list of installed files to '/home/gastrobot/gastrobot_ws/build/gastrobot_control/install.log'
[8.604s] Invoked command in '/home/gastrobot/gastrobot_ws/src/gastrobot_control' returned '0': PYTHONPATH=/home/gastrobot/gastrobot_ws/build/gastrobot_control/prefix_override:/usr/lib/python3/dist-packages/colcon_core/task/python/colcon_distutils_commands:/home/gastrobot/gastrobot_ws/install/gastrobot_control/lib/python3.12/site-packages:${PYTHONPATH} /usr/bin/python3 -W ignore:setup.py install is deprecated -W ignore:easy_install command is deprecated setup.py egg_info --egg-base ../../build/gastrobot_control build --build-base /home/gastrobot/gastrobot_ws/build/gastrobot_control/build install --record /home/gastrobot/gastrobot_ws/build/gastrobot_control/install.log --single-version-externally-managed install_data
