[1.287s] Invoking command in '/home/gastrobot/gastrobot_ws/build/rplidar_ros': CMAKE_PREFIX_PATH=${CMAKE_PREFIX_PATH}:/home/gastrobot/gastrobot_ws/install/gastrobot_perception:/home/gastrobot/gastrobot_ws/install/gastrobot_navigation:/home/gastrobot/gastrobot_ws/install/gastrobot_gui:/home/gastrobot/gastrobot_ws/install/gastrobot_control:/home/gastrobot/gastrobot_ws/install/gastrobot_bringup:/home/gastrobot/gastrobot_ws_clean/install/gastrobot_control:/home/gastrobot/gastrobot_ws_clean/install/gastrobot_bringup:/opt/ros/jazzy /usr/bin/cmake --build /home/gastrobot/gastrobot_ws/build/rplidar_ros -- -j4 -l4
[1.724s] [  5%] Built target rplidar_client
[1.747s] [ 52%] Built target rplidar_node
[1.751s] [100%] Built target rplidar_composition
[1.828s] Invoked command in '/home/gastrobot/gastrobot_ws/build/rplidar_ros' returned '0': CMAKE_PREFIX_PATH=${CMAKE_PREFIX_PATH}:/home/gastrobot/gastrobot_ws/install/gastrobot_perception:/home/gastrobot/gastrobot_ws/install/gastrobot_navigation:/home/gastrobot/gastrobot_ws/install/gastrobot_gui:/home/gastrobot/gastrobot_ws/install/gastrobot_control:/home/gastrobot/gastrobot_ws/install/gastrobot_bringup:/home/gastrobot/gastrobot_ws_clean/install/gastrobot_control:/home/gastrobot/gastrobot_ws_clean/install/gastrobot_bringup:/opt/ros/jazzy /usr/bin/cmake --build /home/gastrobot/gastrobot_ws/build/rplidar_ros -- -j4 -l4
[1.897s] Invoking command in '/home/gastrobot/gastrobot_ws/build/rplidar_ros': CMAKE_PREFIX_PATH=${CMAKE_PREFIX_PATH}:/home/gastrobot/gastrobot_ws/install/gastrobot_perception:/home/gastrobot/gastrobot_ws/install/gastrobot_navigation:/home/gastrobot/gastrobot_ws/install/gastrobot_gui:/home/gastrobot/gastrobot_ws/install/gastrobot_control:/home/gastrobot/gastrobot_ws/install/gastrobot_bringup:/home/gastrobot/gastrobot_ws_clean/install/gastrobot_control:/home/gastrobot/gastrobot_ws_clean/install/gastrobot_bringup:/opt/ros/jazzy /usr/bin/cmake --install /home/gastrobot/gastrobot_ws/build/rplidar_ros
[1.955s] -- Install configuration: ""
[1.957s] -- Execute custom install script
[1.961s] -- Up-to-date symlink: /home/gastrobot/gastrobot_ws/install/rplidar_ros/share/rplidar_ros/launch/rplidar_a1_launch.py
[1.962s] -- Up-to-date symlink: /home/gastrobot/gastrobot_ws/install/rplidar_ros/share/rplidar_ros/launch/rplidar_a2m12_launch.py
[1.963s] -- Up-to-date symlink: /home/gastrobot/gastrobot_ws/install/rplidar_ros/share/rplidar_ros/launch/rplidar_a2m7_launch.py
[1.964s] -- Up-to-date symlink: /home/gastrobot/gastrobot_ws/install/rplidar_ros/share/rplidar_ros/launch/rplidar_a2m8_launch.py
[1.965s] -- Up-to-date symlink: /home/gastrobot/gastrobot_ws/install/rplidar_ros/share/rplidar_ros/launch/rplidar_a3_launch.py
[1.966s] -- Up-to-date symlink: /home/gastrobot/gastrobot_ws/install/rplidar_ros/share/rplidar_ros/launch/rplidar_c1_launch.py
[1.967s] -- Up-to-date symlink: /home/gastrobot/gastrobot_ws/install/rplidar_ros/share/rplidar_ros/launch/rplidar_s1_launch.py
[1.968s] -- Up-to-date symlink: /home/gastrobot/gastrobot_ws/install/rplidar_ros/share/rplidar_ros/launch/rplidar_s1_tcp_launch.py
[1.969s] -- Up-to-date symlink: /home/gastrobot/gastrobot_ws/install/rplidar_ros/share/rplidar_ros/launch/rplidar_s2_launch.py
[1.969s] -- Up-to-date symlink: /home/gastrobot/gastrobot_ws/install/rplidar_ros/share/rplidar_ros/launch/rplidar_s2e_launch.py
[1.970s] -- Up-to-date symlink: /home/gastrobot/gastrobot_ws/install/rplidar_ros/share/rplidar_ros/launch/rplidar_s3_launch.py
[1.971s] -- Up-to-date symlink: /home/gastrobot/gastrobot_ws/install/rplidar_ros/share/rplidar_ros/launch/rplidar_t1_launch.py
[1.972s] -- Up-to-date symlink: /home/gastrobot/gastrobot_ws/install/rplidar_ros/share/rplidar_ros/launch/view_rplidar_a1_launch.py
[1.973s] -- Up-to-date symlink: /home/gastrobot/gastrobot_ws/install/rplidar_ros/share/rplidar_ros/launch/view_rplidar_a2m12_launch.py
[1.974s] -- Up-to-date symlink: /home/gastrobot/gastrobot_ws/install/rplidar_ros/share/rplidar_ros/launch/view_rplidar_a2m7_launch.py
[1.975s] -- Up-to-date symlink: /home/gastrobot/gastrobot_ws/install/rplidar_ros/share/rplidar_ros/launch/view_rplidar_a2m8_launch.py
[1.976s] -- Up-to-date symlink: /home/gastrobot/gastrobot_ws/install/rplidar_ros/share/rplidar_ros/launch/view_rplidar_a3_launch.py
[1.977s] -- Up-to-date symlink: /home/gastrobot/gastrobot_ws/install/rplidar_ros/share/rplidar_ros/launch/view_rplidar_c1_launch.py
[1.978s] -- Up-to-date symlink: /home/gastrobot/gastrobot_ws/install/rplidar_ros/share/rplidar_ros/launch/view_rplidar_s1_launch.py
[1.979s] -- Up-to-date symlink: /home/gastrobot/gastrobot_ws/install/rplidar_ros/share/rplidar_ros/launch/view_rplidar_s1_tcp_launch.py
[1.980s] -- Up-to-date symlink: /home/gastrobot/gastrobot_ws/install/rplidar_ros/share/rplidar_ros/launch/view_rplidar_s2_launch.py
[1.980s] -- Up-to-date symlink: /home/gastrobot/gastrobot_ws/install/rplidar_ros/share/rplidar_ros/launch/view_rplidar_s2e_launch.py
[1.981s] -- Up-to-date symlink: /home/gastrobot/gastrobot_ws/install/rplidar_ros/share/rplidar_ros/launch/view_rplidar_s3_launch.py
[1.982s] -- Up-to-date symlink: /home/gastrobot/gastrobot_ws/install/rplidar_ros/share/rplidar_ros/launch/view_rplidar_t1_launch.py
[1.984s] -- Up-to-date symlink: /home/gastrobot/gastrobot_ws/install/rplidar_ros/share/rplidar_ros/rviz/rplidar_ros.rviz
[1.986s] -- Up-to-date symlink: /home/gastrobot/gastrobot_ws/install/rplidar_ros/lib/rplidar_ros/rplidar_node
[1.987s] -- Up-to-date symlink: /home/gastrobot/gastrobot_ws/install/rplidar_ros/lib/rplidar_ros/rplidar_composition
[1.988s] -- Up-to-date symlink: /home/gastrobot/gastrobot_ws/install/rplidar_ros/lib/rplidar_ros/rplidar_client
[1.989s] -- Up-to-date symlink: /home/gastrobot/gastrobot_ws/install/rplidar_ros/share/ament_index/resource_index/package_run_dependencies/rplidar_ros
[1.991s] -- Up-to-date symlink: /home/gastrobot/gastrobot_ws/install/rplidar_ros/share/ament_index/resource_index/parent_prefix_path/rplidar_ros
[1.992s] -- Up-to-date symlink: /home/gastrobot/gastrobot_ws/install/rplidar_ros/share/rplidar_ros/environment/ament_prefix_path.sh
[1.993s] -- Up-to-date symlink: /home/gastrobot/gastrobot_ws/install/rplidar_ros/share/rplidar_ros/environment/ament_prefix_path.dsv
[1.994s] -- Up-to-date symlink: /home/gastrobot/gastrobot_ws/install/rplidar_ros/share/rplidar_ros/environment/path.sh
[1.995s] -- Up-to-date symlink: /home/gastrobot/gastrobot_ws/install/rplidar_ros/share/rplidar_ros/environment/path.dsv
[1.996s] -- Up-to-date symlink: /home/gastrobot/gastrobot_ws/install/rplidar_ros/share/rplidar_ros/local_setup.bash
[1.998s] -- Up-to-date symlink: /home/gastrobot/gastrobot_ws/install/rplidar_ros/share/rplidar_ros/local_setup.sh
[1.999s] -- Up-to-date symlink: /home/gastrobot/gastrobot_ws/install/rplidar_ros/share/rplidar_ros/local_setup.zsh
[2.000s] -- Up-to-date symlink: /home/gastrobot/gastrobot_ws/install/rplidar_ros/share/rplidar_ros/local_setup.dsv
[2.001s] -- Symlinking: /home/gastrobot/gastrobot_ws/install/rplidar_ros/share/rplidar_ros/package.dsv
[2.067s] -- Up-to-date symlink: /home/gastrobot/gastrobot_ws/install/rplidar_ros/share/ament_index/resource_index/packages/rplidar_ros
[2.069s] -- Up-to-date symlink: /home/gastrobot/gastrobot_ws/install/rplidar_ros/share/rplidar_ros/cmake/ament_cmake_export_dependencies-extras.cmake
[2.070s] -- Up-to-date symlink: /home/gastrobot/gastrobot_ws/install/rplidar_ros/share/rplidar_ros/cmake/ament_cmake_export_include_directories-extras.cmake
[2.071s] -- Up-to-date symlink: /home/gastrobot/gastrobot_ws/install/rplidar_ros/share/rplidar_ros/cmake/rplidar_rosConfig.cmake
[2.072s] -- Up-to-date symlink: /home/gastrobot/gastrobot_ws/install/rplidar_ros/share/rplidar_ros/cmake/rplidar_rosConfig-version.cmake
[2.073s] -- Up-to-date symlink: /home/gastrobot/gastrobot_ws/install/rplidar_ros/share/rplidar_ros/package.xml
[2.081s] Invoked command in '/home/gastrobot/gastrobot_ws/build/rplidar_ros' returned '0': CMAKE_PREFIX_PATH=${CMAKE_PREFIX_PATH}:/home/gastrobot/gastrobot_ws/install/gastrobot_perception:/home/gastrobot/gastrobot_ws/install/gastrobot_navigation:/home/gastrobot/gastrobot_ws/install/gastrobot_gui:/home/gastrobot/gastrobot_ws/install/gastrobot_control:/home/gastrobot/gastrobot_ws/install/gastrobot_bringup:/home/gastrobot/gastrobot_ws_clean/install/gastrobot_control:/home/gastrobot/gastrobot_ws_clean/install/gastrobot_bringup:/opt/ros/jazzy /usr/bin/cmake --install /home/gastrobot/gastrobot_ws/build/rplidar_ros
