running develop
/usr/lib/python3/dist-packages/setuptools/command/easy_install.py:363: UserWarning: Unbuilt egg for pytest-repeat [unknown version] (/usr/lib/python3/dist-packages)
  self.local_index = Environment(self.shadow_path + sys.path)
Removing /home/gastrobot/gastrobot_ws/install/gastrobot_bringup/lib/python3.12/site-packages/gastrobot-bringup.egg-link (link to .)
running egg_info
writing ../../build/gastrobot_bringup/gastrobot_bringup.egg-info/PKG-INFO
writing dependency_links to ../../build/gastrobot_bringup/gastrobot_bringup.egg-info/dependency_links.txt
writing requirements to ../../build/gastrobot_bringup/gastrobot_bringup.egg-info/requires.txt
writing top-level names to ../../build/gastrobot_bringup/gastrobot_bringup.egg-info/top_level.txt
reading manifest file '../../build/gastrobot_bringup/gastrobot_bringup.egg-info/SOURCES.txt'
writing manifest file '../../build/gastrobot_bringup/gastrobot_bringup.egg-info/SOURCES.txt'
running build
running build_py
creating /home/gastrobot/gastrobot_ws/build/gastrobot_bringup/build
creating /home/gastrobot/gastrobot_ws/build/gastrobot_bringup/build/lib
creating /home/gastrobot/gastrobot_ws/build/gastrobot_bringup/build/lib/gastrobot_bringup
copying gastrobot_bringup/__init__.py -> /home/gastrobot/gastrobot_ws/build/gastrobot_bringup/build/lib/gastrobot_bringup
running install
running install_lib
creating /home/gastrobot/gastrobot_ws/install/gastrobot_bringup/lib/python3.12/site-packages/gastrobot_bringup
copying /home/gastrobot/gastrobot_ws/build/gastrobot_bringup/build/lib/gastrobot_bringup/__init__.py -> /home/gastrobot/gastrobot_ws/install/gastrobot_bringup/lib/python3.12/site-packages/gastrobot_bringup
byte-compiling /home/gastrobot/gastrobot_ws/install/gastrobot_bringup/lib/python3.12/site-packages/gastrobot_bringup/__init__.py to __init__.cpython-312.pyc
running install_data
copying resource/gastrobot_bringup -> /home/gastrobot/gastrobot_ws/install/gastrobot_bringup/share/ament_index/resource_index/packages
copying package.xml -> /home/gastrobot/gastrobot_ws/install/gastrobot_bringup/share/gastrobot_bringup
copying launch/bringup.launch.py -> /home/gastrobot/gastrobot_ws/install/gastrobot_bringup/share/gastrobot_bringup/launch
running install_egg_info
Copying ../../build/gastrobot_bringup/gastrobot_bringup.egg-info to /home/gastrobot/gastrobot_ws/install/gastrobot_bringup/lib/python3.12/site-packages/gastrobot_bringup-0.0.0-py3.12.egg-info
running install_scripts
writing list of installed files to '/home/gastrobot/gastrobot_ws/build/gastrobot_bringup/install.log'
