[10.556s] Invoking command in '/home/gastrobot/gastrobot_ws/build/gastrobot_bringup': PYTHONPATH=/home/gastrobot/gastrobot_ws/build/gastrobot_bringup/prefix_override:/usr/lib/python3/dist-packages/colcon_core/task/python/colcon_distutils_commands:/home/gastrobot/gastrobot_ws/install/gastrobot_bringup/lib/python3.12/site-packages:${PYTHONPATH} /usr/bin/python3 -W ignore:setup.py install is deprecated -W ignore:easy_install command is deprecated setup.py develop --uninstall --editable --build-directory /home/gastrobot/gastrobot_ws/build/gastrobot_bringup/build
[13.421s] running develop
[15.179s] /usr/lib/python3/dist-packages/setuptools/command/easy_install.py:363: UserWarning: Unbuilt egg for pytest-repeat [unknown version] (/usr/lib/python3/dist-packages)
[15.180s]   self.local_index = Environment(self.shadow_path + sys.path)
[15.688s] Removing /home/gastrobot/gastrobot_ws/install/gastrobot_bringup/lib/python3.12/site-packages/gastrobot-bringup.egg-link (link to .)
[16.036s] Invoked command in '/home/gastrobot/gastrobot_ws/build/gastrobot_bringup' returned '0': PYTHONPATH=/home/gastrobot/gastrobot_ws/build/gastrobot_bringup/prefix_override:/usr/lib/python3/dist-packages/colcon_core/task/python/colcon_distutils_commands:/home/gastrobot/gastrobot_ws/install/gastrobot_bringup/lib/python3.12/site-packages:${PYTHONPATH} /usr/bin/python3 -W ignore:setup.py install is deprecated -W ignore:easy_install command is deprecated setup.py develop --uninstall --editable --build-directory /home/gastrobot/gastrobot_ws/build/gastrobot_bringup/build
[16.043s] Invoking command in '/home/gastrobot/gastrobot_ws/src/gastrobot_bringup': PYTHONPATH=/home/gastrobot/gastrobot_ws/build/gastrobot_bringup/prefix_override:/usr/lib/python3/dist-packages/colcon_core/task/python/colcon_distutils_commands:/home/gastrobot/gastrobot_ws/install/gastrobot_bringup/lib/python3.12/site-packages:${PYTHONPATH} /usr/bin/python3 -W ignore:setup.py install is deprecated -W ignore:easy_install command is deprecated setup.py egg_info --egg-base ../../build/gastrobot_bringup build --build-base /home/gastrobot/gastrobot_ws/build/gastrobot_bringup/build install --record /home/gastrobot/gastrobot_ws/build/gastrobot_bringup/install.log --single-version-externally-managed install_data --force
[18.560s] running egg_info
[18.769s] writing ../../build/gastrobot_bringup/gastrobot_bringup.egg-info/PKG-INFO
[18.769s] writing dependency_links to ../../build/gastrobot_bringup/gastrobot_bringup.egg-info/dependency_links.txt
[18.775s] writing requirements to ../../build/gastrobot_bringup/gastrobot_bringup.egg-info/requires.txt
[18.775s] writing top-level names to ../../build/gastrobot_bringup/gastrobot_bringup.egg-info/top_level.txt
[19.184s] reading manifest file '../../build/gastrobot_bringup/gastrobot_bringup.egg-info/SOURCES.txt'
[19.189s] writing manifest file '../../build/gastrobot_bringup/gastrobot_bringup.egg-info/SOURCES.txt'
[19.190s] running build
[19.190s] running build_py
[19.193s] creating /home/gastrobot/gastrobot_ws/build/gastrobot_bringup/build
[19.194s] creating /home/gastrobot/gastrobot_ws/build/gastrobot_bringup/build/lib
[19.195s] creating /home/gastrobot/gastrobot_ws/build/gastrobot_bringup/build/lib/gastrobot_bringup
[19.195s] copying gastrobot_bringup/__init__.py -> /home/gastrobot/gastrobot_ws/build/gastrobot_bringup/build/lib/gastrobot_bringup
[19.196s] running install
[19.231s] running install_lib
[19.442s] creating /home/gastrobot/gastrobot_ws/install/gastrobot_bringup/lib/python3.12/site-packages/gastrobot_bringup
[19.443s] copying /home/gastrobot/gastrobot_ws/build/gastrobot_bringup/build/lib/gastrobot_bringup/__init__.py -> /home/gastrobot/gastrobot_ws/install/gastrobot_bringup/lib/python3.12/site-packages/gastrobot_bringup
[19.447s] byte-compiling /home/gastrobot/gastrobot_ws/install/gastrobot_bringup/lib/python3.12/site-packages/gastrobot_bringup/__init__.py to __init__.cpython-312.pyc
[19.451s] running install_data
[19.452s] copying resource/gastrobot_bringup -> /home/gastrobot/gastrobot_ws/install/gastrobot_bringup/share/ament_index/resource_index/packages
[19.453s] copying package.xml -> /home/gastrobot/gastrobot_ws/install/gastrobot_bringup/share/gastrobot_bringup
[19.454s] copying launch/bringup.launch.py -> /home/gastrobot/gastrobot_ws/install/gastrobot_bringup/share/gastrobot_bringup/launch
[19.454s] running install_egg_info
[19.674s] Copying ../../build/gastrobot_bringup/gastrobot_bringup.egg-info to /home/gastrobot/gastrobot_ws/install/gastrobot_bringup/lib/python3.12/site-packages/gastrobot_bringup-0.0.0-py3.12.egg-info
[19.680s] running install_scripts
[21.074s] writing list of installed files to '/home/gastrobot/gastrobot_ws/build/gastrobot_bringup/install.log'
[21.388s] Invoked command in '/home/gastrobot/gastrobot_ws/src/gastrobot_bringup' returned '0': PYTHONPATH=/home/gastrobot/gastrobot_ws/build/gastrobot_bringup/prefix_override:/usr/lib/python3/dist-packages/colcon_core/task/python/colcon_distutils_commands:/home/gastrobot/gastrobot_ws/install/gastrobot_bringup/lib/python3.12/site-packages:${PYTHONPATH} /usr/bin/python3 -W ignore:setup.py install is deprecated -W ignore:easy_install command is deprecated setup.py egg_info --egg-base ../../build/gastrobot_bringup build --build-base /home/gastrobot/gastrobot_ws/build/gastrobot_bringup/build install --record /home/gastrobot/gastrobot_ws/build/gastrobot_bringup/install.log --single-version-externally-managed install_data --force
