[4.955s] Invoking command in '/home/gastrobot/gastrobot_ws/src/gastrobot_control': PYTHONPATH=/home/gastrobot/gastrobot_ws/build/gastrobot_control/prefix_override:/usr/lib/python3/dist-packages/colcon_core/task/python/colcon_distutils_commands:/home/gastrobot/gastrobot_ws/install/gastrobot_control/lib/python3.12/site-packages:${PYTHONPATH} /usr/bin/python3 -W ignore:setup.py install is deprecated -W ignore:easy_install command is deprecated setup.py egg_info --egg-base ../../build/gastrobot_control build --build-base /home/gastrobot/gastrobot_ws/build/gastrobot_control/build install --record /home/gastrobot/gastrobot_ws/build/gastrobot_control/install.log --single-version-externally-managed install_data
[6.564s] running egg_info
[6.690s] writing ../../build/gastrobot_control/gastrobot_control.egg-info/PKG-INFO
[6.691s] writing dependency_links to ../../build/gastrobot_control/gastrobot_control.egg-info/dependency_links.txt
[6.694s] writing entry points to ../../build/gastrobot_control/gastrobot_control.egg-info/entry_points.txt
[6.695s] writing requirements to ../../build/gastrobot_control/gastrobot_control.egg-info/requires.txt
[6.696s] writing top-level names to ../../build/gastrobot_control/gastrobot_control.egg-info/top_level.txt
[6.959s] reading manifest file '../../build/gastrobot_control/gastrobot_control.egg-info/SOURCES.txt'
[6.963s] writing manifest file '../../build/gastrobot_control/gastrobot_control.egg-info/SOURCES.txt'
[6.964s] running build
[6.964s] running build_py
[6.965s] copying gastrobot_control/joystick_control_node.py -> /home/gastrobot/gastrobot_ws/build/gastrobot_control/build/lib/gastrobot_control
[6.968s] running install
[6.994s] running install_lib
[7.124s] copying /home/gastrobot/gastrobot_ws/build/gastrobot_control/build/lib/gastrobot_control/joystick_control_node.py -> /home/gastrobot/gastrobot_ws/install/gastrobot_control/lib/python3.12/site-packages/gastrobot_control
[7.129s] byte-compiling /home/gastrobot/gastrobot_ws/install/gastrobot_control/lib/python3.12/site-packages/gastrobot_control/joystick_control_node.py to joystick_control_node.cpython-312.pyc
[7.135s] running install_data
[7.135s] running install_egg_info
[7.270s] removing '/home/gastrobot/gastrobot_ws/install/gastrobot_control/lib/python3.12/site-packages/gastrobot_control-0.0.0-py3.12.egg-info' (and everything under it)
[7.272s] Copying ../../build/gastrobot_control/gastrobot_control.egg-info to /home/gastrobot/gastrobot_ws/install/gastrobot_control/lib/python3.12/site-packages/gastrobot_control-0.0.0-py3.12.egg-info
[7.278s] running install_scripts
[8.249s] Installing diff_drive_controller script to /home/gastrobot/gastrobot_ws/install/gastrobot_control/lib/gastrobot_control
[8.250s] Installing esp32_bridge_node script to /home/gastrobot/gastrobot_ws/install/gastrobot_control/lib/gastrobot_control
[8.251s] Installing gui_node script to /home/gastrobot/gastrobot_ws/install/gastrobot_control/lib/gastrobot_control
[8.252s] Installing imu_node script to /home/gastrobot/gastrobot_ws/install/gastrobot_control/lib/gastrobot_control
[8.253s] Installing joystick_control_node script to /home/gastrobot/gastrobot_ws/install/gastrobot_control/lib/gastrobot_control
[8.254s] Installing lift_node script to /home/gastrobot/gastrobot_ws/install/gastrobot_control/lib/gastrobot_control
[8.255s] Installing lift_serial_node script to /home/gastrobot/gastrobot_ws/install/gastrobot_control/lib/gastrobot_control
[8.256s] Installing motor_drive_node script to /home/gastrobot/gastrobot_ws/install/gastrobot_control/lib/gastrobot_control
[8.257s] Installing ultrasonic_node script to /home/gastrobot/gastrobot_ws/install/gastrobot_control/lib/gastrobot_control
[8.258s] Installing wheel_odometry_node script to /home/gastrobot/gastrobot_ws/install/gastrobot_control/lib/gastrobot_control
[8.265s] writing list of installed files to '/home/gastrobot/gastrobot_ws/build/gastrobot_control/install.log'
[8.420s] Invoked command in '/home/gastrobot/gastrobot_ws/src/gastrobot_control' returned '0': PYTHONPATH=/home/gastrobot/gastrobot_ws/build/gastrobot_control/prefix_override:/usr/lib/python3/dist-packages/colcon_core/task/python/colcon_distutils_commands:/home/gastrobot/gastrobot_ws/install/gastrobot_control/lib/python3.12/site-packages:${PYTHONPATH} /usr/bin/python3 -W ignore:setup.py install is deprecated -W ignore:easy_install command is deprecated setup.py egg_info --egg-base ../../build/gastrobot_control build --build-base /home/gastrobot/gastrobot_ws/build/gastrobot_control/build install --record /home/gastrobot/gastrobot_ws/build/gastrobot_control/install.log --single-version-externally-managed install_data
