[0.521s] DEBUG:colcon:Command line arguments: ['/usr/bin/colcon', 'build', '--symlink-install']
[0.521s] DEBUG:colcon:Parsed command line arguments: Namespace(log_base=None, log_level=None, verb_name='build', build_base='build', install_base='install', merge_install=False, symlink_install=True, test_result_base=None, continue_on_error=False, executor='parallel', parallel_workers=4, event_handlers=None, ignore_user_meta=False, metas=['./colcon.meta'], base_paths=['.'], packages_ignore=None, packages_ignore_regex=None, paths=None, packages_up_to=None, packages_up_to_regex=None, packages_above=None, packages_above_and_dependencies=None, packages_above_depth=None, packages_select_by_dep=None, packages_skip_by_dep=None, packages_skip_up_to=None, packages_select_build_failed=False, packages_skip_build_finished=False, packages_select_test_failures=False, packages_skip_test_passed=False, packages_select=None, packages_skip=None, packages_select_regex=None, packages_skip_regex=None, packages_start=None, packages_end=None, allow_overriding=[], cmake_args=None, cmake_target=None, cmake_target_skip_unavailable=False, cmake_clean_cache=False, cmake_clean_first=False, cmake_force_configure=False, ament_cmake_args=None, catkin_cmake_args=None, catkin_skip_building_tests=False, mixin_files=None, mixin=None, verb_parser=<colcon_mixin.mixin.mixin_argument.MixinArgumentDecorator object at 0xffff9f5f3fe0>, verb_extension=<colcon_core.verb.build.BuildVerb object at 0xffff9eac74d0>, main=<bound method BuildVerb.main of <colcon_core.verb.build.BuildVerb object at 0xffff9eac74d0>>, mixin_verb=('build',))
[0.697s] Level 1:colcon.colcon_core.package_discovery:discover_packages(colcon_meta) check parameters
[0.698s] Level 1:colcon.colcon_core.package_discovery:discover_packages(recursive) check parameters
[0.698s] Level 1:colcon.colcon_core.package_discovery:discover_packages(ignore) check parameters
[0.698s] Level 1:colcon.colcon_core.package_discovery:discover_packages(path) check parameters
[0.698s] Level 1:colcon.colcon_core.package_discovery:discover_packages(colcon_meta) discover
[0.699s] Level 1:colcon.colcon_core.package_discovery:discover_packages(recursive) discover
[0.699s] INFO:colcon.colcon_core.package_discovery:Crawling recursively for packages in '/home/gastrobot/gastrobot_ws'
[0.699s] Level 1:colcon.colcon_core.package_identification:_identify(.) by extensions ['ignore', 'ignore_ament_install']
[0.699s] Level 1:colcon.colcon_core.package_identification:_identify(.) by extension 'ignore'
[0.700s] Level 1:colcon.colcon_core.package_identification:_identify(.) by extension 'ignore_ament_install'
[0.700s] Level 1:colcon.colcon_core.package_identification:_identify(.) by extensions ['colcon_pkg']
[0.700s] Level 1:colcon.colcon_core.package_identification:_identify(.) by extension 'colcon_pkg'
[0.700s] Level 1:colcon.colcon_core.package_identification:_identify(.) by extensions ['colcon_meta']
[0.700s] Level 1:colcon.colcon_core.package_identification:_identify(.) by extension 'colcon_meta'
[0.700s] Level 1:colcon.colcon_core.package_identification:_identify(.) by extensions ['ros']
[0.700s] Level 1:colcon.colcon_core.package_identification:_identify(.) by extension 'ros'
[0.808s] Level 1:colcon.colcon_core.package_identification:_identify(.) by extensions ['cmake', 'python']
[0.808s] Level 1:colcon.colcon_core.package_identification:_identify(.) by extension 'cmake'
[0.808s] Level 1:colcon.colcon_core.package_identification:_identify(.) by extension 'python'
[0.808s] Level 1:colcon.colcon_core.package_identification:_identify(.) by extensions ['python_setup_py']
[0.808s] Level 1:colcon.colcon_core.package_identification:_identify(.) by extension 'python_setup_py'
[0.809s] Level 1:colcon.colcon_core.package_identification:_identify(build) by extensions ['ignore', 'ignore_ament_install']
[0.809s] Level 1:colcon.colcon_core.package_identification:_identify(build) by extension 'ignore'
[0.809s] Level 1:colcon.colcon_core.package_identification:_identify(build) ignored
[0.810s] Level 1:colcon.colcon_core.package_identification:_identify(install) by extensions ['ignore', 'ignore_ament_install']
[0.810s] Level 1:colcon.colcon_core.package_identification:_identify(install) by extension 'ignore'
[0.810s] Level 1:colcon.colcon_core.package_identification:_identify(install) ignored
[0.811s] Level 1:colcon.colcon_core.package_identification:_identify(log) by extensions ['ignore', 'ignore_ament_install']
[0.811s] Level 1:colcon.colcon_core.package_identification:_identify(log) by extension 'ignore'
[0.811s] Level 1:colcon.colcon_core.package_identification:_identify(log) ignored
[0.812s] Level 1:colcon.colcon_core.package_identification:_identify(src) by extensions ['ignore', 'ignore_ament_install']
[0.812s] Level 1:colcon.colcon_core.package_identification:_identify(src) by extension 'ignore'
[0.812s] Level 1:colcon.colcon_core.package_identification:_identify(src) by extension 'ignore_ament_install'
[0.812s] Level 1:colcon.colcon_core.package_identification:_identify(src) by extensions ['colcon_pkg']
[0.813s] Level 1:colcon.colcon_core.package_identification:_identify(src) by extension 'colcon_pkg'
[0.813s] Level 1:colcon.colcon_core.package_identification:_identify(src) by extensions ['colcon_meta']
[0.813s] Level 1:colcon.colcon_core.package_identification:_identify(src) by extension 'colcon_meta'
[0.813s] Level 1:colcon.colcon_core.package_identification:_identify(src) by extensions ['ros']
[0.813s] Level 1:colcon.colcon_core.package_identification:_identify(src) by extension 'ros'
[0.813s] Level 1:colcon.colcon_core.package_identification:_identify(src) by extensions ['cmake', 'python']
[0.813s] Level 1:colcon.colcon_core.package_identification:_identify(src) by extension 'cmake'
[0.814s] Level 1:colcon.colcon_core.package_identification:_identify(src) by extension 'python'
[0.814s] Level 1:colcon.colcon_core.package_identification:_identify(src) by extensions ['python_setup_py']
[0.814s] Level 1:colcon.colcon_core.package_identification:_identify(src) by extension 'python_setup_py'
[0.814s] Level 1:colcon.colcon_core.package_identification:_identify(src/gastrobot_bringup) by extensions ['ignore', 'ignore_ament_install']
[0.815s] Level 1:colcon.colcon_core.package_identification:_identify(src/gastrobot_bringup) by extension 'ignore'
[0.815s] Level 1:colcon.colcon_core.package_identification:_identify(src/gastrobot_bringup) by extension 'ignore_ament_install'
[0.815s] Level 1:colcon.colcon_core.package_identification:_identify(src/gastrobot_bringup) by extensions ['colcon_pkg']
[0.815s] Level 1:colcon.colcon_core.package_identification:_identify(src/gastrobot_bringup) by extension 'colcon_pkg'
[0.815s] Level 1:colcon.colcon_core.package_identification:_identify(src/gastrobot_bringup) by extensions ['colcon_meta']
[0.815s] Level 1:colcon.colcon_core.package_identification:_identify(src/gastrobot_bringup) by extension 'colcon_meta'
[0.816s] Level 1:colcon.colcon_core.package_identification:_identify(src/gastrobot_bringup) by extensions ['ros']
[0.816s] Level 1:colcon.colcon_core.package_identification:_identify(src/gastrobot_bringup) by extension 'ros'
[0.824s] DEBUG:colcon.colcon_core.package_identification:Package 'src/gastrobot_bringup' with type 'ros.ament_python' and name 'gastrobot_bringup'
[0.824s] Level 1:colcon.colcon_core.package_identification:_identify(src/gastrobot_control) by extensions ['ignore', 'ignore_ament_install']
[0.825s] Level 1:colcon.colcon_core.package_identification:_identify(src/gastrobot_control) by extension 'ignore'
[0.825s] Level 1:colcon.colcon_core.package_identification:_identify(src/gastrobot_control) by extension 'ignore_ament_install'
[0.825s] Level 1:colcon.colcon_core.package_identification:_identify(src/gastrobot_control) by extensions ['colcon_pkg']
[0.825s] Level 1:colcon.colcon_core.package_identification:_identify(src/gastrobot_control) by extension 'colcon_pkg'
[0.826s] Level 1:colcon.colcon_core.package_identification:_identify(src/gastrobot_control) by extensions ['colcon_meta']
[0.826s] Level 1:colcon.colcon_core.package_identification:_identify(src/gastrobot_control) by extension 'colcon_meta'
[0.826s] Level 1:colcon.colcon_core.package_identification:_identify(src/gastrobot_control) by extensions ['ros']
[0.826s] Level 1:colcon.colcon_core.package_identification:_identify(src/gastrobot_control) by extension 'ros'
[0.828s] DEBUG:colcon.colcon_core.package_identification:Package 'src/gastrobot_control' with type 'ros.ament_python' and name 'gastrobot_control'
[0.828s] Level 1:colcon.colcon_core.package_identification:_identify(src/gastrobot_gui) by extensions ['ignore', 'ignore_ament_install']
[0.829s] Level 1:colcon.colcon_core.package_identification:_identify(src/gastrobot_gui) by extension 'ignore'
[0.829s] Level 1:colcon.colcon_core.package_identification:_identify(src/gastrobot_gui) by extension 'ignore_ament_install'
[0.829s] Level 1:colcon.colcon_core.package_identification:_identify(src/gastrobot_gui) by extensions ['colcon_pkg']
[0.829s] Level 1:colcon.colcon_core.package_identification:_identify(src/gastrobot_gui) by extension 'colcon_pkg'
[0.829s] Level 1:colcon.colcon_core.package_identification:_identify(src/gastrobot_gui) by extensions ['colcon_meta']
[0.829s] Level 1:colcon.colcon_core.package_identification:_identify(src/gastrobot_gui) by extension 'colcon_meta'
[0.830s] Level 1:colcon.colcon_core.package_identification:_identify(src/gastrobot_gui) by extensions ['ros']
[0.830s] Level 1:colcon.colcon_core.package_identification:_identify(src/gastrobot_gui) by extension 'ros'
[0.831s] DEBUG:colcon.colcon_core.package_identification:Package 'src/gastrobot_gui' with type 'ros.ament_python' and name 'gastrobot_gui'
[0.832s] Level 1:colcon.colcon_core.package_identification:_identify(src/gastrobot_navigation) by extensions ['ignore', 'ignore_ament_install']
[0.832s] Level 1:colcon.colcon_core.package_identification:_identify(src/gastrobot_navigation) by extension 'ignore'
[0.832s] Level 1:colcon.colcon_core.package_identification:_identify(src/gastrobot_navigation) by extension 'ignore_ament_install'
[0.833s] Level 1:colcon.colcon_core.package_identification:_identify(src/gastrobot_navigation) by extensions ['colcon_pkg']
[0.833s] Level 1:colcon.colcon_core.package_identification:_identify(src/gastrobot_navigation) by extension 'colcon_pkg'
[0.833s] Level 1:colcon.colcon_core.package_identification:_identify(src/gastrobot_navigation) by extensions ['colcon_meta']
[0.833s] Level 1:colcon.colcon_core.package_identification:_identify(src/gastrobot_navigation) by extension 'colcon_meta'
[0.833s] Level 1:colcon.colcon_core.package_identification:_identify(src/gastrobot_navigation) by extensions ['ros']
[0.833s] Level 1:colcon.colcon_core.package_identification:_identify(src/gastrobot_navigation) by extension 'ros'
[0.835s] DEBUG:colcon.colcon_core.package_identification:Package 'src/gastrobot_navigation' with type 'ros.ament_python' and name 'gastrobot_navigation'
[0.835s] Level 1:colcon.colcon_core.package_identification:_identify(src/gastrobot_perception) by extensions ['ignore', 'ignore_ament_install']
[0.836s] Level 1:colcon.colcon_core.package_identification:_identify(src/gastrobot_perception) by extension 'ignore'
[0.836s] Level 1:colcon.colcon_core.package_identification:_identify(src/gastrobot_perception) by extension 'ignore_ament_install'
[0.836s] Level 1:colcon.colcon_core.package_identification:_identify(src/gastrobot_perception) by extensions ['colcon_pkg']
[0.836s] Level 1:colcon.colcon_core.package_identification:_identify(src/gastrobot_perception) by extension 'colcon_pkg'
[0.837s] Level 1:colcon.colcon_core.package_identification:_identify(src/gastrobot_perception) by extensions ['colcon_meta']
[0.837s] Level 1:colcon.colcon_core.package_identification:_identify(src/gastrobot_perception) by extension 'colcon_meta'
[0.837s] Level 1:colcon.colcon_core.package_identification:_identify(src/gastrobot_perception) by extensions ['ros']
[0.837s] Level 1:colcon.colcon_core.package_identification:_identify(src/gastrobot_perception) by extension 'ros'
[0.839s] DEBUG:colcon.colcon_core.package_identification:Package 'src/gastrobot_perception' with type 'ros.ament_python' and name 'gastrobot_perception'
[0.840s] Level 1:colcon.colcon_core.package_identification:_identify(src/rplidar_ros) by extensions ['ignore', 'ignore_ament_install']
[0.840s] Level 1:colcon.colcon_core.package_identification:_identify(src/rplidar_ros) by extension 'ignore'
[0.840s] Level 1:colcon.colcon_core.package_identification:_identify(src/rplidar_ros) by extension 'ignore_ament_install'
[0.840s] Level 1:colcon.colcon_core.package_identification:_identify(src/rplidar_ros) by extensions ['colcon_pkg']
[0.841s] Level 1:colcon.colcon_core.package_identification:_identify(src/rplidar_ros) by extension 'colcon_pkg'
[0.841s] Level 1:colcon.colcon_core.package_identification:_identify(src/rplidar_ros) by extensions ['colcon_meta']
[0.841s] Level 1:colcon.colcon_core.package_identification:_identify(src/rplidar_ros) by extension 'colcon_meta'
[0.841s] Level 1:colcon.colcon_core.package_identification:_identify(src/rplidar_ros) by extensions ['ros']
[0.841s] Level 1:colcon.colcon_core.package_identification:_identify(src/rplidar_ros) by extension 'ros'
[0.843s] DEBUG:colcon.colcon_core.package_identification:Package 'src/rplidar_ros' with type 'ros.ament_cmake' and name 'rplidar_ros'
[0.843s] Level 1:colcon.colcon_core.package_discovery:discover_packages(recursive) using defaults
[0.843s] Level 1:colcon.colcon_core.package_discovery:discover_packages(ignore) discover
[0.843s] Level 1:colcon.colcon_core.package_discovery:discover_packages(ignore) using defaults
[0.844s] Level 1:colcon.colcon_core.package_discovery:discover_packages(path) discover
[0.844s] Level 1:colcon.colcon_core.package_discovery:discover_packages(path) using defaults
[0.917s] Level 1:colcon.colcon_core.package_discovery:discover_packages(prefix_path) check parameters
[0.917s] Level 1:colcon.colcon_core.package_discovery:discover_packages(prefix_path) discover
[0.926s] WARNING:colcon.colcon_ros.prefix_path.ament:The path '/home/gastrobot/gastrobot_ws/install/rplidar_ros' in the environment variable AMENT_PREFIX_PATH doesn't exist
[0.927s] WARNING:colcon.colcon_ros.prefix_path.ament:The path '/home/gastrobot/gastrobot_ws/install/gastrobot_perception' in the environment variable AMENT_PREFIX_PATH doesn't exist
[0.927s] WARNING:colcon.colcon_ros.prefix_path.ament:The path '/home/gastrobot/gastrobot_ws/install/gastrobot_navigation' in the environment variable AMENT_PREFIX_PATH doesn't exist
[0.927s] WARNING:colcon.colcon_ros.prefix_path.ament:The path '/home/gastrobot/gastrobot_ws/install/gastrobot_gui' in the environment variable AMENT_PREFIX_PATH doesn't exist
[0.927s] WARNING:colcon.colcon_ros.prefix_path.ament:The path '/home/gastrobot/gastrobot_ws/install/gastrobot_control' in the environment variable AMENT_PREFIX_PATH doesn't exist
[0.927s] WARNING:colcon.colcon_ros.prefix_path.ament:The path '/home/gastrobot/gastrobot_ws/install/gastrobot_bringup' in the environment variable AMENT_PREFIX_PATH doesn't exist
[0.929s] WARNING:colcon.colcon_ros.prefix_path.catkin:The path '/home/gastrobot/gastrobot_ws/install/rplidar_ros' in the environment variable CMAKE_PREFIX_PATH doesn't exist
[0.932s] DEBUG:colcon.colcon_installed_package_information.package_discovery:Found 0 installed packages in /home/gastrobot/gastrobot_ws/install
[0.935s] DEBUG:colcon.colcon_installed_package_information.package_discovery:Found 2 installed packages in /home/gastrobot/gastrobot_ws_clean/install
[0.948s] DEBUG:colcon.colcon_installed_package_information.package_discovery:Found 382 installed packages in /opt/ros/jazzy
[0.953s] Level 1:colcon.colcon_core.package_discovery:discover_packages(prefix_path) using defaults
[1.198s] Level 5:colcon.colcon_core.verb:set package 'gastrobot_bringup' build argument 'cmake_args' from command line to 'None'
[1.198s] Level 5:colcon.colcon_core.verb:set package 'gastrobot_bringup' build argument 'cmake_target' from command line to 'None'
[1.199s] Level 5:colcon.colcon_core.verb:set package 'gastrobot_bringup' build argument 'cmake_target_skip_unavailable' from command line to 'False'
[1.199s] Level 5:colcon.colcon_core.verb:set package 'gastrobot_bringup' build argument 'cmake_clean_cache' from command line to 'False'
[1.199s] Level 5:colcon.colcon_core.verb:set package 'gastrobot_bringup' build argument 'cmake_clean_first' from command line to 'False'
[1.199s] Level 5:colcon.colcon_core.verb:set package 'gastrobot_bringup' build argument 'cmake_force_configure' from command line to 'False'
[1.199s] Level 5:colcon.colcon_core.verb:set package 'gastrobot_bringup' build argument 'ament_cmake_args' from command line to 'None'
[1.199s] Level 5:colcon.colcon_core.verb:set package 'gastrobot_bringup' build argument 'catkin_cmake_args' from command line to 'None'
[1.199s] Level 5:colcon.colcon_core.verb:set package 'gastrobot_bringup' build argument 'catkin_skip_building_tests' from command line to 'False'
[1.199s] DEBUG:colcon.colcon_core.verb:Building package 'gastrobot_bringup' with the following arguments: {'ament_cmake_args': None, 'build_base': '/home/gastrobot/gastrobot_ws/build/gastrobot_bringup', 'catkin_cmake_args': None, 'catkin_skip_building_tests': False, 'cmake_args': None, 'cmake_clean_cache': False, 'cmake_clean_first': False, 'cmake_force_configure': False, 'cmake_target': None, 'cmake_target_skip_unavailable': False, 'install_base': '/home/gastrobot/gastrobot_ws/install/gastrobot_bringup', 'merge_install': False, 'path': '/home/gastrobot/gastrobot_ws/src/gastrobot_bringup', 'symlink_install': True, 'test_result_base': None}
[1.201s] Level 5:colcon.colcon_core.verb:set package 'gastrobot_control' build argument 'cmake_args' from command line to 'None'
[1.201s] Level 5:colcon.colcon_core.verb:set package 'gastrobot_control' build argument 'cmake_target' from command line to 'None'
[1.201s] Level 5:colcon.colcon_core.verb:set package 'gastrobot_control' build argument 'cmake_target_skip_unavailable' from command line to 'False'
[1.201s] Level 5:colcon.colcon_core.verb:set package 'gastrobot_control' build argument 'cmake_clean_cache' from command line to 'False'
[1.201s] Level 5:colcon.colcon_core.verb:set package 'gastrobot_control' build argument 'cmake_clean_first' from command line to 'False'
[1.201s] Level 5:colcon.colcon_core.verb:set package 'gastrobot_control' build argument 'cmake_force_configure' from command line to 'False'
[1.201s] Level 5:colcon.colcon_core.verb:set package 'gastrobot_control' build argument 'ament_cmake_args' from command line to 'None'
[1.201s] Level 5:colcon.colcon_core.verb:set package 'gastrobot_control' build argument 'catkin_cmake_args' from command line to 'None'
[1.201s] Level 5:colcon.colcon_core.verb:set package 'gastrobot_control' build argument 'catkin_skip_building_tests' from command line to 'False'
[1.201s] DEBUG:colcon.colcon_core.verb:Building package 'gastrobot_control' with the following arguments: {'ament_cmake_args': None, 'build_base': '/home/gastrobot/gastrobot_ws/build/gastrobot_control', 'catkin_cmake_args': None, 'catkin_skip_building_tests': False, 'cmake_args': None, 'cmake_clean_cache': False, 'cmake_clean_first': False, 'cmake_force_configure': False, 'cmake_target': None, 'cmake_target_skip_unavailable': False, 'install_base': '/home/gastrobot/gastrobot_ws/install/gastrobot_control', 'merge_install': False, 'path': '/home/gastrobot/gastrobot_ws/src/gastrobot_control', 'symlink_install': True, 'test_result_base': None}
[1.203s] Level 5:colcon.colcon_core.verb:set package 'gastrobot_gui' build argument 'cmake_args' from command line to 'None'
[1.203s] Level 5:colcon.colcon_core.verb:set package 'gastrobot_gui' build argument 'cmake_target' from command line to 'None'
[1.203s] Level 5:colcon.colcon_core.verb:set package 'gastrobot_gui' build argument 'cmake_target_skip_unavailable' from command line to 'False'
[1.203s] Level 5:colcon.colcon_core.verb:set package 'gastrobot_gui' build argument 'cmake_clean_cache' from command line to 'False'
[1.203s] Level 5:colcon.colcon_core.verb:set package 'gastrobot_gui' build argument 'cmake_clean_first' from command line to 'False'
[1.203s] Level 5:colcon.colcon_core.verb:set package 'gastrobot_gui' build argument 'cmake_force_configure' from command line to 'False'
[1.203s] Level 5:colcon.colcon_core.verb:set package 'gastrobot_gui' build argument 'ament_cmake_args' from command line to 'None'
[1.203s] Level 5:colcon.colcon_core.verb:set package 'gastrobot_gui' build argument 'catkin_cmake_args' from command line to 'None'
[1.204s] Level 5:colcon.colcon_core.verb:set package 'gastrobot_gui' build argument 'catkin_skip_building_tests' from command line to 'False'
[1.204s] DEBUG:colcon.colcon_core.verb:Building package 'gastrobot_gui' with the following arguments: {'ament_cmake_args': None, 'build_base': '/home/gastrobot/gastrobot_ws/build/gastrobot_gui', 'catkin_cmake_args': None, 'catkin_skip_building_tests': False, 'cmake_args': None, 'cmake_clean_cache': False, 'cmake_clean_first': False, 'cmake_force_configure': False, 'cmake_target': None, 'cmake_target_skip_unavailable': False, 'install_base': '/home/gastrobot/gastrobot_ws/install/gastrobot_gui', 'merge_install': False, 'path': '/home/gastrobot/gastrobot_ws/src/gastrobot_gui', 'symlink_install': True, 'test_result_base': None}
[1.205s] Level 5:colcon.colcon_core.verb:set package 'gastrobot_navigation' build argument 'cmake_args' from command line to 'None'
[1.205s] Level 5:colcon.colcon_core.verb:set package 'gastrobot_navigation' build argument 'cmake_target' from command line to 'None'
[1.205s] Level 5:colcon.colcon_core.verb:set package 'gastrobot_navigation' build argument 'cmake_target_skip_unavailable' from command line to 'False'
[1.205s] Level 5:colcon.colcon_core.verb:set package 'gastrobot_navigation' build argument 'cmake_clean_cache' from command line to 'False'
[1.205s] Level 5:colcon.colcon_core.verb:set package 'gastrobot_navigation' build argument 'cmake_clean_first' from command line to 'False'
[1.205s] Level 5:colcon.colcon_core.verb:set package 'gastrobot_navigation' build argument 'cmake_force_configure' from command line to 'False'
[1.205s] Level 5:colcon.colcon_core.verb:set package 'gastrobot_navigation' build argument 'ament_cmake_args' from command line to 'None'
[1.206s] Level 5:colcon.colcon_core.verb:set package 'gastrobot_navigation' build argument 'catkin_cmake_args' from command line to 'None'
[1.206s] Level 5:colcon.colcon_core.verb:set package 'gastrobot_navigation' build argument 'catkin_skip_building_tests' from command line to 'False'
[1.206s] DEBUG:colcon.colcon_core.verb:Building package 'gastrobot_navigation' with the following arguments: {'ament_cmake_args': None, 'build_base': '/home/gastrobot/gastrobot_ws/build/gastrobot_navigation', 'catkin_cmake_args': None, 'catkin_skip_building_tests': False, 'cmake_args': None, 'cmake_clean_cache': False, 'cmake_clean_first': False, 'cmake_force_configure': False, 'cmake_target': None, 'cmake_target_skip_unavailable': False, 'install_base': '/home/gastrobot/gastrobot_ws/install/gastrobot_navigation', 'merge_install': False, 'path': '/home/gastrobot/gastrobot_ws/src/gastrobot_navigation', 'symlink_install': True, 'test_result_base': None}
[1.207s] Level 5:colcon.colcon_core.verb:set package 'gastrobot_perception' build argument 'cmake_args' from command line to 'None'
[1.207s] Level 5:colcon.colcon_core.verb:set package 'gastrobot_perception' build argument 'cmake_target' from command line to 'None'
[1.207s] Level 5:colcon.colcon_core.verb:set package 'gastrobot_perception' build argument 'cmake_target_skip_unavailable' from command line to 'False'
[1.207s] Level 5:colcon.colcon_core.verb:set package 'gastrobot_perception' build argument 'cmake_clean_cache' from command line to 'False'
[1.207s] Level 5:colcon.colcon_core.verb:set package 'gastrobot_perception' build argument 'cmake_clean_first' from command line to 'False'
[1.207s] Level 5:colcon.colcon_core.verb:set package 'gastrobot_perception' build argument 'cmake_force_configure' from command line to 'False'
[1.207s] Level 5:colcon.colcon_core.verb:set package 'gastrobot_perception' build argument 'ament_cmake_args' from command line to 'None'
[1.207s] Level 5:colcon.colcon_core.verb:set package 'gastrobot_perception' build argument 'catkin_cmake_args' from command line to 'None'
[1.208s] Level 5:colcon.colcon_core.verb:set package 'gastrobot_perception' build argument 'catkin_skip_building_tests' from command line to 'False'
[1.208s] DEBUG:colcon.colcon_core.verb:Building package 'gastrobot_perception' with the following arguments: {'ament_cmake_args': None, 'build_base': '/home/gastrobot/gastrobot_ws/build/gastrobot_perception', 'catkin_cmake_args': None, 'catkin_skip_building_tests': False, 'cmake_args': None, 'cmake_clean_cache': False, 'cmake_clean_first': False, 'cmake_force_configure': False, 'cmake_target': None, 'cmake_target_skip_unavailable': False, 'install_base': '/home/gastrobot/gastrobot_ws/install/gastrobot_perception', 'merge_install': False, 'path': '/home/gastrobot/gastrobot_ws/src/gastrobot_perception', 'symlink_install': True, 'test_result_base': None}
[1.209s] Level 5:colcon.colcon_core.verb:set package 'rplidar_ros' build argument 'cmake_args' from command line to 'None'
[1.209s] Level 5:colcon.colcon_core.verb:set package 'rplidar_ros' build argument 'cmake_target' from command line to 'None'
[1.209s] Level 5:colcon.colcon_core.verb:set package 'rplidar_ros' build argument 'cmake_target_skip_unavailable' from command line to 'False'
[1.209s] Level 5:colcon.colcon_core.verb:set package 'rplidar_ros' build argument 'cmake_clean_cache' from command line to 'False'
[1.209s] Level 5:colcon.colcon_core.verb:set package 'rplidar_ros' build argument 'cmake_clean_first' from command line to 'False'
[1.209s] Level 5:colcon.colcon_core.verb:set package 'rplidar_ros' build argument 'cmake_force_configure' from command line to 'False'
[1.209s] Level 5:colcon.colcon_core.verb:set package 'rplidar_ros' build argument 'ament_cmake_args' from command line to 'None'
[1.210s] Level 5:colcon.colcon_core.verb:set package 'rplidar_ros' build argument 'catkin_cmake_args' from command line to 'None'
[1.210s] Level 5:colcon.colcon_core.verb:set package 'rplidar_ros' build argument 'catkin_skip_building_tests' from command line to 'False'
[1.210s] DEBUG:colcon.colcon_core.verb:Building package 'rplidar_ros' with the following arguments: {'ament_cmake_args': None, 'build_base': '/home/gastrobot/gastrobot_ws/build/rplidar_ros', 'catkin_cmake_args': None, 'catkin_skip_building_tests': False, 'cmake_args': None, 'cmake_clean_cache': False, 'cmake_clean_first': False, 'cmake_force_configure': False, 'cmake_target': None, 'cmake_target_skip_unavailable': False, 'install_base': '/home/gastrobot/gastrobot_ws/install/rplidar_ros', 'merge_install': False, 'path': '/home/gastrobot/gastrobot_ws/src/rplidar_ros', 'symlink_install': True, 'test_result_base': None}
[1.210s] INFO:colcon.colcon_core.executor:Executing jobs using 'parallel' executor
[1.214s] DEBUG:colcon.colcon_parallel_executor.executor.parallel:run_until_complete
[1.215s] INFO:colcon.colcon_ros.task.ament_python.build:Building ROS package in '/home/gastrobot/gastrobot_ws/src/gastrobot_bringup' with build type 'ament_python'
[1.215s] Level 1:colcon.colcon_core.shell:create_environment_hook('gastrobot_bringup', 'ament_prefix_path')
[1.223s] INFO:colcon.colcon_core.plugin_system:Skipping extension 'colcon_core.shell.bat': Not used on non-Windows systems
[1.224s] INFO:colcon.colcon_core.shell:Creating environment hook '/home/gastrobot/gastrobot_ws/install/gastrobot_bringup/share/gastrobot_bringup/hook/ament_prefix_path.ps1'
[1.227s] INFO:colcon.colcon_core.shell:Creating environment descriptor '/home/gastrobot/gastrobot_ws/install/gastrobot_bringup/share/gastrobot_bringup/hook/ament_prefix_path.dsv'
[1.228s] INFO:colcon.colcon_core.shell:Creating environment hook '/home/gastrobot/gastrobot_ws/install/gastrobot_bringup/share/gastrobot_bringup/hook/ament_prefix_path.sh'
[1.231s] INFO:colcon.colcon_core.shell:Skip shell extension 'powershell' for command environment: Not usable outside of PowerShell
[1.231s] DEBUG:colcon.colcon_core.shell:Skip shell extension 'dsv' for command environment
[1.256s] INFO:colcon.colcon_ros.task.ament_python.build:Building ROS package in '/home/gastrobot/gastrobot_ws/src/gastrobot_control' with build type 'ament_python'
[1.257s] Level 1:colcon.colcon_core.shell:create_environment_hook('gastrobot_control', 'ament_prefix_path')
[1.258s] INFO:colcon.colcon_core.shell:Creating environment hook '/home/gastrobot/gastrobot_ws/install/gastrobot_control/share/gastrobot_control/hook/ament_prefix_path.ps1'
[1.260s] INFO:colcon.colcon_core.shell:Creating environment descriptor '/home/gastrobot/gastrobot_ws/install/gastrobot_control/share/gastrobot_control/hook/ament_prefix_path.dsv'
[1.262s] INFO:colcon.colcon_core.shell:Creating environment hook '/home/gastrobot/gastrobot_ws/install/gastrobot_control/share/gastrobot_control/hook/ament_prefix_path.sh'
[1.265s] INFO:colcon.colcon_core.shell:Skip shell extension 'powershell' for command environment: Not usable outside of PowerShell
[1.265s] DEBUG:colcon.colcon_core.shell:Skip shell extension 'dsv' for command environment
[1.290s] INFO:colcon.colcon_ros.task.ament_python.build:Building ROS package in '/home/gastrobot/gastrobot_ws/src/gastrobot_gui' with build type 'ament_python'
[1.291s] Level 1:colcon.colcon_core.shell:create_environment_hook('gastrobot_gui', 'ament_prefix_path')
[1.291s] INFO:colcon.colcon_core.shell:Creating environment hook '/home/gastrobot/gastrobot_ws/install/gastrobot_gui/share/gastrobot_gui/hook/ament_prefix_path.ps1'
[1.295s] INFO:colcon.colcon_core.shell:Creating environment descriptor '/home/gastrobot/gastrobot_ws/install/gastrobot_gui/share/gastrobot_gui/hook/ament_prefix_path.dsv'
[1.296s] INFO:colcon.colcon_core.shell:Creating environment hook '/home/gastrobot/gastrobot_ws/install/gastrobot_gui/share/gastrobot_gui/hook/ament_prefix_path.sh'
[1.298s] INFO:colcon.colcon_core.shell:Skip shell extension 'powershell' for command environment: Not usable outside of PowerShell
[1.299s] DEBUG:colcon.colcon_core.shell:Skip shell extension 'dsv' for command environment
[1.325s] INFO:colcon.colcon_ros.task.ament_python.build:Building ROS package in '/home/gastrobot/gastrobot_ws/src/gastrobot_navigation' with build type 'ament_python'
[1.326s] Level 1:colcon.colcon_core.shell:create_environment_hook('gastrobot_navigation', 'ament_prefix_path')
[1.327s] INFO:colcon.colcon_core.shell:Creating environment hook '/home/gastrobot/gastrobot_ws/install/gastrobot_navigation/share/gastrobot_navigation/hook/ament_prefix_path.ps1'
[1.329s] INFO:colcon.colcon_core.shell:Creating environment descriptor '/home/gastrobot/gastrobot_ws/install/gastrobot_navigation/share/gastrobot_navigation/hook/ament_prefix_path.dsv'
[1.331s] INFO:colcon.colcon_core.shell:Creating environment hook '/home/gastrobot/gastrobot_ws/install/gastrobot_navigation/share/gastrobot_navigation/hook/ament_prefix_path.sh'
[1.333s] INFO:colcon.colcon_core.shell:Skip shell extension 'powershell' for command environment: Not usable outside of PowerShell
[1.334s] DEBUG:colcon.colcon_core.shell:Skip shell extension 'dsv' for command environment
[2.535s] INFO:colcon.colcon_core.task.python.build:Building Python package in '/home/gastrobot/gastrobot_ws/src/gastrobot_bringup'
[2.535s] INFO:colcon.colcon_core.shell:Skip shell extension 'powershell' for command environment: Not usable outside of PowerShell
[2.536s] DEBUG:colcon.colcon_core.shell:Skip shell extension 'dsv' for command environment
[3.734s] INFO:colcon.colcon_core.task.python.build:Building Python package in '/home/gastrobot/gastrobot_ws/src/gastrobot_control'
[3.734s] INFO:colcon.colcon_core.shell:Skip shell extension 'powershell' for command environment: Not usable outside of PowerShell
[3.735s] DEBUG:colcon.colcon_core.shell:Skip shell extension 'dsv' for command environment
[4.933s] INFO:colcon.colcon_core.task.python.build:Building Python package in '/home/gastrobot/gastrobot_ws/src/gastrobot_gui'
[4.934s] INFO:colcon.colcon_core.shell:Skip shell extension 'powershell' for command environment: Not usable outside of PowerShell
[4.934s] DEBUG:colcon.colcon_core.shell:Skip shell extension 'dsv' for command environment
[6.132s] INFO:colcon.colcon_core.task.python.build:Building Python package in '/home/gastrobot/gastrobot_ws/src/gastrobot_navigation'
[6.133s] INFO:colcon.colcon_core.shell:Skip shell extension 'powershell' for command environment: Not usable outside of PowerShell
[6.133s] DEBUG:colcon.colcon_core.shell:Skip shell extension 'dsv' for command environment
[11.688s] DEBUG:colcon.colcon_core.event_handler.log_command:Invoking command in '/home/gastrobot/gastrobot_ws/build/gastrobot_bringup': PYTHONPATH=/home/gastrobot/gastrobot_ws/build/gastrobot_bringup/prefix_override:/usr/lib/python3/dist-packages/colcon_core/task/python/colcon_distutils_commands:/home/gastrobot/gastrobot_ws/install/gastrobot_bringup/lib/python3.12/site-packages:${PYTHONPATH} /usr/bin/python3 -W ignore:setup.py install is deprecated -W ignore:easy_install command is deprecated setup.py develop --editable --build-directory /home/gastrobot/gastrobot_ws/build/gastrobot_bringup/build --no-deps symlink_data
[11.724s] DEBUG:colcon.colcon_core.event_handler.log_command:Invoking command in '/home/gastrobot/gastrobot_ws/build/gastrobot_navigation': PYTHONPATH=/home/gastrobot/gastrobot_ws/build/gastrobot_navigation/prefix_override:/usr/lib/python3/dist-packages/colcon_core/task/python/colcon_distutils_commands:/home/gastrobot/gastrobot_ws/install/gastrobot_navigation/lib/python3.12/site-packages:${PYTHONPATH} /usr/bin/python3 -W ignore:setup.py install is deprecated -W ignore:easy_install command is deprecated setup.py develop --editable --build-directory /home/gastrobot/gastrobot_ws/build/gastrobot_navigation/build --no-deps symlink_data
[11.744s] DEBUG:colcon.colcon_core.event_handler.log_command:Invoking command in '/home/gastrobot/gastrobot_ws/build/gastrobot_control': PYTHONPATH=/home/gastrobot/gastrobot_ws/build/gastrobot_control/prefix_override:/usr/lib/python3/dist-packages/colcon_core/task/python/colcon_distutils_commands:/home/gastrobot/gastrobot_ws/install/gastrobot_control/lib/python3.12/site-packages:${PYTHONPATH} /usr/bin/python3 -W ignore:setup.py install is deprecated -W ignore:easy_install command is deprecated setup.py develop --editable --build-directory /home/gastrobot/gastrobot_ws/build/gastrobot_control/build --no-deps symlink_data
[11.791s] DEBUG:colcon.colcon_core.event_handler.log_command:Invoking command in '/home/gastrobot/gastrobot_ws/build/gastrobot_gui': PYTHONPATH=/home/gastrobot/gastrobot_ws/build/gastrobot_gui/prefix_override:/usr/lib/python3/dist-packages/colcon_core/task/python/colcon_distutils_commands:/home/gastrobot/gastrobot_ws/install/gastrobot_gui/lib/python3.12/site-packages:${PYTHONPATH} /usr/bin/python3 -W ignore:setup.py install is deprecated -W ignore:easy_install command is deprecated setup.py develop --editable --build-directory /home/gastrobot/gastrobot_ws/build/gastrobot_gui/build --no-deps symlink_data
[17.962s] Level 1:colcon.colcon_core.shell:create_environment_hook('gastrobot_navigation', 'pythonpath_develop')
[17.964s] INFO:colcon.colcon_core.shell:Creating environment hook '/home/gastrobot/gastrobot_ws/build/gastrobot_navigation/share/gastrobot_navigation/hook/pythonpath_develop.ps1'
[17.967s] DEBUG:colcon.colcon_core.event_handler.log_command:Invoked command in '/home/gastrobot/gastrobot_ws/build/gastrobot_navigation' returned '0': PYTHONPATH=/home/gastrobot/gastrobot_ws/build/gastrobot_navigation/prefix_override:/usr/lib/python3/dist-packages/colcon_core/task/python/colcon_distutils_commands:/home/gastrobot/gastrobot_ws/install/gastrobot_navigation/lib/python3.12/site-packages:${PYTHONPATH} /usr/bin/python3 -W ignore:setup.py install is deprecated -W ignore:easy_install command is deprecated setup.py develop --editable --build-directory /home/gastrobot/gastrobot_ws/build/gastrobot_navigation/build --no-deps symlink_data
[17.970s] INFO:colcon.colcon_core.shell:Creating environment descriptor '/home/gastrobot/gastrobot_ws/build/gastrobot_navigation/share/gastrobot_navigation/hook/pythonpath_develop.dsv'
[17.972s] INFO:colcon.colcon_core.shell:Creating environment hook '/home/gastrobot/gastrobot_ws/build/gastrobot_navigation/share/gastrobot_navigation/hook/pythonpath_develop.sh'
[17.993s] Level 1:colcon.colcon_core.environment:checking '/home/gastrobot/gastrobot_ws/install/gastrobot_navigation' for CMake module files
[17.997s] Level 1:colcon.colcon_core.environment:checking '/home/gastrobot/gastrobot_ws/install/gastrobot_navigation' for CMake config files
[18.001s] Level 1:colcon.colcon_core.environment:checking '/home/gastrobot/gastrobot_ws/install/gastrobot_navigation/lib'
[18.002s] Level 1:colcon.colcon_core.environment:checking '/home/gastrobot/gastrobot_ws/install/gastrobot_navigation/bin'
[18.003s] Level 1:colcon.colcon_core.environment:checking '/home/gastrobot/gastrobot_ws/install/gastrobot_navigation/lib/pkgconfig/gastrobot_navigation.pc'
[18.004s] Level 1:colcon.colcon_core.environment:checking '/home/gastrobot/gastrobot_ws/install/gastrobot_navigation/lib/python3.12/site-packages'
[18.005s] Level 1:colcon.colcon_core.shell:create_environment_hook('gastrobot_navigation', 'pythonpath')
[18.005s] INFO:colcon.colcon_core.shell:Creating environment hook '/home/gastrobot/gastrobot_ws/install/gastrobot_navigation/share/gastrobot_navigation/hook/pythonpath.ps1'
[18.007s] INFO:colcon.colcon_core.shell:Creating environment descriptor '/home/gastrobot/gastrobot_ws/install/gastrobot_navigation/share/gastrobot_navigation/hook/pythonpath.dsv'
[18.009s] INFO:colcon.colcon_core.shell:Creating environment hook '/home/gastrobot/gastrobot_ws/install/gastrobot_navigation/share/gastrobot_navigation/hook/pythonpath.sh'
[18.014s] Level 1:colcon.colcon_core.environment:checking '/home/gastrobot/gastrobot_ws/install/gastrobot_navigation/bin'
[18.015s] Level 1:colcon.colcon_core.environment:create_environment_scripts_only(gastrobot_navigation)
[18.017s] INFO:colcon.colcon_core.shell:Creating package script '/home/gastrobot/gastrobot_ws/install/gastrobot_navigation/share/gastrobot_navigation/package.ps1'
[18.027s] INFO:colcon.colcon_core.shell:Creating package descriptor '/home/gastrobot/gastrobot_ws/install/gastrobot_navigation/share/gastrobot_navigation/package.dsv'
[18.036s] INFO:colcon.colcon_core.shell:Creating package script '/home/gastrobot/gastrobot_ws/install/gastrobot_navigation/share/gastrobot_navigation/package.sh'
[18.045s] INFO:colcon.colcon_core.shell:Creating package script '/home/gastrobot/gastrobot_ws/install/gastrobot_navigation/share/gastrobot_navigation/package.bash'
[18.054s] INFO:colcon.colcon_core.shell:Creating package script '/home/gastrobot/gastrobot_ws/install/gastrobot_navigation/share/gastrobot_navigation/package.zsh'
[18.062s] Level 1:colcon.colcon_core.environment:create_file_with_runtime_dependencies(/home/gastrobot/gastrobot_ws/install/gastrobot_navigation/share/colcon-core/packages/gastrobot_navigation)
[18.074s] INFO:colcon.colcon_ros.task.ament_python.build:Building ROS package in '/home/gastrobot/gastrobot_ws/src/gastrobot_perception' with build type 'ament_python'
[18.076s] Level 1:colcon.colcon_core.shell:create_environment_hook('gastrobot_perception', 'ament_prefix_path')
[18.079s] INFO:colcon.colcon_core.shell:Creating environment hook '/home/gastrobot/gastrobot_ws/install/gastrobot_perception/share/gastrobot_perception/hook/ament_prefix_path.ps1'
[18.094s] INFO:colcon.colcon_core.shell:Creating environment descriptor '/home/gastrobot/gastrobot_ws/install/gastrobot_perception/share/gastrobot_perception/hook/ament_prefix_path.dsv'
[18.108s] INFO:colcon.colcon_core.shell:Creating environment hook '/home/gastrobot/gastrobot_ws/install/gastrobot_perception/share/gastrobot_perception/hook/ament_prefix_path.sh'
[18.121s] INFO:colcon.colcon_core.shell:Skip shell extension 'powershell' for command environment: Not usable outside of PowerShell
[18.122s] DEBUG:colcon.colcon_core.shell:Skip shell extension 'dsv' for command environment
[18.185s] Level 1:colcon.colcon_core.shell:create_environment_hook('gastrobot_bringup', 'pythonpath_develop')
[18.188s] INFO:colcon.colcon_core.shell:Creating environment hook '/home/gastrobot/gastrobot_ws/build/gastrobot_bringup/share/gastrobot_bringup/hook/pythonpath_develop.ps1'
[18.190s] DEBUG:colcon.colcon_core.event_handler.log_command:Invoked command in '/home/gastrobot/gastrobot_ws/build/gastrobot_bringup' returned '0': PYTHONPATH=/home/gastrobot/gastrobot_ws/build/gastrobot_bringup/prefix_override:/usr/lib/python3/dist-packages/colcon_core/task/python/colcon_distutils_commands:/home/gastrobot/gastrobot_ws/install/gastrobot_bringup/lib/python3.12/site-packages:${PYTHONPATH} /usr/bin/python3 -W ignore:setup.py install is deprecated -W ignore:easy_install command is deprecated setup.py develop --editable --build-directory /home/gastrobot/gastrobot_ws/build/gastrobot_bringup/build --no-deps symlink_data
[18.199s] INFO:colcon.colcon_core.shell:Creating environment descriptor '/home/gastrobot/gastrobot_ws/build/gastrobot_bringup/share/gastrobot_bringup/hook/pythonpath_develop.dsv'
[18.204s] INFO:colcon.colcon_core.shell:Creating environment hook '/home/gastrobot/gastrobot_ws/build/gastrobot_bringup/share/gastrobot_bringup/hook/pythonpath_develop.sh'
[18.210s] Level 1:colcon.colcon_core.environment:checking '/home/gastrobot/gastrobot_ws/install/gastrobot_bringup' for CMake module files
[18.217s] Level 1:colcon.colcon_core.environment:checking '/home/gastrobot/gastrobot_ws/install/gastrobot_bringup' for CMake config files
[18.225s] Level 1:colcon.colcon_core.environment:checking '/home/gastrobot/gastrobot_ws/install/gastrobot_bringup/lib'
[18.227s] Level 1:colcon.colcon_core.environment:checking '/home/gastrobot/gastrobot_ws/install/gastrobot_bringup/bin'
[18.228s] Level 1:colcon.colcon_core.environment:checking '/home/gastrobot/gastrobot_ws/install/gastrobot_bringup/lib/pkgconfig/gastrobot_bringup.pc'
[18.231s] Level 1:colcon.colcon_core.environment:checking '/home/gastrobot/gastrobot_ws/install/gastrobot_bringup/lib/python3.12/site-packages'
[18.233s] Level 1:colcon.colcon_core.shell:create_environment_hook('gastrobot_bringup', 'pythonpath')
[18.235s] INFO:colcon.colcon_core.shell:Creating environment hook '/home/gastrobot/gastrobot_ws/install/gastrobot_bringup/share/gastrobot_bringup/hook/pythonpath.ps1'
[18.240s] INFO:colcon.colcon_core.shell:Creating environment descriptor '/home/gastrobot/gastrobot_ws/install/gastrobot_bringup/share/gastrobot_bringup/hook/pythonpath.dsv'
[18.245s] INFO:colcon.colcon_core.shell:Creating environment hook '/home/gastrobot/gastrobot_ws/install/gastrobot_bringup/share/gastrobot_bringup/hook/pythonpath.sh'
[18.253s] Level 1:colcon.colcon_core.environment:checking '/home/gastrobot/gastrobot_ws/install/gastrobot_bringup/bin'
[18.255s] Level 1:colcon.colcon_core.environment:create_environment_scripts_only(gastrobot_bringup)
[18.258s] INFO:colcon.colcon_core.shell:Creating package script '/home/gastrobot/gastrobot_ws/install/gastrobot_bringup/share/gastrobot_bringup/package.ps1'
[18.264s] INFO:colcon.colcon_core.shell:Creating package descriptor '/home/gastrobot/gastrobot_ws/install/gastrobot_bringup/share/gastrobot_bringup/package.dsv'
[18.270s] INFO:colcon.colcon_core.shell:Creating package script '/home/gastrobot/gastrobot_ws/install/gastrobot_bringup/share/gastrobot_bringup/package.sh'
[18.275s] INFO:colcon.colcon_core.shell:Creating package script '/home/gastrobot/gastrobot_ws/install/gastrobot_bringup/share/gastrobot_bringup/package.bash'
[18.280s] INFO:colcon.colcon_core.shell:Creating package script '/home/gastrobot/gastrobot_ws/install/gastrobot_bringup/share/gastrobot_bringup/package.zsh'
[18.285s] Level 1:colcon.colcon_core.environment:create_file_with_runtime_dependencies(/home/gastrobot/gastrobot_ws/install/gastrobot_bringup/share/colcon-core/packages/gastrobot_bringup)
[18.296s] INFO:colcon.colcon_ros.task.ament_cmake.build:Building ROS package in '/home/gastrobot/gastrobot_ws/src/rplidar_ros' with build type 'ament_cmake'
[18.299s] INFO:colcon.colcon_cmake.task.cmake.build:Building CMake package in '/home/gastrobot/gastrobot_ws/src/rplidar_ros'
[18.300s] INFO:colcon.colcon_core.shell:Skip shell extension 'powershell' for command environment: Not usable outside of PowerShell
[18.301s] DEBUG:colcon.colcon_core.shell:Skip shell extension 'dsv' for command environment
[19.534s] INFO:colcon.colcon_core.task.python.build:Building Python package in '/home/gastrobot/gastrobot_ws/src/gastrobot_perception'
[19.535s] INFO:colcon.colcon_core.shell:Skip shell extension 'powershell' for command environment: Not usable outside of PowerShell
[19.535s] DEBUG:colcon.colcon_core.shell:Skip shell extension 'dsv' for command environment
[19.565s] Level 1:colcon.colcon_core.shell:create_environment_hook('gastrobot_gui', 'pythonpath_develop')
[19.566s] INFO:colcon.colcon_core.shell:Creating environment hook '/home/gastrobot/gastrobot_ws/build/gastrobot_gui/share/gastrobot_gui/hook/pythonpath_develop.ps1'
[19.567s] DEBUG:colcon.colcon_core.event_handler.log_command:Invoked command in '/home/gastrobot/gastrobot_ws/build/gastrobot_gui' returned '0': PYTHONPATH=/home/gastrobot/gastrobot_ws/build/gastrobot_gui/prefix_override:/usr/lib/python3/dist-packages/colcon_core/task/python/colcon_distutils_commands:/home/gastrobot/gastrobot_ws/install/gastrobot_gui/lib/python3.12/site-packages:${PYTHONPATH} /usr/bin/python3 -W ignore:setup.py install is deprecated -W ignore:easy_install command is deprecated setup.py develop --editable --build-directory /home/gastrobot/gastrobot_ws/build/gastrobot_gui/build --no-deps symlink_data
[19.569s] INFO:colcon.colcon_core.shell:Creating environment descriptor '/home/gastrobot/gastrobot_ws/build/gastrobot_gui/share/gastrobot_gui/hook/pythonpath_develop.dsv'
[19.571s] INFO:colcon.colcon_core.shell:Creating environment hook '/home/gastrobot/gastrobot_ws/build/gastrobot_gui/share/gastrobot_gui/hook/pythonpath_develop.sh'
[19.573s] Level 1:colcon.colcon_core.environment:checking '/home/gastrobot/gastrobot_ws/install/gastrobot_gui' for CMake module files
[19.577s] Level 1:colcon.colcon_core.environment:checking '/home/gastrobot/gastrobot_ws/install/gastrobot_gui' for CMake config files
[19.580s] Level 1:colcon.colcon_core.environment:checking '/home/gastrobot/gastrobot_ws/install/gastrobot_gui/lib'
[19.580s] Level 1:colcon.colcon_core.environment:checking '/home/gastrobot/gastrobot_ws/install/gastrobot_gui/bin'
[19.580s] Level 1:colcon.colcon_core.environment:checking '/home/gastrobot/gastrobot_ws/install/gastrobot_gui/lib/pkgconfig/gastrobot_gui.pc'
[19.581s] Level 1:colcon.colcon_core.environment:checking '/home/gastrobot/gastrobot_ws/install/gastrobot_gui/lib/python3.12/site-packages'
[19.582s] Level 1:colcon.colcon_core.shell:create_environment_hook('gastrobot_gui', 'pythonpath')
[19.583s] INFO:colcon.colcon_core.shell:Creating environment hook '/home/gastrobot/gastrobot_ws/install/gastrobot_gui/share/gastrobot_gui/hook/pythonpath.ps1'
[19.584s] INFO:colcon.colcon_core.shell:Creating environment descriptor '/home/gastrobot/gastrobot_ws/install/gastrobot_gui/share/gastrobot_gui/hook/pythonpath.dsv'
[19.586s] INFO:colcon.colcon_core.shell:Creating environment hook '/home/gastrobot/gastrobot_ws/install/gastrobot_gui/share/gastrobot_gui/hook/pythonpath.sh'
[19.588s] Level 1:colcon.colcon_core.environment:checking '/home/gastrobot/gastrobot_ws/install/gastrobot_gui/bin'
[19.589s] Level 1:colcon.colcon_core.environment:create_environment_scripts_only(gastrobot_gui)
[19.590s] INFO:colcon.colcon_core.shell:Creating package script '/home/gastrobot/gastrobot_ws/install/gastrobot_gui/share/gastrobot_gui/package.ps1'
[19.592s] INFO:colcon.colcon_core.shell:Creating package descriptor '/home/gastrobot/gastrobot_ws/install/gastrobot_gui/share/gastrobot_gui/package.dsv'
[19.594s] INFO:colcon.colcon_core.shell:Creating package script '/home/gastrobot/gastrobot_ws/install/gastrobot_gui/share/gastrobot_gui/package.sh'
[19.595s] INFO:colcon.colcon_core.shell:Creating package script '/home/gastrobot/gastrobot_ws/install/gastrobot_gui/share/gastrobot_gui/package.bash'
[19.597s] INFO:colcon.colcon_core.shell:Creating package script '/home/gastrobot/gastrobot_ws/install/gastrobot_gui/share/gastrobot_gui/package.zsh'
[19.598s] Level 1:colcon.colcon_core.environment:create_file_with_runtime_dependencies(/home/gastrobot/gastrobot_ws/install/gastrobot_gui/share/colcon-core/packages/gastrobot_gui)
[19.611s] DEBUG:colcon.colcon_core.event_handler.log_command:Invoking command in '/home/gastrobot/gastrobot_ws/build/rplidar_ros': CMAKE_PREFIX_PATH=${CMAKE_PREFIX_PATH}:/home/gastrobot/gastrobot_ws/install/gastrobot_perception:/home/gastrobot/gastrobot_ws/install/gastrobot_navigation:/home/gastrobot/gastrobot_ws/install/gastrobot_gui:/home/gastrobot/gastrobot_ws/install/gastrobot_control:/home/gastrobot/gastrobot_ws/install/gastrobot_bringup:/home/gastrobot/gastrobot_ws_clean/install/gastrobot_control:/home/gastrobot/gastrobot_ws_clean/install/gastrobot_bringup:/opt/ros/jazzy /usr/bin/cmake /home/gastrobot/gastrobot_ws/src/rplidar_ros -DAMENT_CMAKE_SYMLINK_INSTALL=1 -DCMAKE_INSTALL_PREFIX=/home/gastrobot/gastrobot_ws/install/rplidar_ros
[19.612s] Level 1:colcon.colcon_core.shell:create_environment_hook('gastrobot_control', 'pythonpath_develop')
[19.614s] INFO:colcon.colcon_core.shell:Creating environment hook '/home/gastrobot/gastrobot_ws/build/gastrobot_control/share/gastrobot_control/hook/pythonpath_develop.ps1'
[19.614s] DEBUG:colcon.colcon_core.event_handler.log_command:Invoked command in '/home/gastrobot/gastrobot_ws/build/gastrobot_control' returned '0': PYTHONPATH=/home/gastrobot/gastrobot_ws/build/gastrobot_control/prefix_override:/usr/lib/python3/dist-packages/colcon_core/task/python/colcon_distutils_commands:/home/gastrobot/gastrobot_ws/install/gastrobot_control/lib/python3.12/site-packages:${PYTHONPATH} /usr/bin/python3 -W ignore:setup.py install is deprecated -W ignore:easy_install command is deprecated setup.py develop --editable --build-directory /home/gastrobot/gastrobot_ws/build/gastrobot_control/build --no-deps symlink_data
[19.617s] INFO:colcon.colcon_core.shell:Creating environment descriptor '/home/gastrobot/gastrobot_ws/build/gastrobot_control/share/gastrobot_control/hook/pythonpath_develop.dsv'
[19.618s] INFO:colcon.colcon_core.shell:Creating environment hook '/home/gastrobot/gastrobot_ws/build/gastrobot_control/share/gastrobot_control/hook/pythonpath_develop.sh'
[19.621s] Level 1:colcon.colcon_core.environment:checking '/home/gastrobot/gastrobot_ws/install/gastrobot_control' for CMake module files
[19.624s] Level 1:colcon.colcon_core.environment:checking '/home/gastrobot/gastrobot_ws/install/gastrobot_control' for CMake config files
[19.627s] Level 1:colcon.colcon_core.environment:checking '/home/gastrobot/gastrobot_ws/install/gastrobot_control/lib'
[19.627s] Level 1:colcon.colcon_core.environment:checking '/home/gastrobot/gastrobot_ws/install/gastrobot_control/bin'
[19.628s] Level 1:colcon.colcon_core.environment:checking '/home/gastrobot/gastrobot_ws/install/gastrobot_control/lib/pkgconfig/gastrobot_control.pc'
[19.628s] Level 1:colcon.colcon_core.environment:checking '/home/gastrobot/gastrobot_ws/install/gastrobot_control/lib/python3.12/site-packages'
[19.629s] Level 1:colcon.colcon_core.shell:create_environment_hook('gastrobot_control', 'pythonpath')
[19.630s] INFO:colcon.colcon_core.shell:Creating environment hook '/home/gastrobot/gastrobot_ws/install/gastrobot_control/share/gastrobot_control/hook/pythonpath.ps1'
[19.632s] INFO:colcon.colcon_core.shell:Creating environment descriptor '/home/gastrobot/gastrobot_ws/install/gastrobot_control/share/gastrobot_control/hook/pythonpath.dsv'
[19.634s] INFO:colcon.colcon_core.shell:Creating environment hook '/home/gastrobot/gastrobot_ws/install/gastrobot_control/share/gastrobot_control/hook/pythonpath.sh'
[19.637s] Level 1:colcon.colcon_core.environment:checking '/home/gastrobot/gastrobot_ws/install/gastrobot_control/bin'
[19.637s] Level 1:colcon.colcon_core.environment:create_environment_scripts_only(gastrobot_control)
[19.638s] INFO:colcon.colcon_core.shell:Creating package script '/home/gastrobot/gastrobot_ws/install/gastrobot_control/share/gastrobot_control/package.ps1'
[19.640s] INFO:colcon.colcon_core.shell:Creating package descriptor '/home/gastrobot/gastrobot_ws/install/gastrobot_control/share/gastrobot_control/package.dsv'
[19.642s] INFO:colcon.colcon_core.shell:Creating package script '/home/gastrobot/gastrobot_ws/install/gastrobot_control/share/gastrobot_control/package.sh'
[19.645s] INFO:colcon.colcon_core.shell:Creating package script '/home/gastrobot/gastrobot_ws/install/gastrobot_control/share/gastrobot_control/package.bash'
[19.646s] INFO:colcon.colcon_core.shell:Creating package script '/home/gastrobot/gastrobot_ws/install/gastrobot_control/share/gastrobot_control/package.zsh'
[19.648s] Level 1:colcon.colcon_core.environment:create_file_with_runtime_dependencies(/home/gastrobot/gastrobot_ws/install/gastrobot_control/share/colcon-core/packages/gastrobot_control)
[23.852s] DEBUG:colcon.colcon_core.event_handler.log_command:Invoking command in '/home/gastrobot/gastrobot_ws/build/gastrobot_perception': PYTHONPATH=/home/gastrobot/gastrobot_ws/build/gastrobot_perception/prefix_override:/usr/lib/python3/dist-packages/colcon_core/task/python/colcon_distutils_commands:/home/gastrobot/gastrobot_ws/install/gastrobot_perception/lib/python3.12/site-packages:${PYTHONPATH} /usr/bin/python3 -W ignore:setup.py install is deprecated -W ignore:easy_install command is deprecated setup.py develop --editable --build-directory /home/gastrobot/gastrobot_ws/build/gastrobot_perception/build --no-deps symlink_data
[28.352s] Level 1:colcon.colcon_core.shell:create_environment_hook('gastrobot_perception', 'pythonpath_develop')
[28.354s] INFO:colcon.colcon_core.shell:Creating environment hook '/home/gastrobot/gastrobot_ws/build/gastrobot_perception/share/gastrobot_perception/hook/pythonpath_develop.ps1'
[28.354s] DEBUG:colcon.colcon_core.event_handler.log_command:Invoked command in '/home/gastrobot/gastrobot_ws/build/gastrobot_perception' returned '0': PYTHONPATH=/home/gastrobot/gastrobot_ws/build/gastrobot_perception/prefix_override:/usr/lib/python3/dist-packages/colcon_core/task/python/colcon_distutils_commands:/home/gastrobot/gastrobot_ws/install/gastrobot_perception/lib/python3.12/site-packages:${PYTHONPATH} /usr/bin/python3 -W ignore:setup.py install is deprecated -W ignore:easy_install command is deprecated setup.py develop --editable --build-directory /home/gastrobot/gastrobot_ws/build/gastrobot_perception/build --no-deps symlink_data
[28.357s] INFO:colcon.colcon_core.shell:Creating environment descriptor '/home/gastrobot/gastrobot_ws/build/gastrobot_perception/share/gastrobot_perception/hook/pythonpath_develop.dsv'
[28.359s] INFO:colcon.colcon_core.shell:Creating environment hook '/home/gastrobot/gastrobot_ws/build/gastrobot_perception/share/gastrobot_perception/hook/pythonpath_develop.sh'
[28.361s] Level 1:colcon.colcon_core.environment:checking '/home/gastrobot/gastrobot_ws/install/gastrobot_perception' for CMake module files
[28.364s] Level 1:colcon.colcon_core.environment:checking '/home/gastrobot/gastrobot_ws/install/gastrobot_perception' for CMake config files
[28.367s] Level 1:colcon.colcon_core.environment:checking '/home/gastrobot/gastrobot_ws/install/gastrobot_perception/lib'
[28.367s] Level 1:colcon.colcon_core.environment:checking '/home/gastrobot/gastrobot_ws/install/gastrobot_perception/bin'
[28.367s] Level 1:colcon.colcon_core.environment:checking '/home/gastrobot/gastrobot_ws/install/gastrobot_perception/lib/pkgconfig/gastrobot_perception.pc'
[28.368s] Level 1:colcon.colcon_core.environment:checking '/home/gastrobot/gastrobot_ws/install/gastrobot_perception/lib/python3.12/site-packages'
[28.369s] Level 1:colcon.colcon_core.shell:create_environment_hook('gastrobot_perception', 'pythonpath')
[28.370s] INFO:colcon.colcon_core.shell:Creating environment hook '/home/gastrobot/gastrobot_ws/install/gastrobot_perception/share/gastrobot_perception/hook/pythonpath.ps1'
[28.372s] INFO:colcon.colcon_core.shell:Creating environment descriptor '/home/gastrobot/gastrobot_ws/install/gastrobot_perception/share/gastrobot_perception/hook/pythonpath.dsv'
[28.373s] INFO:colcon.colcon_core.shell:Creating environment hook '/home/gastrobot/gastrobot_ws/install/gastrobot_perception/share/gastrobot_perception/hook/pythonpath.sh'
[28.376s] Level 1:colcon.colcon_core.environment:checking '/home/gastrobot/gastrobot_ws/install/gastrobot_perception/bin'
[28.377s] Level 1:colcon.colcon_core.environment:create_environment_scripts_only(gastrobot_perception)
[28.378s] INFO:colcon.colcon_core.shell:Creating package script '/home/gastrobot/gastrobot_ws/install/gastrobot_perception/share/gastrobot_perception/package.ps1'
[28.380s] INFO:colcon.colcon_core.shell:Creating package descriptor '/home/gastrobot/gastrobot_ws/install/gastrobot_perception/share/gastrobot_perception/package.dsv'
[28.382s] INFO:colcon.colcon_core.shell:Creating package script '/home/gastrobot/gastrobot_ws/install/gastrobot_perception/share/gastrobot_perception/package.sh'
[28.385s] INFO:colcon.colcon_core.shell:Creating package script '/home/gastrobot/gastrobot_ws/install/gastrobot_perception/share/gastrobot_perception/package.bash'
[28.386s] INFO:colcon.colcon_core.shell:Creating package script '/home/gastrobot/gastrobot_ws/install/gastrobot_perception/share/gastrobot_perception/package.zsh'
[28.388s] Level 1:colcon.colcon_core.environment:create_file_with_runtime_dependencies(/home/gastrobot/gastrobot_ws/install/gastrobot_perception/share/colcon-core/packages/gastrobot_perception)
[29.215s] DEBUG:colcon.colcon_core.event_handler.log_command:Invoked command in '/home/gastrobot/gastrobot_ws/build/rplidar_ros' returned '0': CMAKE_PREFIX_PATH=${CMAKE_PREFIX_PATH}:/home/gastrobot/gastrobot_ws/install/gastrobot_perception:/home/gastrobot/gastrobot_ws/install/gastrobot_navigation:/home/gastrobot/gastrobot_ws/install/gastrobot_gui:/home/gastrobot/gastrobot_ws/install/gastrobot_control:/home/gastrobot/gastrobot_ws/install/gastrobot_bringup:/home/gastrobot/gastrobot_ws_clean/install/gastrobot_control:/home/gastrobot/gastrobot_ws_clean/install/gastrobot_bringup:/opt/ros/jazzy /usr/bin/cmake /home/gastrobot/gastrobot_ws/src/rplidar_ros -DAMENT_CMAKE_SYMLINK_INSTALL=1 -DCMAKE_INSTALL_PREFIX=/home/gastrobot/gastrobot_ws/install/rplidar_ros
[29.221s] DEBUG:colcon.colcon_core.event_handler.log_command:Invoking command in '/home/gastrobot/gastrobot_ws/build/rplidar_ros': CMAKE_PREFIX_PATH=${CMAKE_PREFIX_PATH}:/home/gastrobot/gastrobot_ws/install/gastrobot_perception:/home/gastrobot/gastrobot_ws/install/gastrobot_navigation:/home/gastrobot/gastrobot_ws/install/gastrobot_gui:/home/gastrobot/gastrobot_ws/install/gastrobot_control:/home/gastrobot/gastrobot_ws/install/gastrobot_bringup:/home/gastrobot/gastrobot_ws_clean/install/gastrobot_control:/home/gastrobot/gastrobot_ws_clean/install/gastrobot_bringup:/opt/ros/jazzy /usr/bin/cmake --build /home/gastrobot/gastrobot_ws/build/rplidar_ros -- -j4 -l4
[93.151s] DEBUG:colcon.colcon_core.event_handler.log_command:Invoked command in '/home/gastrobot/gastrobot_ws/build/rplidar_ros' returned '0': CMAKE_PREFIX_PATH=${CMAKE_PREFIX_PATH}:/home/gastrobot/gastrobot_ws/install/gastrobot_perception:/home/gastrobot/gastrobot_ws/install/gastrobot_navigation:/home/gastrobot/gastrobot_ws/install/gastrobot_gui:/home/gastrobot/gastrobot_ws/install/gastrobot_control:/home/gastrobot/gastrobot_ws/install/gastrobot_bringup:/home/gastrobot/gastrobot_ws_clean/install/gastrobot_control:/home/gastrobot/gastrobot_ws_clean/install/gastrobot_bringup:/opt/ros/jazzy /usr/bin/cmake --build /home/gastrobot/gastrobot_ws/build/rplidar_ros -- -j4 -l4
[93.217s] DEBUG:colcon.colcon_core.event_handler.log_command:Invoking command in '/home/gastrobot/gastrobot_ws/build/rplidar_ros': CMAKE_PREFIX_PATH=${CMAKE_PREFIX_PATH}:/home/gastrobot/gastrobot_ws/install/gastrobot_perception:/home/gastrobot/gastrobot_ws/install/gastrobot_navigation:/home/gastrobot/gastrobot_ws/install/gastrobot_gui:/home/gastrobot/gastrobot_ws/install/gastrobot_control:/home/gastrobot/gastrobot_ws/install/gastrobot_bringup:/home/gastrobot/gastrobot_ws_clean/install/gastrobot_control:/home/gastrobot/gastrobot_ws_clean/install/gastrobot_bringup:/opt/ros/jazzy /usr/bin/cmake --install /home/gastrobot/gastrobot_ws/build/rplidar_ros
[96.121s] Level 1:colcon.colcon_core.environment:create_environment_scripts_only(rplidar_ros)
[96.123s] Level 1:colcon.colcon_core.environment:checking '/home/gastrobot/gastrobot_ws/install/rplidar_ros' for CMake module files
[96.124s] DEBUG:colcon.colcon_core.event_handler.log_command:Invoked command in '/home/gastrobot/gastrobot_ws/build/rplidar_ros' returned '0': CMAKE_PREFIX_PATH=${CMAKE_PREFIX_PATH}:/home/gastrobot/gastrobot_ws/install/gastrobot_perception:/home/gastrobot/gastrobot_ws/install/gastrobot_navigation:/home/gastrobot/gastrobot_ws/install/gastrobot_gui:/home/gastrobot/gastrobot_ws/install/gastrobot_control:/home/gastrobot/gastrobot_ws/install/gastrobot_bringup:/home/gastrobot/gastrobot_ws_clean/install/gastrobot_control:/home/gastrobot/gastrobot_ws_clean/install/gastrobot_bringup:/opt/ros/jazzy /usr/bin/cmake --install /home/gastrobot/gastrobot_ws/build/rplidar_ros
[96.128s] Level 1:colcon.colcon_core.environment:checking '/home/gastrobot/gastrobot_ws/install/rplidar_ros' for CMake config files
[96.131s] Level 1:colcon.colcon_core.shell:create_environment_hook('rplidar_ros', 'cmake_prefix_path')
[96.131s] INFO:colcon.colcon_core.shell:Creating environment hook '/home/gastrobot/gastrobot_ws/install/rplidar_ros/share/rplidar_ros/hook/cmake_prefix_path.ps1'
[96.133s] INFO:colcon.colcon_core.shell:Creating environment descriptor '/home/gastrobot/gastrobot_ws/install/rplidar_ros/share/rplidar_ros/hook/cmake_prefix_path.dsv'
[96.135s] INFO:colcon.colcon_core.shell:Creating environment hook '/home/gastrobot/gastrobot_ws/install/rplidar_ros/share/rplidar_ros/hook/cmake_prefix_path.sh'
[96.137s] Level 1:colcon.colcon_core.environment:checking '/home/gastrobot/gastrobot_ws/install/rplidar_ros/lib'
[96.138s] Level 1:colcon.colcon_core.environment:checking '/home/gastrobot/gastrobot_ws/install/rplidar_ros/bin'
[96.138s] Level 1:colcon.colcon_core.environment:checking '/home/gastrobot/gastrobot_ws/install/rplidar_ros/lib/pkgconfig/rplidar_ros.pc'
[96.139s] Level 1:colcon.colcon_core.environment:checking '/home/gastrobot/gastrobot_ws/install/rplidar_ros/lib/python3.12/site-packages'
[96.141s] Level 1:colcon.colcon_core.environment:checking '/home/gastrobot/gastrobot_ws/install/rplidar_ros/bin'
[96.142s] INFO:colcon.colcon_core.shell:Creating package script '/home/gastrobot/gastrobot_ws/install/rplidar_ros/share/rplidar_ros/package.ps1'
[96.144s] INFO:colcon.colcon_core.shell:Creating package descriptor '/home/gastrobot/gastrobot_ws/install/rplidar_ros/share/rplidar_ros/package.dsv'
[96.145s] INFO:colcon.colcon_core.shell:Creating package script '/home/gastrobot/gastrobot_ws/install/rplidar_ros/share/rplidar_ros/package.sh'
[96.147s] INFO:colcon.colcon_core.shell:Creating package script '/home/gastrobot/gastrobot_ws/install/rplidar_ros/share/rplidar_ros/package.bash'
[96.149s] INFO:colcon.colcon_core.shell:Creating package script '/home/gastrobot/gastrobot_ws/install/rplidar_ros/share/rplidar_ros/package.zsh'
[96.150s] Level 1:colcon.colcon_core.environment:create_file_with_runtime_dependencies(/home/gastrobot/gastrobot_ws/install/rplidar_ros/share/colcon-core/packages/rplidar_ros)
[96.153s] Level 1:colcon.colcon_core.environment:create_environment_scripts_only(rplidar_ros)
[96.153s] Level 1:colcon.colcon_core.environment:checking '/home/gastrobot/gastrobot_ws/install/rplidar_ros' for CMake module files
[96.157s] Level 1:colcon.colcon_core.environment:checking '/home/gastrobot/gastrobot_ws/install/rplidar_ros' for CMake config files
[96.158s] Level 1:colcon.colcon_core.shell:create_environment_hook('rplidar_ros', 'cmake_prefix_path')
[96.159s] INFO:colcon.colcon_core.shell:Creating environment hook '/home/gastrobot/gastrobot_ws/install/rplidar_ros/share/rplidar_ros/hook/cmake_prefix_path.ps1'
[96.161s] INFO:colcon.colcon_core.shell:Creating environment descriptor '/home/gastrobot/gastrobot_ws/install/rplidar_ros/share/rplidar_ros/hook/cmake_prefix_path.dsv'
[96.163s] INFO:colcon.colcon_core.shell:Creating environment hook '/home/gastrobot/gastrobot_ws/install/rplidar_ros/share/rplidar_ros/hook/cmake_prefix_path.sh'
[96.165s] Level 1:colcon.colcon_core.environment:checking '/home/gastrobot/gastrobot_ws/install/rplidar_ros/lib'
[96.165s] Level 1:colcon.colcon_core.environment:checking '/home/gastrobot/gastrobot_ws/install/rplidar_ros/bin'
[96.166s] Level 1:colcon.colcon_core.environment:checking '/home/gastrobot/gastrobot_ws/install/rplidar_ros/lib/pkgconfig/rplidar_ros.pc'
[96.166s] Level 1:colcon.colcon_core.environment:checking '/home/gastrobot/gastrobot_ws/install/rplidar_ros/lib/python3.12/site-packages'
[96.168s] Level 1:colcon.colcon_core.environment:checking '/home/gastrobot/gastrobot_ws/install/rplidar_ros/bin'
[96.169s] INFO:colcon.colcon_core.shell:Creating package script '/home/gastrobot/gastrobot_ws/install/rplidar_ros/share/rplidar_ros/package.ps1'
[96.171s] INFO:colcon.colcon_core.shell:Creating package descriptor '/home/gastrobot/gastrobot_ws/install/rplidar_ros/share/rplidar_ros/package.dsv'
[96.173s] INFO:colcon.colcon_core.shell:Creating package script '/home/gastrobot/gastrobot_ws/install/rplidar_ros/share/rplidar_ros/package.sh'
[96.175s] INFO:colcon.colcon_core.shell:Creating package script '/home/gastrobot/gastrobot_ws/install/rplidar_ros/share/rplidar_ros/package.bash'
[96.179s] INFO:colcon.colcon_core.shell:Creating package script '/home/gastrobot/gastrobot_ws/install/rplidar_ros/share/rplidar_ros/package.zsh'
[96.180s] Level 1:colcon.colcon_core.environment:create_file_with_runtime_dependencies(/home/gastrobot/gastrobot_ws/install/rplidar_ros/share/colcon-core/packages/rplidar_ros)
[96.190s] DEBUG:colcon.colcon_parallel_executor.executor.parallel:closing loop
[96.194s] DEBUG:colcon.colcon_parallel_executor.executor.parallel:loop closed
[96.194s] DEBUG:colcon.colcon_parallel_executor.executor.parallel:run_until_complete finished with '0'
[96.195s] DEBUG:colcon.colcon_core.event_reactor:joining thread
[96.272s] INFO:colcon.colcon_core.plugin_system:Skipping extension 'colcon_notification.desktop_notification.terminal_notifier': Not used on non-Darwin systems
[96.272s] INFO:colcon.colcon_core.plugin_system:Skipping extension 'colcon_notification.desktop_notification.win32': Not used on non-Windows systems
[96.272s] INFO:colcon.colcon_notification.desktop_notification:Sending desktop notification using 'notify2'
[96.329s] DEBUG:colcon.colcon_core.event_reactor:joined thread
[96.331s] INFO:colcon.colcon_core.shell:Creating prefix script '/home/gastrobot/gastrobot_ws/install/local_setup.ps1'
[96.335s] INFO:colcon.colcon_core.shell:Creating prefix util module '/home/gastrobot/gastrobot_ws/install/_local_setup_util_ps1.py'
[96.341s] INFO:colcon.colcon_core.shell:Creating prefix chain script '/home/gastrobot/gastrobot_ws/install/setup.ps1'
[96.347s] INFO:colcon.colcon_core.shell:Creating prefix script '/home/gastrobot/gastrobot_ws/install/local_setup.sh'
[96.350s] INFO:colcon.colcon_core.shell:Creating prefix util module '/home/gastrobot/gastrobot_ws/install/_local_setup_util_sh.py'
[96.352s] INFO:colcon.colcon_core.shell:Creating prefix chain script '/home/gastrobot/gastrobot_ws/install/setup.sh'
[96.360s] INFO:colcon.colcon_core.shell:Creating prefix script '/home/gastrobot/gastrobot_ws/install/local_setup.bash'
[96.362s] INFO:colcon.colcon_core.shell:Creating prefix chain script '/home/gastrobot/gastrobot_ws/install/setup.bash'
[96.370s] INFO:colcon.colcon_core.shell:Creating prefix script '/home/gastrobot/gastrobot_ws/install/local_setup.zsh'
[96.373s] INFO:colcon.colcon_core.shell:Creating prefix chain script '/home/gastrobot/gastrobot_ws/install/setup.zsh'
