running develop
/usr/lib/python3/dist-packages/setuptools/command/easy_install.py:363: UserWarning: Unbuilt egg for pytest-repeat [unknown version] (/usr/lib/python3/dist-packages)
  self.local_index = Environment(self.shadow_path + sys.path)
Removing /home/gastrobot/gastrobot_ws/install/gastrobot_gui/lib/python3.12/site-packages/gastrobot-gui.egg-link (link to .)
running egg_info
writing ../../build/gastrobot_gui/gastrobot_gui.egg-info/PKG-INFO
writing dependency_links to ../../build/gastrobot_gui/gastrobot_gui.egg-info/dependency_links.txt
writing entry points to ../../build/gastrobot_gui/gastrobot_gui.egg-info/entry_points.txt
writing requirements to ../../build/gastrobot_gui/gastrobot_gui.egg-info/requires.txt
writing top-level names to ../../build/gastrobot_gui/gastrobot_gui.egg-info/top_level.txt
reading manifest file '../../build/gastrobot_gui/gastrobot_gui.egg-info/SOURCES.txt'
writing manifest file '../../build/gastrobot_gui/gastrobot_gui.egg-info/SOURCES.txt'
running build
running build_py
creating /home/gastrobot/gastrobot_ws/build/gastrobot_gui/build
creating /home/gastrobot/gastrobot_ws/build/gastrobot_gui/build/lib
creating /home/gastrobot/gastrobot_ws/build/gastrobot_gui/build/lib/gastrobot_gui
copying gastrobot_gui/gui_node.py -> /home/gastrobot/gastrobot_ws/build/gastrobot_gui/build/lib/gastrobot_gui
copying gastrobot_gui/__init__.py -> /home/gastrobot/gastrobot_ws/build/gastrobot_gui/build/lib/gastrobot_gui
running install
running install_lib
creating /home/gastrobot/gastrobot_ws/install/gastrobot_gui/lib/python3.12/site-packages/gastrobot_gui
copying /home/gastrobot/gastrobot_ws/build/gastrobot_gui/build/lib/gastrobot_gui/gui_node.py -> /home/gastrobot/gastrobot_ws/install/gastrobot_gui/lib/python3.12/site-packages/gastrobot_gui
copying /home/gastrobot/gastrobot_ws/build/gastrobot_gui/build/lib/gastrobot_gui/__init__.py -> /home/gastrobot/gastrobot_ws/install/gastrobot_gui/lib/python3.12/site-packages/gastrobot_gui
byte-compiling /home/gastrobot/gastrobot_ws/install/gastrobot_gui/lib/python3.12/site-packages/gastrobot_gui/gui_node.py to gui_node.cpython-312.pyc
byte-compiling /home/gastrobot/gastrobot_ws/install/gastrobot_gui/lib/python3.12/site-packages/gastrobot_gui/__init__.py to __init__.cpython-312.pyc
running install_data
copying resource/gastrobot_gui -> /home/gastrobot/gastrobot_ws/install/gastrobot_gui/share/ament_index/resource_index/packages
copying package.xml -> /home/gastrobot/gastrobot_ws/install/gastrobot_gui/share/gastrobot_gui
running install_egg_info
Copying ../../build/gastrobot_gui/gastrobot_gui.egg-info to /home/gastrobot/gastrobot_ws/install/gastrobot_gui/lib/python3.12/site-packages/gastrobot_gui-0.0.0-py3.12.egg-info
running install_scripts
Installing gui_node script to /home/gastrobot/gastrobot_ws/install/gastrobot_gui/lib/gastrobot_gui
writing list of installed files to '/home/gastrobot/gastrobot_ws/build/gastrobot_gui/install.log'
