[10.627s] Invoking command in '/home/gastrobot/gastrobot_ws/build/gastrobot_gui': PYTHONPATH=/home/gastrobot/gastrobot_ws/build/gastrobot_gui/prefix_override:/usr/lib/python3/dist-packages/colcon_core/task/python/colcon_distutils_commands:/home/gastrobot/gastrobot_ws/install/gastrobot_gui/lib/python3.12/site-packages:${PYTHONPATH} /usr/bin/python3 -W ignore:setup.py install is deprecated -W ignore:easy_install command is deprecated setup.py develop --uninstall --editable --build-directory /home/gastrobot/gastrobot_ws/build/gastrobot_gui/build
[13.428s] running develop
[15.153s] /usr/lib/python3/dist-packages/setuptools/command/easy_install.py:363: UserWarning: Unbuilt egg for pytest-repeat [unknown version] (/usr/lib/python3/dist-packages)
[15.153s]   self.local_index = Environment(self.shadow_path + sys.path)
[15.763s] Removing /home/gastrobot/gastrobot_ws/install/gastrobot_gui/lib/python3.12/site-packages/gastrobot-gui.egg-link (link to .)
[16.073s] Invoked command in '/home/gastrobot/gastrobot_ws/build/gastrobot_gui' returned '0': PYTHONPATH=/home/gastrobot/gastrobot_ws/build/gastrobot_gui/prefix_override:/usr/lib/python3/dist-packages/colcon_core/task/python/colcon_distutils_commands:/home/gastrobot/gastrobot_ws/install/gastrobot_gui/lib/python3.12/site-packages:${PYTHONPATH} /usr/bin/python3 -W ignore:setup.py install is deprecated -W ignore:easy_install command is deprecated setup.py develop --uninstall --editable --build-directory /home/gastrobot/gastrobot_ws/build/gastrobot_gui/build
[16.079s] Invoking command in '/home/gastrobot/gastrobot_ws/src/gastrobot_gui': PYTHONPATH=/home/gastrobot/gastrobot_ws/build/gastrobot_gui/prefix_override:/usr/lib/python3/dist-packages/colcon_core/task/python/colcon_distutils_commands:/home/gastrobot/gastrobot_ws/install/gastrobot_gui/lib/python3.12/site-packages:${PYTHONPATH} /usr/bin/python3 -W ignore:setup.py install is deprecated -W ignore:easy_install command is deprecated setup.py egg_info --egg-base ../../build/gastrobot_gui build --build-base /home/gastrobot/gastrobot_ws/build/gastrobot_gui/build install --record /home/gastrobot/gastrobot_ws/build/gastrobot_gui/install.log --single-version-externally-managed install_data --force
[18.528s] running egg_info
[18.731s] writing ../../build/gastrobot_gui/gastrobot_gui.egg-info/PKG-INFO
[18.732s] writing dependency_links to ../../build/gastrobot_gui/gastrobot_gui.egg-info/dependency_links.txt
[18.733s] writing entry points to ../../build/gastrobot_gui/gastrobot_gui.egg-info/entry_points.txt
[18.737s] writing requirements to ../../build/gastrobot_gui/gastrobot_gui.egg-info/requires.txt
[18.737s] writing top-level names to ../../build/gastrobot_gui/gastrobot_gui.egg-info/top_level.txt
[19.143s] reading manifest file '../../build/gastrobot_gui/gastrobot_gui.egg-info/SOURCES.txt'
[19.150s] writing manifest file '../../build/gastrobot_gui/gastrobot_gui.egg-info/SOURCES.txt'
[19.151s] running build
[19.152s] running build_py
[19.152s] creating /home/gastrobot/gastrobot_ws/build/gastrobot_gui/build
[19.156s] creating /home/gastrobot/gastrobot_ws/build/gastrobot_gui/build/lib
[19.157s] creating /home/gastrobot/gastrobot_ws/build/gastrobot_gui/build/lib/gastrobot_gui
[19.157s] copying gastrobot_gui/gui_node.py -> /home/gastrobot/gastrobot_ws/build/gastrobot_gui/build/lib/gastrobot_gui
[19.158s] copying gastrobot_gui/__init__.py -> /home/gastrobot/gastrobot_ws/build/gastrobot_gui/build/lib/gastrobot_gui
[19.158s] running install
[19.191s] running install_lib
[19.402s] creating /home/gastrobot/gastrobot_ws/install/gastrobot_gui/lib/python3.12/site-packages/gastrobot_gui
[19.403s] copying /home/gastrobot/gastrobot_ws/build/gastrobot_gui/build/lib/gastrobot_gui/gui_node.py -> /home/gastrobot/gastrobot_ws/install/gastrobot_gui/lib/python3.12/site-packages/gastrobot_gui
[19.406s] copying /home/gastrobot/gastrobot_ws/build/gastrobot_gui/build/lib/gastrobot_gui/__init__.py -> /home/gastrobot/gastrobot_ws/install/gastrobot_gui/lib/python3.12/site-packages/gastrobot_gui
[19.409s] byte-compiling /home/gastrobot/gastrobot_ws/install/gastrobot_gui/lib/python3.12/site-packages/gastrobot_gui/gui_node.py to gui_node.cpython-312.pyc
[19.419s] byte-compiling /home/gastrobot/gastrobot_ws/install/gastrobot_gui/lib/python3.12/site-packages/gastrobot_gui/__init__.py to __init__.cpython-312.pyc
[19.420s] running install_data
[19.423s] copying resource/gastrobot_gui -> /home/gastrobot/gastrobot_ws/install/gastrobot_gui/share/ament_index/resource_index/packages
[19.424s] copying package.xml -> /home/gastrobot/gastrobot_ws/install/gastrobot_gui/share/gastrobot_gui
[19.424s] running install_egg_info
[19.650s] Copying ../../build/gastrobot_gui/gastrobot_gui.egg-info to /home/gastrobot/gastrobot_ws/install/gastrobot_gui/lib/python3.12/site-packages/gastrobot_gui-0.0.0-py3.12.egg-info
[19.658s] running install_scripts
[21.203s] Installing gui_node script to /home/gastrobot/gastrobot_ws/install/gastrobot_gui/lib/gastrobot_gui
[21.207s] writing list of installed files to '/home/gastrobot/gastrobot_ws/build/gastrobot_gui/install.log'
[21.520s] Invoked command in '/home/gastrobot/gastrobot_ws/src/gastrobot_gui' returned '0': PYTHONPATH=/home/gastrobot/gastrobot_ws/build/gastrobot_gui/prefix_override:/usr/lib/python3/dist-packages/colcon_core/task/python/colcon_distutils_commands:/home/gastrobot/gastrobot_ws/install/gastrobot_gui/lib/python3.12/site-packages:${PYTHONPATH} /usr/bin/python3 -W ignore:setup.py install is deprecated -W ignore:easy_install command is deprecated setup.py egg_info --egg-base ../../build/gastrobot_gui build --build-base /home/gastrobot/gastrobot_ws/build/gastrobot_gui/build install --record /home/gastrobot/gastrobot_ws/build/gastrobot_gui/install.log --single-version-externally-managed install_data --force
