[10.700s] Invoking command in '/home/gastrobot/gastrobot_ws/src/gastrobot_navigation': PYTHONPATH=/home/gastrobot/gastrobot_ws/build/gastrobot_navigation/prefix_override:/usr/lib/python3/dist-packages/colcon_core/task/python/colcon_distutils_commands:/home/gastrobot/gastrobot_ws/install/gastrobot_navigation/lib/python3.12/site-packages:${PYTHONPATH} /usr/bin/python3 -W ignore:setup.py install is deprecated -W ignore:easy_install command is deprecated setup.py egg_info --egg-base ../../build/gastrobot_navigation build --build-base /home/gastrobot/gastrobot_ws/build/gastrobot_navigation/build install --record /home/gastrobot/gastrobot_ws/build/gastrobot_navigation/install.log --single-version-externally-managed install_data
[13.087s] running egg_info
[13.289s] writing ../../build/gastrobot_navigation/gastrobot_navigation.egg-info/PKG-INFO
[13.290s] writing dependency_links to ../../build/gastrobot_navigation/gastrobot_navigation.egg-info/dependency_links.txt
[13.294s] writing entry points to ../../build/gastrobot_navigation/gastrobot_navigation.egg-info/entry_points.txt
[13.296s] writing requirements to ../../build/gastrobot_navigation/gastrobot_navigation.egg-info/requires.txt
[13.298s] writing top-level names to ../../build/gastrobot_navigation/gastrobot_navigation.egg-info/top_level.txt
[13.718s] reading manifest file '../../build/gastrobot_navigation/gastrobot_navigation.egg-info/SOURCES.txt'
[13.725s] writing manifest file '../../build/gastrobot_navigation/gastrobot_navigation.egg-info/SOURCES.txt'
[13.726s] running build
[13.728s] running build_py
[13.731s] running install
[13.765s] running install_lib
[13.975s] running install_data
[13.976s] running install_egg_info
[14.199s] removing '/home/gastrobot/gastrobot_ws/install/gastrobot_navigation/lib/python3.12/site-packages/gastrobot_navigation-0.0.0-py3.12.egg-info' (and everything under it)
[14.205s] Copying ../../build/gastrobot_navigation/gastrobot_navigation.egg-info to /home/gastrobot/gastrobot_ws/install/gastrobot_navigation/lib/python3.12/site-packages/gastrobot_navigation-0.0.0-py3.12.egg-info
[14.214s] running install_scripts
[15.865s] Installing mission_manager script to /home/gastrobot/gastrobot_ws/install/gastrobot_navigation/lib/gastrobot_navigation
[15.868s] writing list of installed files to '/home/gastrobot/gastrobot_ws/build/gastrobot_navigation/install.log'
[17.295s] Invoked command in '/home/gastrobot/gastrobot_ws/src/gastrobot_navigation' returned '0': PYTHONPATH=/home/gastrobot/gastrobot_ws/build/gastrobot_navigation/prefix_override:/usr/lib/python3/dist-packages/colcon_core/task/python/colcon_distutils_commands:/home/gastrobot/gastrobot_ws/install/gastrobot_navigation/lib/python3.12/site-packages:${PYTHONPATH} /usr/bin/python3 -W ignore:setup.py install is deprecated -W ignore:easy_install command is deprecated setup.py egg_info --egg-base ../../build/gastrobot_navigation build --build-base /home/gastrobot/gastrobot_ws/build/gastrobot_navigation/build install --record /home/gastrobot/gastrobot_ws/build/gastrobot_navigation/install.log --single-version-externally-managed install_data
