running develop
running egg_info
creating gastrobot_bringup.egg-info
writing gastrobot_bringup.egg-info/PKG-INFO
writing dependency_links to gastrobot_bringup.egg-info/dependency_links.txt
writing requirements to gastrobot_bringup.egg-info/requires.txt
writing top-level names to gastrobot_bringup.egg-info/top_level.txt
writing manifest file 'gastrobot_bringup.egg-info/SOURCES.txt'
reading manifest file 'gastrobot_bringup.egg-info/SOURCES.txt'
writing manifest file 'gastrobot_bringup.egg-info/SOURCES.txt'
running build_ext
Creating /home/gastrobot/gastrobot_ws/install/gastrobot_bringup/lib/python3.12/site-packages/gastrobot-bringup.egg-link (link to .)

Installed /home/gastrobot/gastrobot_ws/build/gastrobot_bringup
running symlink_data
creating /home/gastrobot/gastrobot_ws/install/gastrobot_bringup/share/ament_index
creating /home/gastrobot/gastrobot_ws/install/gastrobot_bringup/share/ament_index/resource_index
creating /home/gastrobot/gastrobot_ws/install/gastrobot_bringup/share/ament_index/resource_index/packages
symbolically linking /home/gastrobot/gastrobot_ws/build/gastrobot_bringup/resource/gastrobot_bringup -> /home/gastrobot/gastrobot_ws/install/gastrobot_bringup/share/ament_index/resource_index/packages
symbolically linking /home/gastrobot/gastrobot_ws/build/gastrobot_bringup/package.xml -> /home/gastrobot/gastrobot_ws/install/gastrobot_bringup/share/gastrobot_bringup
creating /home/gastrobot/gastrobot_ws/install/gastrobot_bringup/share/gastrobot_bringup/launch
symbolically linking /home/gastrobot/gastrobot_ws/build/gastrobot_bringup/launch/bringup.launch.py -> /home/gastrobot/gastrobot_ws/install/gastrobot_bringup/share/gastrobot_bringup/launch
