[10.471s] Invoking command in '/home/gastrobot/gastrobot_ws/build/gastrobot_bringup': PYTHONPATH=/home/gastrobot/gastrobot_ws/build/gastrobot_bringup/prefix_override:/usr/lib/python3/dist-packages/colcon_core/task/python/colcon_distutils_commands:/home/gastrobot/gastrobot_ws/install/gastrobot_bringup/lib/python3.12/site-packages:${PYTHONPATH} /usr/bin/python3 -W ignore:setup.py install is deprecated -W ignore:easy_install command is deprecated setup.py develop --editable --build-directory /home/gastrobot/gastrobot_ws/build/gastrobot_bringup/build --no-deps symlink_data
[13.467s] running develop
[15.148s] /usr/lib/python3/dist-packages/setuptools/command/easy_install.py:363: UserWarning: Unbuilt egg for pytest-repeat [unknown version] (/usr/lib/python3/dist-packages)
[15.149s]   self.local_index = Environment(self.shadow_path + sys.path)
[15.593s] running egg_info
[15.594s] creating gastrobot_bringup.egg-info
[15.795s] writing gastrobot_bringup.egg-info/PKG-INFO
[15.796s] writing dependency_links to gastrobot_bringup.egg-info/dependency_links.txt
[15.799s] writing requirements to gastrobot_bringup.egg-info/requires.txt
[15.800s] writing top-level names to gastrobot_bringup.egg-info/top_level.txt
[15.800s] writing manifest file 'gastrobot_bringup.egg-info/SOURCES.txt'
[16.213s] reading manifest file 'gastrobot_bringup.egg-info/SOURCES.txt'
[16.215s] writing manifest file 'gastrobot_bringup.egg-info/SOURCES.txt'
[16.445s] running build_ext
[16.446s] Creating /home/gastrobot/gastrobot_ws/install/gastrobot_bringup/lib/python3.12/site-packages/gastrobot-bringup.egg-link (link to .)
[16.453s] 
[16.457s] Installed /home/gastrobot/gastrobot_ws/build/gastrobot_bringup
[16.461s] running symlink_data
[16.462s] creating /home/gastrobot/gastrobot_ws/install/gastrobot_bringup/share/ament_index
[16.463s] creating /home/gastrobot/gastrobot_ws/install/gastrobot_bringup/share/ament_index/resource_index
[16.467s] creating /home/gastrobot/gastrobot_ws/install/gastrobot_bringup/share/ament_index/resource_index/packages
[16.472s] symbolically linking /home/gastrobot/gastrobot_ws/build/gastrobot_bringup/resource/gastrobot_bringup -> /home/gastrobot/gastrobot_ws/install/gastrobot_bringup/share/ament_index/resource_index/packages
[16.474s] symbolically linking /home/gastrobot/gastrobot_ws/build/gastrobot_bringup/package.xml -> /home/gastrobot/gastrobot_ws/install/gastrobot_bringup/share/gastrobot_bringup
[16.479s] creating /home/gastrobot/gastrobot_ws/install/gastrobot_bringup/share/gastrobot_bringup/launch
[16.481s] symbolically linking /home/gastrobot/gastrobot_ws/build/gastrobot_bringup/launch/bringup.launch.py -> /home/gastrobot/gastrobot_ws/install/gastrobot_bringup/share/gastrobot_bringup/launch
[16.975s] Invoked command in '/home/gastrobot/gastrobot_ws/build/gastrobot_bringup' returned '0': PYTHONPATH=/home/gastrobot/gastrobot_ws/build/gastrobot_bringup/prefix_override:/usr/lib/python3/dist-packages/colcon_core/task/python/colcon_distutils_commands:/home/gastrobot/gastrobot_ws/install/gastrobot_bringup/lib/python3.12/site-packages:${PYTHONPATH} /usr/bin/python3 -W ignore:setup.py install is deprecated -W ignore:easy_install command is deprecated setup.py develop --editable --build-directory /home/gastrobot/gastrobot_ws/build/gastrobot_bringup/build --no-deps symlink_data
