[1.326s] Invoking command in '/home/gastrobot/gastrobot_ws/build/rplidar_ros': CMAKE_PREFIX_PATH=${CMAKE_PREFIX_PATH}:/home/gastrobot/gastrobot_ws/install/gastrobot_perception:/home/gastrobot/gastrobot_ws/install/gastrobot_navigation:/home/gastrobot/gastrobot_ws/install/gastrobot_gui:/home/gastrobot/gastrobot_ws/install/gastrobot_control:/home/gastrobot/gastrobot_ws/install/gastrobot_bringup:/home/gastrobot/gastrobot_ws_clean/install/gastrobot_control:/home/gastrobot/gastrobot_ws_clean/install/gastrobot_bringup:/opt/ros/jazzy /usr/bin/cmake --build /home/gastrobot/gastrobot_ws/build/rplidar_ros -- -j4 -l4
[1.761s] [  5%] Built target rplidar_client
[1.789s] [ 52%] Built target rplidar_node
[1.793s] [100%] Built target rplidar_composition
[1.872s] Invoked command in '/home/gastrobot/gastrobot_ws/build/rplidar_ros' returned '0': CMAKE_PREFIX_PATH=${CMAKE_PREFIX_PATH}:/home/gastrobot/gastrobot_ws/install/gastrobot_perception:/home/gastrobot/gastrobot_ws/install/gastrobot_navigation:/home/gastrobot/gastrobot_ws/install/gastrobot_gui:/home/gastrobot/gastrobot_ws/install/gastrobot_control:/home/gastrobot/gastrobot_ws/install/gastrobot_bringup:/home/gastrobot/gastrobot_ws_clean/install/gastrobot_control:/home/gastrobot/gastrobot_ws_clean/install/gastrobot_bringup:/opt/ros/jazzy /usr/bin/cmake --build /home/gastrobot/gastrobot_ws/build/rplidar_ros -- -j4 -l4
[1.942s] Invoking command in '/home/gastrobot/gastrobot_ws/build/rplidar_ros': CMAKE_PREFIX_PATH=${CMAKE_PREFIX_PATH}:/home/gastrobot/gastrobot_ws/install/gastrobot_perception:/home/gastrobot/gastrobot_ws/install/gastrobot_navigation:/home/gastrobot/gastrobot_ws/install/gastrobot_gui:/home/gastrobot/gastrobot_ws/install/gastrobot_control:/home/gastrobot/gastrobot_ws/install/gastrobot_bringup:/home/gastrobot/gastrobot_ws_clean/install/gastrobot_control:/home/gastrobot/gastrobot_ws_clean/install/gastrobot_bringup:/opt/ros/jazzy /usr/bin/cmake --install /home/gastrobot/gastrobot_ws/build/rplidar_ros
[2.001s] -- Install configuration: ""
[2.003s] -- Execute custom install script
[2.007s] -- Up-to-date symlink: /home/gastrobot/gastrobot_ws/install/rplidar_ros/share/rplidar_ros/launch/rplidar_a1_launch.py
[2.008s] -- Up-to-date symlink: /home/gastrobot/gastrobot_ws/install/rplidar_ros/share/rplidar_ros/launch/rplidar_a2m12_launch.py
[2.009s] -- Up-to-date symlink: /home/gastrobot/gastrobot_ws/install/rplidar_ros/share/rplidar_ros/launch/rplidar_a2m7_launch.py
[2.010s] -- Up-to-date symlink: /home/gastrobot/gastrobot_ws/install/rplidar_ros/share/rplidar_ros/launch/rplidar_a2m8_launch.py
[2.011s] -- Up-to-date symlink: /home/gastrobot/gastrobot_ws/install/rplidar_ros/share/rplidar_ros/launch/rplidar_a3_launch.py
[2.012s] -- Up-to-date symlink: /home/gastrobot/gastrobot_ws/install/rplidar_ros/share/rplidar_ros/launch/rplidar_c1_launch.py
[2.013s] -- Up-to-date symlink: /home/gastrobot/gastrobot_ws/install/rplidar_ros/share/rplidar_ros/launch/rplidar_s1_launch.py
[2.014s] -- Up-to-date symlink: /home/gastrobot/gastrobot_ws/install/rplidar_ros/share/rplidar_ros/launch/rplidar_s1_tcp_launch.py
[2.014s] -- Up-to-date symlink: /home/gastrobot/gastrobot_ws/install/rplidar_ros/share/rplidar_ros/launch/rplidar_s2_launch.py
[2.015s] -- Up-to-date symlink: /home/gastrobot/gastrobot_ws/install/rplidar_ros/share/rplidar_ros/launch/rplidar_s2e_launch.py
[2.016s] -- Up-to-date symlink: /home/gastrobot/gastrobot_ws/install/rplidar_ros/share/rplidar_ros/launch/rplidar_s3_launch.py
[2.017s] -- Up-to-date symlink: /home/gastrobot/gastrobot_ws/install/rplidar_ros/share/rplidar_ros/launch/rplidar_t1_launch.py
[2.018s] -- Up-to-date symlink: /home/gastrobot/gastrobot_ws/install/rplidar_ros/share/rplidar_ros/launch/view_rplidar_a1_launch.py
[2.019s] -- Up-to-date symlink: /home/gastrobot/gastrobot_ws/install/rplidar_ros/share/rplidar_ros/launch/view_rplidar_a2m12_launch.py
[2.020s] -- Up-to-date symlink: /home/gastrobot/gastrobot_ws/install/rplidar_ros/share/rplidar_ros/launch/view_rplidar_a2m7_launch.py
[2.021s] -- Up-to-date symlink: /home/gastrobot/gastrobot_ws/install/rplidar_ros/share/rplidar_ros/launch/view_rplidar_a2m8_launch.py
[2.022s] -- Up-to-date symlink: /home/gastrobot/gastrobot_ws/install/rplidar_ros/share/rplidar_ros/launch/view_rplidar_a3_launch.py
[2.022s] -- Up-to-date symlink: /home/gastrobot/gastrobot_ws/install/rplidar_ros/share/rplidar_ros/launch/view_rplidar_c1_launch.py
[2.023s] -- Up-to-date symlink: /home/gastrobot/gastrobot_ws/install/rplidar_ros/share/rplidar_ros/launch/view_rplidar_s1_launch.py
[2.024s] -- Up-to-date symlink: /home/gastrobot/gastrobot_ws/install/rplidar_ros/share/rplidar_ros/launch/view_rplidar_s1_tcp_launch.py
[2.025s] -- Up-to-date symlink: /home/gastrobot/gastrobot_ws/install/rplidar_ros/share/rplidar_ros/launch/view_rplidar_s2_launch.py
[2.026s] -- Up-to-date symlink: /home/gastrobot/gastrobot_ws/install/rplidar_ros/share/rplidar_ros/launch/view_rplidar_s2e_launch.py
[2.027s] -- Up-to-date symlink: /home/gastrobot/gastrobot_ws/install/rplidar_ros/share/rplidar_ros/launch/view_rplidar_s3_launch.py
[2.028s] -- Up-to-date symlink: /home/gastrobot/gastrobot_ws/install/rplidar_ros/share/rplidar_ros/launch/view_rplidar_t1_launch.py
[2.029s] -- Up-to-date symlink: /home/gastrobot/gastrobot_ws/install/rplidar_ros/share/rplidar_ros/rviz/rplidar_ros.rviz
[2.031s] -- Up-to-date symlink: /home/gastrobot/gastrobot_ws/install/rplidar_ros/lib/rplidar_ros/rplidar_node
[2.032s] -- Up-to-date symlink: /home/gastrobot/gastrobot_ws/install/rplidar_ros/lib/rplidar_ros/rplidar_composition
[2.033s] -- Up-to-date symlink: /home/gastrobot/gastrobot_ws/install/rplidar_ros/lib/rplidar_ros/rplidar_client
[2.035s] -- Up-to-date symlink: /home/gastrobot/gastrobot_ws/install/rplidar_ros/share/ament_index/resource_index/package_run_dependencies/rplidar_ros
[2.036s] -- Up-to-date symlink: /home/gastrobot/gastrobot_ws/install/rplidar_ros/share/ament_index/resource_index/parent_prefix_path/rplidar_ros
[2.037s] -- Up-to-date symlink: /home/gastrobot/gastrobot_ws/install/rplidar_ros/share/rplidar_ros/environment/ament_prefix_path.sh
[2.038s] -- Up-to-date symlink: /home/gastrobot/gastrobot_ws/install/rplidar_ros/share/rplidar_ros/environment/ament_prefix_path.dsv
[2.040s] -- Up-to-date symlink: /home/gastrobot/gastrobot_ws/install/rplidar_ros/share/rplidar_ros/environment/path.sh
[2.041s] -- Up-to-date symlink: /home/gastrobot/gastrobot_ws/install/rplidar_ros/share/rplidar_ros/environment/path.dsv
[2.042s] -- Up-to-date symlink: /home/gastrobot/gastrobot_ws/install/rplidar_ros/share/rplidar_ros/local_setup.bash
[2.043s] -- Up-to-date symlink: /home/gastrobot/gastrobot_ws/install/rplidar_ros/share/rplidar_ros/local_setup.sh
[2.044s] -- Up-to-date symlink: /home/gastrobot/gastrobot_ws/install/rplidar_ros/share/rplidar_ros/local_setup.zsh
[2.045s] -- Up-to-date symlink: /home/gastrobot/gastrobot_ws/install/rplidar_ros/share/rplidar_ros/local_setup.dsv
[2.046s] -- Symlinking: /home/gastrobot/gastrobot_ws/install/rplidar_ros/share/rplidar_ros/package.dsv
[2.114s] -- Up-to-date symlink: /home/gastrobot/gastrobot_ws/install/rplidar_ros/share/ament_index/resource_index/packages/rplidar_ros
[2.115s] -- Up-to-date symlink: /home/gastrobot/gastrobot_ws/install/rplidar_ros/share/rplidar_ros/cmake/ament_cmake_export_dependencies-extras.cmake
[2.116s] -- Up-to-date symlink: /home/gastrobot/gastrobot_ws/install/rplidar_ros/share/rplidar_ros/cmake/ament_cmake_export_include_directories-extras.cmake
[2.117s] -- Up-to-date symlink: /home/gastrobot/gastrobot_ws/install/rplidar_ros/share/rplidar_ros/cmake/rplidar_rosConfig.cmake
[2.118s] -- Up-to-date symlink: /home/gastrobot/gastrobot_ws/install/rplidar_ros/share/rplidar_ros/cmake/rplidar_rosConfig-version.cmake
[2.119s] -- Up-to-date symlink: /home/gastrobot/gastrobot_ws/install/rplidar_ros/share/rplidar_ros/package.xml
[2.127s] Invoked command in '/home/gastrobot/gastrobot_ws/build/rplidar_ros' returned '0': CMAKE_PREFIX_PATH=${CMAKE_PREFIX_PATH}:/home/gastrobot/gastrobot_ws/install/gastrobot_perception:/home/gastrobot/gastrobot_ws/install/gastrobot_navigation:/home/gastrobot/gastrobot_ws/install/gastrobot_gui:/home/gastrobot/gastrobot_ws/install/gastrobot_control:/home/gastrobot/gastrobot_ws/install/gastrobot_bringup:/home/gastrobot/gastrobot_ws_clean/install/gastrobot_control:/home/gastrobot/gastrobot_ws_clean/install/gastrobot_bringup:/opt/ros/jazzy /usr/bin/cmake --install /home/gastrobot/gastrobot_ws/build/rplidar_ros
