[0.919s] DEBUG:colcon:Command line arguments: ['/usr/bin/colcon', 'build']
[0.919s] DEBUG:colcon:Parsed command line arguments: Namespace(log_base=None, log_level=None, verb_name='build', build_base='build', install_base='install', merge_install=False, symlink_install=False, test_result_base=None, continue_on_error=False, executor='parallel', parallel_workers=4, event_handlers=None, ignore_user_meta=False, metas=['./colcon.meta'], base_paths=['.'], packages_ignore=None, packages_ignore_regex=None, paths=None, packages_up_to=None, packages_up_to_regex=None, packages_above=None, packages_above_and_dependencies=None, packages_above_depth=None, packages_select_by_dep=None, packages_skip_by_dep=None, packages_skip_up_to=None, packages_select_build_failed=False, packages_skip_build_finished=False, packages_select_test_failures=False, packages_skip_test_passed=False, packages_select=None, packages_skip=None, packages_select_regex=None, packages_skip_regex=None, packages_start=None, packages_end=None, allow_overriding=[], cmake_args=None, cmake_target=None, cmake_target_skip_unavailable=False, cmake_clean_cache=False, cmake_clean_first=False, cmake_force_configure=False, ament_cmake_args=None, catkin_cmake_args=None, catkin_skip_building_tests=False, mixin_files=None, mixin=None, verb_parser=<colcon_mixin.mixin.mixin_argument.MixinArgumentDecorator object at 0xffff9fe130e0>, verb_extension=<colcon_core.verb.build.BuildVerb object at 0xffff9fffb800>, main=<bound method BuildVerb.main of <colcon_core.verb.build.BuildVerb object at 0xffff9fffb800>>, mixin_verb=('build',))
[1.228s] Level 1:colcon.colcon_core.package_discovery:discover_packages(colcon_meta) check parameters
[1.229s] Level 1:colcon.colcon_core.package_discovery:discover_packages(recursive) check parameters
[1.229s] Level 1:colcon.colcon_core.package_discovery:discover_packages(ignore) check parameters
[1.229s] Level 1:colcon.colcon_core.package_discovery:discover_packages(path) check parameters
[1.229s] Level 1:colcon.colcon_core.package_discovery:discover_packages(colcon_meta) discover
[1.229s] Level 1:colcon.colcon_core.package_discovery:discover_packages(recursive) discover
[1.229s] INFO:colcon.colcon_core.package_discovery:Crawling recursively for packages in '/home/gastrobot/gastrobot_ws'
[1.230s] Level 1:colcon.colcon_core.package_identification:_identify(.) by extensions ['ignore', 'ignore_ament_install']
[1.230s] Level 1:colcon.colcon_core.package_identification:_identify(.) by extension 'ignore'
[1.231s] Level 1:colcon.colcon_core.package_identification:_identify(.) by extension 'ignore_ament_install'
[1.231s] Level 1:colcon.colcon_core.package_identification:_identify(.) by extensions ['colcon_pkg']
[1.231s] Level 1:colcon.colcon_core.package_identification:_identify(.) by extension 'colcon_pkg'
[1.231s] Level 1:colcon.colcon_core.package_identification:_identify(.) by extensions ['colcon_meta']
[1.231s] Level 1:colcon.colcon_core.package_identification:_identify(.) by extension 'colcon_meta'
[1.231s] Level 1:colcon.colcon_core.package_identification:_identify(.) by extensions ['ros']
[1.232s] Level 1:colcon.colcon_core.package_identification:_identify(.) by extension 'ros'
[1.380s] Level 1:colcon.colcon_core.package_identification:_identify(.) by extensions ['cmake', 'python']
[1.380s] Level 1:colcon.colcon_core.package_identification:_identify(.) by extension 'cmake'
[1.381s] Level 1:colcon.colcon_core.package_identification:_identify(.) by extension 'python'
[1.381s] Level 1:colcon.colcon_core.package_identification:_identify(.) by extensions ['python_setup_py']
[1.381s] Level 1:colcon.colcon_core.package_identification:_identify(.) by extension 'python_setup_py'
[1.381s] Level 1:colcon.colcon_core.package_identification:_identify(build) by extensions ['ignore', 'ignore_ament_install']
[1.382s] Level 1:colcon.colcon_core.package_identification:_identify(build) by extension 'ignore'
[1.382s] Level 1:colcon.colcon_core.package_identification:_identify(build) ignored
[1.383s] Level 1:colcon.colcon_core.package_identification:_identify(install) by extensions ['ignore', 'ignore_ament_install']
[1.383s] Level 1:colcon.colcon_core.package_identification:_identify(install) by extension 'ignore'
[1.383s] Level 1:colcon.colcon_core.package_identification:_identify(install) ignored
[1.384s] Level 1:colcon.colcon_core.package_identification:_identify(log) by extensions ['ignore', 'ignore_ament_install']
[1.384s] Level 1:colcon.colcon_core.package_identification:_identify(log) by extension 'ignore'
[1.384s] Level 1:colcon.colcon_core.package_identification:_identify(log) ignored
[1.385s] Level 1:colcon.colcon_core.package_identification:_identify(src) by extensions ['ignore', 'ignore_ament_install']
[1.385s] Level 1:colcon.colcon_core.package_identification:_identify(src) by extension 'ignore'
[1.385s] Level 1:colcon.colcon_core.package_identification:_identify(src) by extension 'ignore_ament_install'
[1.385s] Level 1:colcon.colcon_core.package_identification:_identify(src) by extensions ['colcon_pkg']
[1.385s] Level 1:colcon.colcon_core.package_identification:_identify(src) by extension 'colcon_pkg'
[1.386s] Level 1:colcon.colcon_core.package_identification:_identify(src) by extensions ['colcon_meta']
[1.386s] Level 1:colcon.colcon_core.package_identification:_identify(src) by extension 'colcon_meta'
[1.386s] Level 1:colcon.colcon_core.package_identification:_identify(src) by extensions ['ros']
[1.386s] Level 1:colcon.colcon_core.package_identification:_identify(src) by extension 'ros'
[1.386s] Level 1:colcon.colcon_core.package_identification:_identify(src) by extensions ['cmake', 'python']
[1.386s] Level 1:colcon.colcon_core.package_identification:_identify(src) by extension 'cmake'
[1.387s] Level 1:colcon.colcon_core.package_identification:_identify(src) by extension 'python'
[1.387s] Level 1:colcon.colcon_core.package_identification:_identify(src) by extensions ['python_setup_py']
[1.387s] Level 1:colcon.colcon_core.package_identification:_identify(src) by extension 'python_setup_py'
[1.387s] Level 1:colcon.colcon_core.package_identification:_identify(src/gastrobot_bringup) by extensions ['ignore', 'ignore_ament_install']
[1.388s] Level 1:colcon.colcon_core.package_identification:_identify(src/gastrobot_bringup) by extension 'ignore'
[1.388s] Level 1:colcon.colcon_core.package_identification:_identify(src/gastrobot_bringup) by extension 'ignore_ament_install'
[1.388s] Level 1:colcon.colcon_core.package_identification:_identify(src/gastrobot_bringup) by extensions ['colcon_pkg']
[1.388s] Level 1:colcon.colcon_core.package_identification:_identify(src/gastrobot_bringup) by extension 'colcon_pkg'
[1.388s] Level 1:colcon.colcon_core.package_identification:_identify(src/gastrobot_bringup) by extensions ['colcon_meta']
[1.389s] Level 1:colcon.colcon_core.package_identification:_identify(src/gastrobot_bringup) by extension 'colcon_meta'
[1.389s] Level 1:colcon.colcon_core.package_identification:_identify(src/gastrobot_bringup) by extensions ['ros']
[1.389s] Level 1:colcon.colcon_core.package_identification:_identify(src/gastrobot_bringup) by extension 'ros'
[1.412s] DEBUG:colcon.colcon_core.package_identification:Package 'src/gastrobot_bringup' with type 'ros.ament_python' and name 'gastrobot_bringup'
[1.413s] Level 1:colcon.colcon_core.package_identification:_identify(src/gastrobot_control) by extensions ['ignore', 'ignore_ament_install']
[1.413s] Level 1:colcon.colcon_core.package_identification:_identify(src/gastrobot_control) by extension 'ignore'
[1.413s] Level 1:colcon.colcon_core.package_identification:_identify(src/gastrobot_control) by extension 'ignore_ament_install'
[1.414s] Level 1:colcon.colcon_core.package_identification:_identify(src/gastrobot_control) by extensions ['colcon_pkg']
[1.414s] Level 1:colcon.colcon_core.package_identification:_identify(src/gastrobot_control) by extension 'colcon_pkg'
[1.414s] Level 1:colcon.colcon_core.package_identification:_identify(src/gastrobot_control) by extensions ['colcon_meta']
[1.414s] Level 1:colcon.colcon_core.package_identification:_identify(src/gastrobot_control) by extension 'colcon_meta'
[1.414s] Level 1:colcon.colcon_core.package_identification:_identify(src/gastrobot_control) by extensions ['ros']
[1.414s] Level 1:colcon.colcon_core.package_identification:_identify(src/gastrobot_control) by extension 'ros'
[1.417s] DEBUG:colcon.colcon_core.package_identification:Package 'src/gastrobot_control' with type 'ros.ament_python' and name 'gastrobot_control'
[1.418s] Level 1:colcon.colcon_core.package_identification:_identify(src/gastrobot_gui) by extensions ['ignore', 'ignore_ament_install']
[1.418s] Level 1:colcon.colcon_core.package_identification:_identify(src/gastrobot_gui) by extension 'ignore'
[1.419s] Level 1:colcon.colcon_core.package_identification:_identify(src/gastrobot_gui) by extension 'ignore_ament_install'
[1.419s] Level 1:colcon.colcon_core.package_identification:_identify(src/gastrobot_gui) by extensions ['colcon_pkg']
[1.419s] Level 1:colcon.colcon_core.package_identification:_identify(src/gastrobot_gui) by extension 'colcon_pkg'
[1.419s] Level 1:colcon.colcon_core.package_identification:_identify(src/gastrobot_gui) by extensions ['colcon_meta']
[1.420s] Level 1:colcon.colcon_core.package_identification:_identify(src/gastrobot_gui) by extension 'colcon_meta'
[1.420s] Level 1:colcon.colcon_core.package_identification:_identify(src/gastrobot_gui) by extensions ['ros']
[1.420s] Level 1:colcon.colcon_core.package_identification:_identify(src/gastrobot_gui) by extension 'ros'
[1.422s] DEBUG:colcon.colcon_core.package_identification:Package 'src/gastrobot_gui' with type 'ros.ament_python' and name 'gastrobot_gui'
[1.423s] Level 1:colcon.colcon_core.package_identification:_identify(src/gastrobot_navigation) by extensions ['ignore', 'ignore_ament_install']
[1.423s] Level 1:colcon.colcon_core.package_identification:_identify(src/gastrobot_navigation) by extension 'ignore'
[1.424s] Level 1:colcon.colcon_core.package_identification:_identify(src/gastrobot_navigation) by extension 'ignore_ament_install'
[1.424s] Level 1:colcon.colcon_core.package_identification:_identify(src/gastrobot_navigation) by extensions ['colcon_pkg']
[1.424s] Level 1:colcon.colcon_core.package_identification:_identify(src/gastrobot_navigation) by extension 'colcon_pkg'
[1.424s] Level 1:colcon.colcon_core.package_identification:_identify(src/gastrobot_navigation) by extensions ['colcon_meta']
[1.424s] Level 1:colcon.colcon_core.package_identification:_identify(src/gastrobot_navigation) by extension 'colcon_meta'
[1.424s] Level 1:colcon.colcon_core.package_identification:_identify(src/gastrobot_navigation) by extensions ['ros']
[1.425s] Level 1:colcon.colcon_core.package_identification:_identify(src/gastrobot_navigation) by extension 'ros'
[1.427s] DEBUG:colcon.colcon_core.package_identification:Package 'src/gastrobot_navigation' with type 'ros.ament_python' and name 'gastrobot_navigation'
[1.427s] Level 1:colcon.colcon_core.package_identification:_identify(src/gastrobot_perception) by extensions ['ignore', 'ignore_ament_install']
[1.428s] Level 1:colcon.colcon_core.package_identification:_identify(src/gastrobot_perception) by extension 'ignore'
[1.428s] Level 1:colcon.colcon_core.package_identification:_identify(src/gastrobot_perception) by extension 'ignore_ament_install'
[1.428s] Level 1:colcon.colcon_core.package_identification:_identify(src/gastrobot_perception) by extensions ['colcon_pkg']
[1.428s] Level 1:colcon.colcon_core.package_identification:_identify(src/gastrobot_perception) by extension 'colcon_pkg'
[1.429s] Level 1:colcon.colcon_core.package_identification:_identify(src/gastrobot_perception) by extensions ['colcon_meta']
[1.429s] Level 1:colcon.colcon_core.package_identification:_identify(src/gastrobot_perception) by extension 'colcon_meta'
[1.429s] Level 1:colcon.colcon_core.package_identification:_identify(src/gastrobot_perception) by extensions ['ros']
[1.429s] Level 1:colcon.colcon_core.package_identification:_identify(src/gastrobot_perception) by extension 'ros'
[1.432s] DEBUG:colcon.colcon_core.package_identification:Package 'src/gastrobot_perception' with type 'ros.ament_python' and name 'gastrobot_perception'
[1.432s] Level 1:colcon.colcon_core.package_identification:_identify(src/rplidar_ros) by extensions ['ignore', 'ignore_ament_install']
[1.433s] Level 1:colcon.colcon_core.package_identification:_identify(src/rplidar_ros) by extension 'ignore'
[1.433s] Level 1:colcon.colcon_core.package_identification:_identify(src/rplidar_ros) by extension 'ignore_ament_install'
[1.433s] Level 1:colcon.colcon_core.package_identification:_identify(src/rplidar_ros) by extensions ['colcon_pkg']
[1.433s] Level 1:colcon.colcon_core.package_identification:_identify(src/rplidar_ros) by extension 'colcon_pkg'
[1.434s] Level 1:colcon.colcon_core.package_identification:_identify(src/rplidar_ros) by extensions ['colcon_meta']
[1.434s] Level 1:colcon.colcon_core.package_identification:_identify(src/rplidar_ros) by extension 'colcon_meta'
[1.434s] Level 1:colcon.colcon_core.package_identification:_identify(src/rplidar_ros) by extensions ['ros']
[1.434s] Level 1:colcon.colcon_core.package_identification:_identify(src/rplidar_ros) by extension 'ros'
[1.437s] DEBUG:colcon.colcon_core.package_identification:Package 'src/rplidar_ros' with type 'ros.ament_cmake' and name 'rplidar_ros'
[1.437s] Level 1:colcon.colcon_core.package_discovery:discover_packages(recursive) using defaults
[1.437s] Level 1:colcon.colcon_core.package_discovery:discover_packages(ignore) discover
[1.437s] Level 1:colcon.colcon_core.package_discovery:discover_packages(ignore) using defaults
[1.438s] Level 1:colcon.colcon_core.package_discovery:discover_packages(path) discover
[1.438s] Level 1:colcon.colcon_core.package_discovery:discover_packages(path) using defaults
[1.612s] Level 1:colcon.colcon_core.package_discovery:discover_packages(prefix_path) check parameters
[1.613s] Level 1:colcon.colcon_core.package_discovery:discover_packages(prefix_path) discover
[1.634s] DEBUG:colcon.colcon_installed_package_information.package_discovery:Found 6 installed packages in /home/gastrobot/gastrobot_ws/install
[1.637s] DEBUG:colcon.colcon_installed_package_information.package_discovery:Found 2 installed packages in /home/gastrobot/gastrobot_ws_clean/install
[1.652s] DEBUG:colcon.colcon_installed_package_information.package_discovery:Found 382 installed packages in /opt/ros/jazzy
[1.662s] Level 1:colcon.colcon_core.package_discovery:discover_packages(prefix_path) using defaults
[1.924s] Level 5:colcon.colcon_core.verb:set package 'gastrobot_bringup' build argument 'cmake_args' from command line to 'None'
[1.924s] Level 5:colcon.colcon_core.verb:set package 'gastrobot_bringup' build argument 'cmake_target' from command line to 'None'
[1.924s] Level 5:colcon.colcon_core.verb:set package 'gastrobot_bringup' build argument 'cmake_target_skip_unavailable' from command line to 'False'
[1.924s] Level 5:colcon.colcon_core.verb:set package 'gastrobot_bringup' build argument 'cmake_clean_cache' from command line to 'False'
[1.924s] Level 5:colcon.colcon_core.verb:set package 'gastrobot_bringup' build argument 'cmake_clean_first' from command line to 'False'
[1.924s] Level 5:colcon.colcon_core.verb:set package 'gastrobot_bringup' build argument 'cmake_force_configure' from command line to 'False'
[1.924s] Level 5:colcon.colcon_core.verb:set package 'gastrobot_bringup' build argument 'ament_cmake_args' from command line to 'None'
[1.925s] Level 5:colcon.colcon_core.verb:set package 'gastrobot_bringup' build argument 'catkin_cmake_args' from command line to 'None'
[1.925s] Level 5:colcon.colcon_core.verb:set package 'gastrobot_bringup' build argument 'catkin_skip_building_tests' from command line to 'False'
[1.925s] DEBUG:colcon.colcon_core.verb:Building package 'gastrobot_bringup' with the following arguments: {'ament_cmake_args': None, 'build_base': '/home/gastrobot/gastrobot_ws/build/gastrobot_bringup', 'catkin_cmake_args': None, 'catkin_skip_building_tests': False, 'cmake_args': None, 'cmake_clean_cache': False, 'cmake_clean_first': False, 'cmake_force_configure': False, 'cmake_target': None, 'cmake_target_skip_unavailable': False, 'install_base': '/home/gastrobot/gastrobot_ws/install/gastrobot_bringup', 'merge_install': False, 'path': '/home/gastrobot/gastrobot_ws/src/gastrobot_bringup', 'symlink_install': False, 'test_result_base': None}
[1.926s] Level 5:colcon.colcon_core.verb:set package 'gastrobot_control' build argument 'cmake_args' from command line to 'None'
[1.926s] Level 5:colcon.colcon_core.verb:set package 'gastrobot_control' build argument 'cmake_target' from command line to 'None'
[1.926s] Level 5:colcon.colcon_core.verb:set package 'gastrobot_control' build argument 'cmake_target_skip_unavailable' from command line to 'False'
[1.926s] Level 5:colcon.colcon_core.verb:set package 'gastrobot_control' build argument 'cmake_clean_cache' from command line to 'False'
[1.927s] Level 5:colcon.colcon_core.verb:set package 'gastrobot_control' build argument 'cmake_clean_first' from command line to 'False'
[1.927s] Level 5:colcon.colcon_core.verb:set package 'gastrobot_control' build argument 'cmake_force_configure' from command line to 'False'
[1.927s] Level 5:colcon.colcon_core.verb:set package 'gastrobot_control' build argument 'ament_cmake_args' from command line to 'None'
[1.927s] Level 5:colcon.colcon_core.verb:set package 'gastrobot_control' build argument 'catkin_cmake_args' from command line to 'None'
[1.927s] Level 5:colcon.colcon_core.verb:set package 'gastrobot_control' build argument 'catkin_skip_building_tests' from command line to 'False'
[1.927s] DEBUG:colcon.colcon_core.verb:Building package 'gastrobot_control' with the following arguments: {'ament_cmake_args': None, 'build_base': '/home/gastrobot/gastrobot_ws/build/gastrobot_control', 'catkin_cmake_args': None, 'catkin_skip_building_tests': False, 'cmake_args': None, 'cmake_clean_cache': False, 'cmake_clean_first': False, 'cmake_force_configure': False, 'cmake_target': None, 'cmake_target_skip_unavailable': False, 'install_base': '/home/gastrobot/gastrobot_ws/install/gastrobot_control', 'merge_install': False, 'path': '/home/gastrobot/gastrobot_ws/src/gastrobot_control', 'symlink_install': False, 'test_result_base': None}
[1.928s] Level 5:colcon.colcon_core.verb:set package 'gastrobot_gui' build argument 'cmake_args' from command line to 'None'
[1.928s] Level 5:colcon.colcon_core.verb:set package 'gastrobot_gui' build argument 'cmake_target' from command line to 'None'
[1.929s] Level 5:colcon.colcon_core.verb:set package 'gastrobot_gui' build argument 'cmake_target_skip_unavailable' from command line to 'False'
[1.929s] Level 5:colcon.colcon_core.verb:set package 'gastrobot_gui' build argument 'cmake_clean_cache' from command line to 'False'
[1.929s] Level 5:colcon.colcon_core.verb:set package 'gastrobot_gui' build argument 'cmake_clean_first' from command line to 'False'
[1.929s] Level 5:colcon.colcon_core.verb:set package 'gastrobot_gui' build argument 'cmake_force_configure' from command line to 'False'
[1.929s] Level 5:colcon.colcon_core.verb:set package 'gastrobot_gui' build argument 'ament_cmake_args' from command line to 'None'
[1.929s] Level 5:colcon.colcon_core.verb:set package 'gastrobot_gui' build argument 'catkin_cmake_args' from command line to 'None'
[1.929s] Level 5:colcon.colcon_core.verb:set package 'gastrobot_gui' build argument 'catkin_skip_building_tests' from command line to 'False'
[1.929s] DEBUG:colcon.colcon_core.verb:Building package 'gastrobot_gui' with the following arguments: {'ament_cmake_args': None, 'build_base': '/home/gastrobot/gastrobot_ws/build/gastrobot_gui', 'catkin_cmake_args': None, 'catkin_skip_building_tests': False, 'cmake_args': None, 'cmake_clean_cache': False, 'cmake_clean_first': False, 'cmake_force_configure': False, 'cmake_target': None, 'cmake_target_skip_unavailable': False, 'install_base': '/home/gastrobot/gastrobot_ws/install/gastrobot_gui', 'merge_install': False, 'path': '/home/gastrobot/gastrobot_ws/src/gastrobot_gui', 'symlink_install': False, 'test_result_base': None}
[1.930s] Level 5:colcon.colcon_core.verb:set package 'gastrobot_navigation' build argument 'cmake_args' from command line to 'None'
[1.931s] Level 5:colcon.colcon_core.verb:set package 'gastrobot_navigation' build argument 'cmake_target' from command line to 'None'
[1.931s] Level 5:colcon.colcon_core.verb:set package 'gastrobot_navigation' build argument 'cmake_target_skip_unavailable' from command line to 'False'
[1.931s] Level 5:colcon.colcon_core.verb:set package 'gastrobot_navigation' build argument 'cmake_clean_cache' from command line to 'False'
[1.931s] Level 5:colcon.colcon_core.verb:set package 'gastrobot_navigation' build argument 'cmake_clean_first' from command line to 'False'
[1.931s] Level 5:colcon.colcon_core.verb:set package 'gastrobot_navigation' build argument 'cmake_force_configure' from command line to 'False'
[1.931s] Level 5:colcon.colcon_core.verb:set package 'gastrobot_navigation' build argument 'ament_cmake_args' from command line to 'None'
[1.931s] Level 5:colcon.colcon_core.verb:set package 'gastrobot_navigation' build argument 'catkin_cmake_args' from command line to 'None'
[1.931s] Level 5:colcon.colcon_core.verb:set package 'gastrobot_navigation' build argument 'catkin_skip_building_tests' from command line to 'False'
[1.931s] DEBUG:colcon.colcon_core.verb:Building package 'gastrobot_navigation' with the following arguments: {'ament_cmake_args': None, 'build_base': '/home/gastrobot/gastrobot_ws/build/gastrobot_navigation', 'catkin_cmake_args': None, 'catkin_skip_building_tests': False, 'cmake_args': None, 'cmake_clean_cache': False, 'cmake_clean_first': False, 'cmake_force_configure': False, 'cmake_target': None, 'cmake_target_skip_unavailable': False, 'install_base': '/home/gastrobot/gastrobot_ws/install/gastrobot_navigation', 'merge_install': False, 'path': '/home/gastrobot/gastrobot_ws/src/gastrobot_navigation', 'symlink_install': False, 'test_result_base': None}
[1.932s] Level 5:colcon.colcon_core.verb:set package 'gastrobot_perception' build argument 'cmake_args' from command line to 'None'
[1.933s] Level 5:colcon.colcon_core.verb:set package 'gastrobot_perception' build argument 'cmake_target' from command line to 'None'
[1.933s] Level 5:colcon.colcon_core.verb:set package 'gastrobot_perception' build argument 'cmake_target_skip_unavailable' from command line to 'False'
[1.933s] Level 5:colcon.colcon_core.verb:set package 'gastrobot_perception' build argument 'cmake_clean_cache' from command line to 'False'
[1.933s] Level 5:colcon.colcon_core.verb:set package 'gastrobot_perception' build argument 'cmake_clean_first' from command line to 'False'
[1.933s] Level 5:colcon.colcon_core.verb:set package 'gastrobot_perception' build argument 'cmake_force_configure' from command line to 'False'
[1.933s] Level 5:colcon.colcon_core.verb:set package 'gastrobot_perception' build argument 'ament_cmake_args' from command line to 'None'
[1.933s] Level 5:colcon.colcon_core.verb:set package 'gastrobot_perception' build argument 'catkin_cmake_args' from command line to 'None'
[1.933s] Level 5:colcon.colcon_core.verb:set package 'gastrobot_perception' build argument 'catkin_skip_building_tests' from command line to 'False'
[1.933s] DEBUG:colcon.colcon_core.verb:Building package 'gastrobot_perception' with the following arguments: {'ament_cmake_args': None, 'build_base': '/home/gastrobot/gastrobot_ws/build/gastrobot_perception', 'catkin_cmake_args': None, 'catkin_skip_building_tests': False, 'cmake_args': None, 'cmake_clean_cache': False, 'cmake_clean_first': False, 'cmake_force_configure': False, 'cmake_target': None, 'cmake_target_skip_unavailable': False, 'install_base': '/home/gastrobot/gastrobot_ws/install/gastrobot_perception', 'merge_install': False, 'path': '/home/gastrobot/gastrobot_ws/src/gastrobot_perception', 'symlink_install': False, 'test_result_base': None}
[1.934s] Level 5:colcon.colcon_core.verb:set package 'rplidar_ros' build argument 'cmake_args' from command line to 'None'
[1.935s] Level 5:colcon.colcon_core.verb:set package 'rplidar_ros' build argument 'cmake_target' from command line to 'None'
[1.935s] Level 5:colcon.colcon_core.verb:set package 'rplidar_ros' build argument 'cmake_target_skip_unavailable' from command line to 'False'
[1.935s] Level 5:colcon.colcon_core.verb:set package 'rplidar_ros' build argument 'cmake_clean_cache' from command line to 'False'
[1.935s] Level 5:colcon.colcon_core.verb:set package 'rplidar_ros' build argument 'cmake_clean_first' from command line to 'False'
[1.935s] Level 5:colcon.colcon_core.verb:set package 'rplidar_ros' build argument 'cmake_force_configure' from command line to 'False'
[1.935s] Level 5:colcon.colcon_core.verb:set package 'rplidar_ros' build argument 'ament_cmake_args' from command line to 'None'
[1.935s] Level 5:colcon.colcon_core.verb:set package 'rplidar_ros' build argument 'catkin_cmake_args' from command line to 'None'
[1.935s] Level 5:colcon.colcon_core.verb:set package 'rplidar_ros' build argument 'catkin_skip_building_tests' from command line to 'False'
[1.935s] DEBUG:colcon.colcon_core.verb:Building package 'rplidar_ros' with the following arguments: {'ament_cmake_args': None, 'build_base': '/home/gastrobot/gastrobot_ws/build/rplidar_ros', 'catkin_cmake_args': None, 'catkin_skip_building_tests': False, 'cmake_args': None, 'cmake_clean_cache': False, 'cmake_clean_first': False, 'cmake_force_configure': False, 'cmake_target': None, 'cmake_target_skip_unavailable': False, 'install_base': '/home/gastrobot/gastrobot_ws/install/rplidar_ros', 'merge_install': False, 'path': '/home/gastrobot/gastrobot_ws/src/rplidar_ros', 'symlink_install': False, 'test_result_base': None}
[1.936s] INFO:colcon.colcon_core.executor:Executing jobs using 'parallel' executor
[1.939s] DEBUG:colcon.colcon_parallel_executor.executor.parallel:run_until_complete
[1.940s] INFO:colcon.colcon_ros.task.ament_python.build:Building ROS package in '/home/gastrobot/gastrobot_ws/src/gastrobot_bringup' with build type 'ament_python'
[1.941s] Level 1:colcon.colcon_core.shell:create_environment_hook('gastrobot_bringup', 'ament_prefix_path')
[1.971s] INFO:colcon.colcon_core.plugin_system:Skipping extension 'colcon_core.shell.bat': Not used on non-Windows systems
[1.972s] INFO:colcon.colcon_core.shell:Creating environment hook '/home/gastrobot/gastrobot_ws/install/gastrobot_bringup/share/gastrobot_bringup/hook/ament_prefix_path.ps1'
[1.976s] INFO:colcon.colcon_core.shell:Creating environment descriptor '/home/gastrobot/gastrobot_ws/install/gastrobot_bringup/share/gastrobot_bringup/hook/ament_prefix_path.dsv'
[1.981s] INFO:colcon.colcon_core.shell:Creating environment hook '/home/gastrobot/gastrobot_ws/install/gastrobot_bringup/share/gastrobot_bringup/hook/ament_prefix_path.sh'
[1.986s] INFO:colcon.colcon_core.shell:Skip shell extension 'powershell' for command environment: Not usable outside of PowerShell
[1.986s] DEBUG:colcon.colcon_core.shell:Skip shell extension 'dsv' for command environment
[2.019s] INFO:colcon.colcon_ros.task.ament_python.build:Building ROS package in '/home/gastrobot/gastrobot_ws/src/gastrobot_control' with build type 'ament_python'
[2.019s] Level 1:colcon.colcon_core.shell:create_environment_hook('gastrobot_control', 'ament_prefix_path')
[2.020s] INFO:colcon.colcon_core.shell:Creating environment hook '/home/gastrobot/gastrobot_ws/install/gastrobot_control/share/gastrobot_control/hook/ament_prefix_path.ps1'
[2.023s] INFO:colcon.colcon_core.shell:Creating environment descriptor '/home/gastrobot/gastrobot_ws/install/gastrobot_control/share/gastrobot_control/hook/ament_prefix_path.dsv'
[2.026s] INFO:colcon.colcon_core.shell:Creating environment hook '/home/gastrobot/gastrobot_ws/install/gastrobot_control/share/gastrobot_control/hook/ament_prefix_path.sh'
[2.029s] INFO:colcon.colcon_core.shell:Skip shell extension 'powershell' for command environment: Not usable outside of PowerShell
[2.029s] DEBUG:colcon.colcon_core.shell:Skip shell extension 'dsv' for command environment
[2.057s] INFO:colcon.colcon_ros.task.ament_python.build:Building ROS package in '/home/gastrobot/gastrobot_ws/src/gastrobot_gui' with build type 'ament_python'
[2.058s] Level 1:colcon.colcon_core.shell:create_environment_hook('gastrobot_gui', 'ament_prefix_path')
[2.059s] INFO:colcon.colcon_core.shell:Creating environment hook '/home/gastrobot/gastrobot_ws/install/gastrobot_gui/share/gastrobot_gui/hook/ament_prefix_path.ps1'
[2.062s] INFO:colcon.colcon_core.shell:Creating environment descriptor '/home/gastrobot/gastrobot_ws/install/gastrobot_gui/share/gastrobot_gui/hook/ament_prefix_path.dsv'
[2.064s] INFO:colcon.colcon_core.shell:Creating environment hook '/home/gastrobot/gastrobot_ws/install/gastrobot_gui/share/gastrobot_gui/hook/ament_prefix_path.sh'
[2.067s] INFO:colcon.colcon_core.shell:Skip shell extension 'powershell' for command environment: Not usable outside of PowerShell
[2.067s] DEBUG:colcon.colcon_core.shell:Skip shell extension 'dsv' for command environment
[2.095s] INFO:colcon.colcon_ros.task.ament_python.build:Building ROS package in '/home/gastrobot/gastrobot_ws/src/gastrobot_navigation' with build type 'ament_python'
[2.096s] Level 1:colcon.colcon_core.shell:create_environment_hook('gastrobot_navigation', 'ament_prefix_path')
[2.097s] INFO:colcon.colcon_core.shell:Creating environment hook '/home/gastrobot/gastrobot_ws/install/gastrobot_navigation/share/gastrobot_navigation/hook/ament_prefix_path.ps1'
[2.099s] INFO:colcon.colcon_core.shell:Creating environment descriptor '/home/gastrobot/gastrobot_ws/install/gastrobot_navigation/share/gastrobot_navigation/hook/ament_prefix_path.dsv'
[2.101s] INFO:colcon.colcon_core.shell:Creating environment hook '/home/gastrobot/gastrobot_ws/install/gastrobot_navigation/share/gastrobot_navigation/hook/ament_prefix_path.sh'
[2.104s] INFO:colcon.colcon_core.shell:Skip shell extension 'powershell' for command environment: Not usable outside of PowerShell
[2.105s] DEBUG:colcon.colcon_core.shell:Skip shell extension 'dsv' for command environment
[3.315s] INFO:colcon.colcon_core.task.python.build:Building Python package in '/home/gastrobot/gastrobot_ws/src/gastrobot_bringup'
[3.316s] INFO:colcon.colcon_core.shell:Skip shell extension 'powershell' for command environment: Not usable outside of PowerShell
[3.316s] DEBUG:colcon.colcon_core.shell:Skip shell extension 'dsv' for command environment
[4.506s] INFO:colcon.colcon_core.task.python.build:Building Python package in '/home/gastrobot/gastrobot_ws/src/gastrobot_control'
[4.506s] INFO:colcon.colcon_core.shell:Skip shell extension 'powershell' for command environment: Not usable outside of PowerShell
[4.507s] DEBUG:colcon.colcon_core.shell:Skip shell extension 'dsv' for command environment
[5.701s] INFO:colcon.colcon_core.task.python.build:Building Python package in '/home/gastrobot/gastrobot_ws/src/gastrobot_gui'
[5.702s] INFO:colcon.colcon_core.shell:Skip shell extension 'powershell' for command environment: Not usable outside of PowerShell
[5.702s] DEBUG:colcon.colcon_core.shell:Skip shell extension 'dsv' for command environment
[6.902s] INFO:colcon.colcon_core.task.python.build:Building Python package in '/home/gastrobot/gastrobot_ws/src/gastrobot_navigation'
[6.902s] INFO:colcon.colcon_core.shell:Skip shell extension 'powershell' for command environment: Not usable outside of PowerShell
[6.903s] DEBUG:colcon.colcon_core.shell:Skip shell extension 'dsv' for command environment
[14.018s] DEBUG:colcon.colcon_core.event_handler.log_command:Invoking command in '/home/gastrobot/gastrobot_ws/src/gastrobot_bringup': PYTHONPATH=/home/gastrobot/gastrobot_ws/build/gastrobot_bringup/prefix_override:/usr/lib/python3/dist-packages/colcon_core/task/python/colcon_distutils_commands:/home/gastrobot/gastrobot_ws/install/gastrobot_bringup/lib/python3.12/site-packages:${PYTHONPATH} /usr/bin/python3 -W ignore:setup.py install is deprecated -W ignore:easy_install command is deprecated setup.py egg_info --egg-base ../../build/gastrobot_bringup build --build-base /home/gastrobot/gastrobot_ws/build/gastrobot_bringup/build install --record /home/gastrobot/gastrobot_ws/build/gastrobot_bringup/install.log --single-version-externally-managed install_data
[14.061s] DEBUG:colcon.colcon_core.event_handler.log_command:Invoking command in '/home/gastrobot/gastrobot_ws/src/gastrobot_navigation': PYTHONPATH=/home/gastrobot/gastrobot_ws/build/gastrobot_navigation/prefix_override:/usr/lib/python3/dist-packages/colcon_core/task/python/colcon_distutils_commands:/home/gastrobot/gastrobot_ws/install/gastrobot_navigation/lib/python3.12/site-packages:${PYTHONPATH} /usr/bin/python3 -W ignore:setup.py install is deprecated -W ignore:easy_install command is deprecated setup.py egg_info --egg-base ../../build/gastrobot_navigation build --build-base /home/gastrobot/gastrobot_ws/build/gastrobot_navigation/build install --record /home/gastrobot/gastrobot_ws/build/gastrobot_navigation/install.log --single-version-externally-managed install_data
[14.089s] DEBUG:colcon.colcon_core.event_handler.log_command:Invoking command in '/home/gastrobot/gastrobot_ws/src/gastrobot_control': PYTHONPATH=/home/gastrobot/gastrobot_ws/build/gastrobot_control/prefix_override:/usr/lib/python3/dist-packages/colcon_core/task/python/colcon_distutils_commands:/home/gastrobot/gastrobot_ws/install/gastrobot_control/lib/python3.12/site-packages:${PYTHONPATH} /usr/bin/python3 -W ignore:setup.py install is deprecated -W ignore:easy_install command is deprecated setup.py egg_info --egg-base ../../build/gastrobot_control build --build-base /home/gastrobot/gastrobot_ws/build/gastrobot_control/build install --record /home/gastrobot/gastrobot_ws/build/gastrobot_control/install.log --single-version-externally-managed install_data
[14.112s] DEBUG:colcon.colcon_core.event_handler.log_command:Invoking command in '/home/gastrobot/gastrobot_ws/src/gastrobot_gui': PYTHONPATH=/home/gastrobot/gastrobot_ws/build/gastrobot_gui/prefix_override:/usr/lib/python3/dist-packages/colcon_core/task/python/colcon_distutils_commands:/home/gastrobot/gastrobot_ws/install/gastrobot_gui/lib/python3.12/site-packages:${PYTHONPATH} /usr/bin/python3 -W ignore:setup.py install is deprecated -W ignore:easy_install command is deprecated setup.py egg_info --egg-base ../../build/gastrobot_gui build --build-base /home/gastrobot/gastrobot_ws/build/gastrobot_gui/build install --record /home/gastrobot/gastrobot_ws/build/gastrobot_gui/install.log --single-version-externally-managed install_data
[19.321s] DEBUG:colcon.colcon_core.event_handler.log_command:Invoked command in '/home/gastrobot/gastrobot_ws/src/gastrobot_bringup' returned '0': PYTHONPATH=/home/gastrobot/gastrobot_ws/build/gastrobot_bringup/prefix_override:/usr/lib/python3/dist-packages/colcon_core/task/python/colcon_distutils_commands:/home/gastrobot/gastrobot_ws/install/gastrobot_bringup/lib/python3.12/site-packages:${PYTHONPATH} /usr/bin/python3 -W ignore:setup.py install is deprecated -W ignore:easy_install command is deprecated setup.py egg_info --egg-base ../../build/gastrobot_bringup build --build-base /home/gastrobot/gastrobot_ws/build/gastrobot_bringup/build install --record /home/gastrobot/gastrobot_ws/build/gastrobot_bringup/install.log --single-version-externally-managed install_data
[19.373s] Level 1:colcon.colcon_core.environment:checking '/home/gastrobot/gastrobot_ws/install/gastrobot_bringup' for CMake module files
[19.377s] Level 1:colcon.colcon_core.environment:checking '/home/gastrobot/gastrobot_ws/install/gastrobot_bringup' for CMake config files
[19.382s] Level 1:colcon.colcon_core.environment:checking '/home/gastrobot/gastrobot_ws/install/gastrobot_bringup/lib'
[19.383s] Level 1:colcon.colcon_core.environment:checking '/home/gastrobot/gastrobot_ws/install/gastrobot_bringup/bin'
[19.384s] Level 1:colcon.colcon_core.environment:checking '/home/gastrobot/gastrobot_ws/install/gastrobot_bringup/lib/pkgconfig/gastrobot_bringup.pc'
[19.385s] Level 1:colcon.colcon_core.environment:checking '/home/gastrobot/gastrobot_ws/install/gastrobot_bringup/lib/python3.12/site-packages'
[19.386s] Level 1:colcon.colcon_core.shell:create_environment_hook('gastrobot_bringup', 'pythonpath')
[19.387s] INFO:colcon.colcon_core.shell:Creating environment hook '/home/gastrobot/gastrobot_ws/install/gastrobot_bringup/share/gastrobot_bringup/hook/pythonpath.ps1'
[19.390s] INFO:colcon.colcon_core.shell:Creating environment descriptor '/home/gastrobot/gastrobot_ws/install/gastrobot_bringup/share/gastrobot_bringup/hook/pythonpath.dsv'
[19.393s] INFO:colcon.colcon_core.shell:Creating environment hook '/home/gastrobot/gastrobot_ws/install/gastrobot_bringup/share/gastrobot_bringup/hook/pythonpath.sh'
[19.398s] Level 1:colcon.colcon_core.environment:checking '/home/gastrobot/gastrobot_ws/install/gastrobot_bringup/bin'
[19.398s] Level 1:colcon.colcon_core.environment:create_environment_scripts_only(gastrobot_bringup)
[19.400s] INFO:colcon.colcon_core.shell:Creating package script '/home/gastrobot/gastrobot_ws/install/gastrobot_bringup/share/gastrobot_bringup/package.ps1'
[19.409s] INFO:colcon.colcon_core.shell:Creating package descriptor '/home/gastrobot/gastrobot_ws/install/gastrobot_bringup/share/gastrobot_bringup/package.dsv'
[19.424s] INFO:colcon.colcon_core.shell:Creating package script '/home/gastrobot/gastrobot_ws/install/gastrobot_bringup/share/gastrobot_bringup/package.sh'
[19.433s] INFO:colcon.colcon_core.shell:Creating package script '/home/gastrobot/gastrobot_ws/install/gastrobot_bringup/share/gastrobot_bringup/package.bash'
[19.446s] INFO:colcon.colcon_core.shell:Creating package script '/home/gastrobot/gastrobot_ws/install/gastrobot_bringup/share/gastrobot_bringup/package.zsh'
[19.453s] Level 1:colcon.colcon_core.environment:create_file_with_runtime_dependencies(/home/gastrobot/gastrobot_ws/install/gastrobot_bringup/share/colcon-core/packages/gastrobot_bringup)
[19.459s] INFO:colcon.colcon_ros.task.ament_python.build:Building ROS package in '/home/gastrobot/gastrobot_ws/src/gastrobot_perception' with build type 'ament_python'
[19.460s] Level 1:colcon.colcon_core.shell:create_environment_hook('gastrobot_perception', 'ament_prefix_path')
[19.461s] INFO:colcon.colcon_core.shell:Creating environment hook '/home/gastrobot/gastrobot_ws/install/gastrobot_perception/share/gastrobot_perception/hook/ament_prefix_path.ps1'
[19.466s] INFO:colcon.colcon_core.shell:Creating environment descriptor '/home/gastrobot/gastrobot_ws/install/gastrobot_perception/share/gastrobot_perception/hook/ament_prefix_path.dsv'
[19.470s] INFO:colcon.colcon_core.shell:Creating environment hook '/home/gastrobot/gastrobot_ws/install/gastrobot_perception/share/gastrobot_perception/hook/ament_prefix_path.sh'
[19.474s] INFO:colcon.colcon_core.shell:Skip shell extension 'powershell' for command environment: Not usable outside of PowerShell
[19.475s] DEBUG:colcon.colcon_core.shell:Skip shell extension 'dsv' for command environment
[19.522s] Level 1:colcon.colcon_core.environment:checking '/home/gastrobot/gastrobot_ws/install/gastrobot_navigation' for CMake module files
[19.525s] DEBUG:colcon.colcon_core.event_handler.log_command:Invoked command in '/home/gastrobot/gastrobot_ws/src/gastrobot_navigation' returned '0': PYTHONPATH=/home/gastrobot/gastrobot_ws/build/gastrobot_navigation/prefix_override:/usr/lib/python3/dist-packages/colcon_core/task/python/colcon_distutils_commands:/home/gastrobot/gastrobot_ws/install/gastrobot_navigation/lib/python3.12/site-packages:${PYTHONPATH} /usr/bin/python3 -W ignore:setup.py install is deprecated -W ignore:easy_install command is deprecated setup.py egg_info --egg-base ../../build/gastrobot_navigation build --build-base /home/gastrobot/gastrobot_ws/build/gastrobot_navigation/build install --record /home/gastrobot/gastrobot_ws/build/gastrobot_navigation/install.log --single-version-externally-managed install_data
[19.529s] Level 1:colcon.colcon_core.environment:checking '/home/gastrobot/gastrobot_ws/install/gastrobot_navigation' for CMake config files
[19.534s] Level 1:colcon.colcon_core.environment:checking '/home/gastrobot/gastrobot_ws/install/gastrobot_navigation/lib'
[19.535s] Level 1:colcon.colcon_core.environment:checking '/home/gastrobot/gastrobot_ws/install/gastrobot_navigation/bin'
[19.535s] Level 1:colcon.colcon_core.environment:checking '/home/gastrobot/gastrobot_ws/install/gastrobot_navigation/lib/pkgconfig/gastrobot_navigation.pc'
[19.537s] Level 1:colcon.colcon_core.environment:checking '/home/gastrobot/gastrobot_ws/install/gastrobot_navigation/lib/python3.12/site-packages'
[19.538s] Level 1:colcon.colcon_core.shell:create_environment_hook('gastrobot_navigation', 'pythonpath')
[19.539s] INFO:colcon.colcon_core.shell:Creating environment hook '/home/gastrobot/gastrobot_ws/install/gastrobot_navigation/share/gastrobot_navigation/hook/pythonpath.ps1'
[19.542s] INFO:colcon.colcon_core.shell:Creating environment descriptor '/home/gastrobot/gastrobot_ws/install/gastrobot_navigation/share/gastrobot_navigation/hook/pythonpath.dsv'
[19.545s] INFO:colcon.colcon_core.shell:Creating environment hook '/home/gastrobot/gastrobot_ws/install/gastrobot_navigation/share/gastrobot_navigation/hook/pythonpath.sh'
[19.551s] Level 1:colcon.colcon_core.environment:checking '/home/gastrobot/gastrobot_ws/install/gastrobot_navigation/bin'
[19.552s] Level 1:colcon.colcon_core.environment:create_environment_scripts_only(gastrobot_navigation)
[19.554s] INFO:colcon.colcon_core.shell:Creating package script '/home/gastrobot/gastrobot_ws/install/gastrobot_navigation/share/gastrobot_navigation/package.ps1'
[19.558s] INFO:colcon.colcon_core.shell:Creating package descriptor '/home/gastrobot/gastrobot_ws/install/gastrobot_navigation/share/gastrobot_navigation/package.dsv'
[19.562s] INFO:colcon.colcon_core.shell:Creating package script '/home/gastrobot/gastrobot_ws/install/gastrobot_navigation/share/gastrobot_navigation/package.sh'
[19.566s] INFO:colcon.colcon_core.shell:Creating package script '/home/gastrobot/gastrobot_ws/install/gastrobot_navigation/share/gastrobot_navigation/package.bash'
[19.569s] INFO:colcon.colcon_core.shell:Creating package script '/home/gastrobot/gastrobot_ws/install/gastrobot_navigation/share/gastrobot_navigation/package.zsh'
[19.572s] Level 1:colcon.colcon_core.environment:create_file_with_runtime_dependencies(/home/gastrobot/gastrobot_ws/install/gastrobot_navigation/share/colcon-core/packages/gastrobot_navigation)
[19.576s] INFO:colcon.colcon_ros.task.ament_cmake.build:Building ROS package in '/home/gastrobot/gastrobot_ws/src/rplidar_ros' with build type 'ament_cmake'
[19.579s] INFO:colcon.colcon_cmake.task.cmake.build:Building CMake package in '/home/gastrobot/gastrobot_ws/src/rplidar_ros'
[19.581s] INFO:colcon.colcon_core.shell:Skip shell extension 'powershell' for command environment: Not usable outside of PowerShell
[19.583s] DEBUG:colcon.colcon_core.shell:Skip shell extension 'dsv' for command environment
[20.885s] INFO:colcon.colcon_core.task.python.build:Building Python package in '/home/gastrobot/gastrobot_ws/src/gastrobot_perception'
[20.885s] INFO:colcon.colcon_core.shell:Skip shell extension 'powershell' for command environment: Not usable outside of PowerShell
[20.886s] DEBUG:colcon.colcon_core.shell:Skip shell extension 'dsv' for command environment
[20.919s] Level 1:colcon.colcon_core.environment:checking '/home/gastrobot/gastrobot_ws/install/gastrobot_control' for CMake module files
[20.921s] DEBUG:colcon.colcon_core.event_handler.log_command:Invoked command in '/home/gastrobot/gastrobot_ws/src/gastrobot_control' returned '0': PYTHONPATH=/home/gastrobot/gastrobot_ws/build/gastrobot_control/prefix_override:/usr/lib/python3/dist-packages/colcon_core/task/python/colcon_distutils_commands:/home/gastrobot/gastrobot_ws/install/gastrobot_control/lib/python3.12/site-packages:${PYTHONPATH} /usr/bin/python3 -W ignore:setup.py install is deprecated -W ignore:easy_install command is deprecated setup.py egg_info --egg-base ../../build/gastrobot_control build --build-base /home/gastrobot/gastrobot_ws/build/gastrobot_control/build install --record /home/gastrobot/gastrobot_ws/build/gastrobot_control/install.log --single-version-externally-managed install_data
[20.924s] Level 1:colcon.colcon_core.environment:checking '/home/gastrobot/gastrobot_ws/install/gastrobot_control' for CMake config files
[20.929s] Level 1:colcon.colcon_core.environment:checking '/home/gastrobot/gastrobot_ws/install/gastrobot_control/lib'
[20.929s] Level 1:colcon.colcon_core.environment:checking '/home/gastrobot/gastrobot_ws/install/gastrobot_control/bin'
[20.930s] Level 1:colcon.colcon_core.environment:checking '/home/gastrobot/gastrobot_ws/install/gastrobot_control/lib/pkgconfig/gastrobot_control.pc'
[20.931s] Level 1:colcon.colcon_core.environment:checking '/home/gastrobot/gastrobot_ws/install/gastrobot_control/lib/python3.12/site-packages'
[20.931s] Level 1:colcon.colcon_core.shell:create_environment_hook('gastrobot_control', 'pythonpath')
[20.932s] INFO:colcon.colcon_core.shell:Creating environment hook '/home/gastrobot/gastrobot_ws/install/gastrobot_control/share/gastrobot_control/hook/pythonpath.ps1'
[20.934s] INFO:colcon.colcon_core.shell:Creating environment descriptor '/home/gastrobot/gastrobot_ws/install/gastrobot_control/share/gastrobot_control/hook/pythonpath.dsv'
[20.936s] INFO:colcon.colcon_core.shell:Creating environment hook '/home/gastrobot/gastrobot_ws/install/gastrobot_control/share/gastrobot_control/hook/pythonpath.sh'
[20.939s] Level 1:colcon.colcon_core.environment:checking '/home/gastrobot/gastrobot_ws/install/gastrobot_control/bin'
[20.940s] Level 1:colcon.colcon_core.environment:create_environment_scripts_only(gastrobot_control)
[20.940s] INFO:colcon.colcon_core.shell:Creating package script '/home/gastrobot/gastrobot_ws/install/gastrobot_control/share/gastrobot_control/package.ps1'
[20.943s] INFO:colcon.colcon_core.shell:Creating package descriptor '/home/gastrobot/gastrobot_ws/install/gastrobot_control/share/gastrobot_control/package.dsv'
[20.945s] INFO:colcon.colcon_core.shell:Creating package script '/home/gastrobot/gastrobot_ws/install/gastrobot_control/share/gastrobot_control/package.sh'
[20.947s] INFO:colcon.colcon_core.shell:Creating package script '/home/gastrobot/gastrobot_ws/install/gastrobot_control/share/gastrobot_control/package.bash'
[20.948s] INFO:colcon.colcon_core.shell:Creating package script '/home/gastrobot/gastrobot_ws/install/gastrobot_control/share/gastrobot_control/package.zsh'
[20.950s] Level 1:colcon.colcon_core.environment:create_file_with_runtime_dependencies(/home/gastrobot/gastrobot_ws/install/gastrobot_control/share/colcon-core/packages/gastrobot_control)
[20.968s] DEBUG:colcon.colcon_core.event_handler.log_command:Invoking command in '/home/gastrobot/gastrobot_ws/build/rplidar_ros': CMAKE_PREFIX_PATH=${CMAKE_PREFIX_PATH}:/home/gastrobot/gastrobot_ws/install/gastrobot_perception:/home/gastrobot/gastrobot_ws/install/gastrobot_navigation:/home/gastrobot/gastrobot_ws/install/gastrobot_gui:/home/gastrobot/gastrobot_ws/install/gastrobot_control:/home/gastrobot/gastrobot_ws/install/gastrobot_bringup:/home/gastrobot/gastrobot_ws_clean/install/gastrobot_control:/home/gastrobot/gastrobot_ws_clean/install/gastrobot_bringup:/opt/ros/jazzy /usr/bin/cmake --build /home/gastrobot/gastrobot_ws/build/rplidar_ros -- -j4 -l4
[20.972s] Level 1:colcon.colcon_core.environment:checking '/home/gastrobot/gastrobot_ws/install/gastrobot_gui' for CMake module files
[20.975s] DEBUG:colcon.colcon_core.event_handler.log_command:Invoked command in '/home/gastrobot/gastrobot_ws/src/gastrobot_gui' returned '0': PYTHONPATH=/home/gastrobot/gastrobot_ws/build/gastrobot_gui/prefix_override:/usr/lib/python3/dist-packages/colcon_core/task/python/colcon_distutils_commands:/home/gastrobot/gastrobot_ws/install/gastrobot_gui/lib/python3.12/site-packages:${PYTHONPATH} /usr/bin/python3 -W ignore:setup.py install is deprecated -W ignore:easy_install command is deprecated setup.py egg_info --egg-base ../../build/gastrobot_gui build --build-base /home/gastrobot/gastrobot_ws/build/gastrobot_gui/build install --record /home/gastrobot/gastrobot_ws/build/gastrobot_gui/install.log --single-version-externally-managed install_data
[20.978s] Level 1:colcon.colcon_core.environment:checking '/home/gastrobot/gastrobot_ws/install/gastrobot_gui' for CMake config files
[20.982s] Level 1:colcon.colcon_core.environment:checking '/home/gastrobot/gastrobot_ws/install/gastrobot_gui/lib'
[20.982s] Level 1:colcon.colcon_core.environment:checking '/home/gastrobot/gastrobot_ws/install/gastrobot_gui/bin'
[20.983s] Level 1:colcon.colcon_core.environment:checking '/home/gastrobot/gastrobot_ws/install/gastrobot_gui/lib/pkgconfig/gastrobot_gui.pc'
[20.984s] Level 1:colcon.colcon_core.environment:checking '/home/gastrobot/gastrobot_ws/install/gastrobot_gui/lib/python3.12/site-packages'
[20.984s] Level 1:colcon.colcon_core.shell:create_environment_hook('gastrobot_gui', 'pythonpath')
[20.985s] INFO:colcon.colcon_core.shell:Creating environment hook '/home/gastrobot/gastrobot_ws/install/gastrobot_gui/share/gastrobot_gui/hook/pythonpath.ps1'
[21.005s] INFO:colcon.colcon_core.shell:Creating environment descriptor '/home/gastrobot/gastrobot_ws/install/gastrobot_gui/share/gastrobot_gui/hook/pythonpath.dsv'
[21.008s] INFO:colcon.colcon_core.shell:Creating environment hook '/home/gastrobot/gastrobot_ws/install/gastrobot_gui/share/gastrobot_gui/hook/pythonpath.sh'
[21.032s] Level 1:colcon.colcon_core.environment:checking '/home/gastrobot/gastrobot_ws/install/gastrobot_gui/bin'
[21.033s] Level 1:colcon.colcon_core.environment:create_environment_scripts_only(gastrobot_gui)
[21.034s] INFO:colcon.colcon_core.shell:Creating package script '/home/gastrobot/gastrobot_ws/install/gastrobot_gui/share/gastrobot_gui/package.ps1'
[21.038s] INFO:colcon.colcon_core.shell:Creating package descriptor '/home/gastrobot/gastrobot_ws/install/gastrobot_gui/share/gastrobot_gui/package.dsv'
[21.041s] INFO:colcon.colcon_core.shell:Creating package script '/home/gastrobot/gastrobot_ws/install/gastrobot_gui/share/gastrobot_gui/package.sh'
[21.044s] INFO:colcon.colcon_core.shell:Creating package script '/home/gastrobot/gastrobot_ws/install/gastrobot_gui/share/gastrobot_gui/package.bash'
[21.045s] INFO:colcon.colcon_core.shell:Creating package script '/home/gastrobot/gastrobot_ws/install/gastrobot_gui/share/gastrobot_gui/package.zsh'
[21.047s] Level 1:colcon.colcon_core.environment:create_file_with_runtime_dependencies(/home/gastrobot/gastrobot_ws/install/gastrobot_gui/share/colcon-core/packages/gastrobot_gui)
[22.407s] DEBUG:colcon.colcon_core.event_handler.log_command:Invoked command in '/home/gastrobot/gastrobot_ws/build/rplidar_ros' returned '0': CMAKE_PREFIX_PATH=${CMAKE_PREFIX_PATH}:/home/gastrobot/gastrobot_ws/install/gastrobot_perception:/home/gastrobot/gastrobot_ws/install/gastrobot_navigation:/home/gastrobot/gastrobot_ws/install/gastrobot_gui:/home/gastrobot/gastrobot_ws/install/gastrobot_control:/home/gastrobot/gastrobot_ws/install/gastrobot_bringup:/home/gastrobot/gastrobot_ws_clean/install/gastrobot_control:/home/gastrobot/gastrobot_ws_clean/install/gastrobot_bringup:/opt/ros/jazzy /usr/bin/cmake --build /home/gastrobot/gastrobot_ws/build/rplidar_ros -- -j4 -l4
[22.511s] DEBUG:colcon.colcon_core.event_handler.log_command:Invoking command in '/home/gastrobot/gastrobot_ws/build/rplidar_ros': CMAKE_PREFIX_PATH=${CMAKE_PREFIX_PATH}:/home/gastrobot/gastrobot_ws/install/gastrobot_perception:/home/gastrobot/gastrobot_ws/install/gastrobot_navigation:/home/gastrobot/gastrobot_ws/install/gastrobot_gui:/home/gastrobot/gastrobot_ws/install/gastrobot_control:/home/gastrobot/gastrobot_ws/install/gastrobot_bringup:/home/gastrobot/gastrobot_ws_clean/install/gastrobot_control:/home/gastrobot/gastrobot_ws_clean/install/gastrobot_bringup:/opt/ros/jazzy /usr/bin/cmake --install /home/gastrobot/gastrobot_ws/build/rplidar_ros
[22.767s] Level 1:colcon.colcon_core.environment:create_environment_scripts_only(rplidar_ros)
[22.768s] Level 1:colcon.colcon_core.environment:checking '/home/gastrobot/gastrobot_ws/install/rplidar_ros' for CMake module files
[22.770s] DEBUG:colcon.colcon_core.event_handler.log_command:Invoked command in '/home/gastrobot/gastrobot_ws/build/rplidar_ros' returned '0': CMAKE_PREFIX_PATH=${CMAKE_PREFIX_PATH}:/home/gastrobot/gastrobot_ws/install/gastrobot_perception:/home/gastrobot/gastrobot_ws/install/gastrobot_navigation:/home/gastrobot/gastrobot_ws/install/gastrobot_gui:/home/gastrobot/gastrobot_ws/install/gastrobot_control:/home/gastrobot/gastrobot_ws/install/gastrobot_bringup:/home/gastrobot/gastrobot_ws_clean/install/gastrobot_control:/home/gastrobot/gastrobot_ws_clean/install/gastrobot_bringup:/opt/ros/jazzy /usr/bin/cmake --install /home/gastrobot/gastrobot_ws/build/rplidar_ros
[22.773s] Level 1:colcon.colcon_core.environment:checking '/home/gastrobot/gastrobot_ws/install/rplidar_ros' for CMake config files
[22.775s] Level 1:colcon.colcon_core.shell:create_environment_hook('rplidar_ros', 'cmake_prefix_path')
[22.776s] INFO:colcon.colcon_core.shell:Creating environment hook '/home/gastrobot/gastrobot_ws/install/rplidar_ros/share/rplidar_ros/hook/cmake_prefix_path.ps1'
[22.778s] INFO:colcon.colcon_core.shell:Creating environment descriptor '/home/gastrobot/gastrobot_ws/install/rplidar_ros/share/rplidar_ros/hook/cmake_prefix_path.dsv'
[22.780s] INFO:colcon.colcon_core.shell:Creating environment hook '/home/gastrobot/gastrobot_ws/install/rplidar_ros/share/rplidar_ros/hook/cmake_prefix_path.sh'
[22.782s] Level 1:colcon.colcon_core.environment:checking '/home/gastrobot/gastrobot_ws/install/rplidar_ros/lib'
[22.783s] Level 1:colcon.colcon_core.environment:checking '/home/gastrobot/gastrobot_ws/install/rplidar_ros/bin'
[22.783s] Level 1:colcon.colcon_core.environment:checking '/home/gastrobot/gastrobot_ws/install/rplidar_ros/lib/pkgconfig/rplidar_ros.pc'
[22.784s] Level 1:colcon.colcon_core.environment:checking '/home/gastrobot/gastrobot_ws/install/rplidar_ros/lib/python3.12/site-packages'
[22.786s] Level 1:colcon.colcon_core.environment:checking '/home/gastrobot/gastrobot_ws/install/rplidar_ros/bin'
[22.787s] INFO:colcon.colcon_core.shell:Creating package script '/home/gastrobot/gastrobot_ws/install/rplidar_ros/share/rplidar_ros/package.ps1'
[22.789s] INFO:colcon.colcon_core.shell:Creating package descriptor '/home/gastrobot/gastrobot_ws/install/rplidar_ros/share/rplidar_ros/package.dsv'
[22.791s] INFO:colcon.colcon_core.shell:Creating package script '/home/gastrobot/gastrobot_ws/install/rplidar_ros/share/rplidar_ros/package.sh'
[22.793s] INFO:colcon.colcon_core.shell:Creating package script '/home/gastrobot/gastrobot_ws/install/rplidar_ros/share/rplidar_ros/package.bash'
[22.794s] INFO:colcon.colcon_core.shell:Creating package script '/home/gastrobot/gastrobot_ws/install/rplidar_ros/share/rplidar_ros/package.zsh'
[22.796s] Level 1:colcon.colcon_core.environment:create_file_with_runtime_dependencies(/home/gastrobot/gastrobot_ws/install/rplidar_ros/share/colcon-core/packages/rplidar_ros)
[22.814s] Level 1:colcon.colcon_core.environment:create_environment_scripts_only(rplidar_ros)
[22.815s] Level 1:colcon.colcon_core.environment:checking '/home/gastrobot/gastrobot_ws/install/rplidar_ros' for CMake module files
[22.818s] Level 1:colcon.colcon_core.environment:checking '/home/gastrobot/gastrobot_ws/install/rplidar_ros' for CMake config files
[22.820s] Level 1:colcon.colcon_core.shell:create_environment_hook('rplidar_ros', 'cmake_prefix_path')
[22.821s] INFO:colcon.colcon_core.shell:Creating environment hook '/home/gastrobot/gastrobot_ws/install/rplidar_ros/share/rplidar_ros/hook/cmake_prefix_path.ps1'
[22.823s] INFO:colcon.colcon_core.shell:Creating environment descriptor '/home/gastrobot/gastrobot_ws/install/rplidar_ros/share/rplidar_ros/hook/cmake_prefix_path.dsv'
[22.825s] INFO:colcon.colcon_core.shell:Creating environment hook '/home/gastrobot/gastrobot_ws/install/rplidar_ros/share/rplidar_ros/hook/cmake_prefix_path.sh'
[22.828s] Level 1:colcon.colcon_core.environment:checking '/home/gastrobot/gastrobot_ws/install/rplidar_ros/lib'
[22.828s] Level 1:colcon.colcon_core.environment:checking '/home/gastrobot/gastrobot_ws/install/rplidar_ros/bin'
[22.828s] Level 1:colcon.colcon_core.environment:checking '/home/gastrobot/gastrobot_ws/install/rplidar_ros/lib/pkgconfig/rplidar_ros.pc'
[22.829s] Level 1:colcon.colcon_core.environment:checking '/home/gastrobot/gastrobot_ws/install/rplidar_ros/lib/python3.12/site-packages'
[22.831s] Level 1:colcon.colcon_core.environment:checking '/home/gastrobot/gastrobot_ws/install/rplidar_ros/bin'
[22.832s] INFO:colcon.colcon_core.shell:Creating package script '/home/gastrobot/gastrobot_ws/install/rplidar_ros/share/rplidar_ros/package.ps1'
[22.837s] INFO:colcon.colcon_core.shell:Creating package descriptor '/home/gastrobot/gastrobot_ws/install/rplidar_ros/share/rplidar_ros/package.dsv'
[22.839s] INFO:colcon.colcon_core.shell:Creating package script '/home/gastrobot/gastrobot_ws/install/rplidar_ros/share/rplidar_ros/package.sh'
[22.841s] INFO:colcon.colcon_core.shell:Creating package script '/home/gastrobot/gastrobot_ws/install/rplidar_ros/share/rplidar_ros/package.bash'
[22.843s] INFO:colcon.colcon_core.shell:Creating package script '/home/gastrobot/gastrobot_ws/install/rplidar_ros/share/rplidar_ros/package.zsh'
[22.845s] Level 1:colcon.colcon_core.environment:create_file_with_runtime_dependencies(/home/gastrobot/gastrobot_ws/install/rplidar_ros/share/colcon-core/packages/rplidar_ros)
[24.819s] DEBUG:colcon.colcon_core.event_handler.log_command:Invoking command in '/home/gastrobot/gastrobot_ws/src/gastrobot_perception': PYTHONPATH=/home/gastrobot/gastrobot_ws/build/gastrobot_perception/prefix_override:/usr/lib/python3/dist-packages/colcon_core/task/python/colcon_distutils_commands:/home/gastrobot/gastrobot_ws/install/gastrobot_perception/lib/python3.12/site-packages:${PYTHONPATH} /usr/bin/python3 -W ignore:setup.py install is deprecated -W ignore:easy_install command is deprecated setup.py egg_info --egg-base ../../build/gastrobot_perception build --build-base /home/gastrobot/gastrobot_ws/build/gastrobot_perception/build install --record /home/gastrobot/gastrobot_ws/build/gastrobot_perception/install.log --single-version-externally-managed install_data
[28.128s] Level 1:colcon.colcon_core.environment:checking '/home/gastrobot/gastrobot_ws/install/gastrobot_perception' for CMake module files
[28.129s] DEBUG:colcon.colcon_core.event_handler.log_command:Invoked command in '/home/gastrobot/gastrobot_ws/src/gastrobot_perception' returned '0': PYTHONPATH=/home/gastrobot/gastrobot_ws/build/gastrobot_perception/prefix_override:/usr/lib/python3/dist-packages/colcon_core/task/python/colcon_distutils_commands:/home/gastrobot/gastrobot_ws/install/gastrobot_perception/lib/python3.12/site-packages:${PYTHONPATH} /usr/bin/python3 -W ignore:setup.py install is deprecated -W ignore:easy_install command is deprecated setup.py egg_info --egg-base ../../build/gastrobot_perception build --build-base /home/gastrobot/gastrobot_ws/build/gastrobot_perception/build install --record /home/gastrobot/gastrobot_ws/build/gastrobot_perception/install.log --single-version-externally-managed install_data
[28.132s] Level 1:colcon.colcon_core.environment:checking '/home/gastrobot/gastrobot_ws/install/gastrobot_perception' for CMake config files
[28.134s] Level 1:colcon.colcon_core.environment:checking '/home/gastrobot/gastrobot_ws/install/gastrobot_perception/lib'
[28.135s] Level 1:colcon.colcon_core.environment:checking '/home/gastrobot/gastrobot_ws/install/gastrobot_perception/bin'
[28.135s] Level 1:colcon.colcon_core.environment:checking '/home/gastrobot/gastrobot_ws/install/gastrobot_perception/lib/pkgconfig/gastrobot_perception.pc'
[28.136s] Level 1:colcon.colcon_core.environment:checking '/home/gastrobot/gastrobot_ws/install/gastrobot_perception/lib/python3.12/site-packages'
[28.137s] Level 1:colcon.colcon_core.shell:create_environment_hook('gastrobot_perception', 'pythonpath')
[28.137s] INFO:colcon.colcon_core.shell:Creating environment hook '/home/gastrobot/gastrobot_ws/install/gastrobot_perception/share/gastrobot_perception/hook/pythonpath.ps1'
[28.139s] INFO:colcon.colcon_core.shell:Creating environment descriptor '/home/gastrobot/gastrobot_ws/install/gastrobot_perception/share/gastrobot_perception/hook/pythonpath.dsv'
[28.141s] INFO:colcon.colcon_core.shell:Creating environment hook '/home/gastrobot/gastrobot_ws/install/gastrobot_perception/share/gastrobot_perception/hook/pythonpath.sh'
[28.155s] Level 1:colcon.colcon_core.environment:checking '/home/gastrobot/gastrobot_ws/install/gastrobot_perception/bin'
[28.156s] Level 1:colcon.colcon_core.environment:create_environment_scripts_only(gastrobot_perception)
[28.157s] INFO:colcon.colcon_core.shell:Creating package script '/home/gastrobot/gastrobot_ws/install/gastrobot_perception/share/gastrobot_perception/package.ps1'
[28.160s] INFO:colcon.colcon_core.shell:Creating package descriptor '/home/gastrobot/gastrobot_ws/install/gastrobot_perception/share/gastrobot_perception/package.dsv'
[28.162s] INFO:colcon.colcon_core.shell:Creating package script '/home/gastrobot/gastrobot_ws/install/gastrobot_perception/share/gastrobot_perception/package.sh'
[28.165s] INFO:colcon.colcon_core.shell:Creating package script '/home/gastrobot/gastrobot_ws/install/gastrobot_perception/share/gastrobot_perception/package.bash'
[28.169s] INFO:colcon.colcon_core.shell:Creating package script '/home/gastrobot/gastrobot_ws/install/gastrobot_perception/share/gastrobot_perception/package.zsh'
[28.170s] Level 1:colcon.colcon_core.environment:create_file_with_runtime_dependencies(/home/gastrobot/gastrobot_ws/install/gastrobot_perception/share/colcon-core/packages/gastrobot_perception)
[28.171s] DEBUG:colcon.colcon_parallel_executor.executor.parallel:closing loop
[28.173s] DEBUG:colcon.colcon_parallel_executor.executor.parallel:loop closed
[28.173s] DEBUG:colcon.colcon_parallel_executor.executor.parallel:run_until_complete finished with '0'
[28.174s] DEBUG:colcon.colcon_core.event_reactor:joining thread
[28.209s] INFO:colcon.colcon_core.plugin_system:Skipping extension 'colcon_notification.desktop_notification.terminal_notifier': Not used on non-Darwin systems
[28.209s] INFO:colcon.colcon_core.plugin_system:Skipping extension 'colcon_notification.desktop_notification.win32': Not used on non-Windows systems
[28.209s] INFO:colcon.colcon_notification.desktop_notification:Sending desktop notification using 'notify2'
[28.283s] DEBUG:colcon.colcon_core.event_reactor:joined thread
[28.285s] INFO:colcon.colcon_core.shell:Creating prefix script '/home/gastrobot/gastrobot_ws/install/local_setup.ps1'
[28.294s] INFO:colcon.colcon_core.shell:Creating prefix util module '/home/gastrobot/gastrobot_ws/install/_local_setup_util_ps1.py'
[28.323s] INFO:colcon.colcon_core.shell:Creating prefix chain script '/home/gastrobot/gastrobot_ws/install/setup.ps1'
[28.341s] INFO:colcon.colcon_core.shell:Creating prefix script '/home/gastrobot/gastrobot_ws/install/local_setup.sh'
[28.351s] INFO:colcon.colcon_core.shell:Creating prefix util module '/home/gastrobot/gastrobot_ws/install/_local_setup_util_sh.py'
[28.355s] INFO:colcon.colcon_core.shell:Creating prefix chain script '/home/gastrobot/gastrobot_ws/install/setup.sh'
[28.365s] INFO:colcon.colcon_core.shell:Creating prefix script '/home/gastrobot/gastrobot_ws/install/local_setup.bash'
[28.371s] INFO:colcon.colcon_core.shell:Creating prefix chain script '/home/gastrobot/gastrobot_ws/install/setup.bash'
[28.381s] INFO:colcon.colcon_core.shell:Creating prefix script '/home/gastrobot/gastrobot_ws/install/local_setup.zsh'
[28.393s] INFO:colcon.colcon_core.shell:Creating prefix chain script '/home/gastrobot/gastrobot_ws/install/setup.zsh'
