[10.890s] Invoking command in '/home/gastrobot/gastrobot_ws/src/gastrobot_bringup': PYTHONPATH=/home/gastrobot/gastrobot_ws/build/gastrobot_bringup/prefix_override:/usr/lib/python3/dist-packages/colcon_core/task/python/colcon_distutils_commands:/home/gastrobot/gastrobot_ws/install/gastrobot_bringup/lib/python3.12/site-packages:${PYTHONPATH} /usr/bin/python3 -W ignore:setup.py install is deprecated -W ignore:easy_install command is deprecated setup.py egg_info --egg-base ../../build/gastrobot_bringup build --build-base /home/gastrobot/gastrobot_ws/build/gastrobot_bringup/build install --record /home/gastrobot/gastrobot_ws/build/gastrobot_bringup/install.log --single-version-externally-managed install_data
[13.863s] running egg_info
[14.140s] writing ../../build/gastrobot_bringup/gastrobot_bringup.egg-info/PKG-INFO
[14.142s] writing dependency_links to ../../build/gastrobot_bringup/gastrobot_bringup.egg-info/dependency_links.txt
[14.147s] writing requirements to ../../build/gastrobot_bringup/gastrobot_bringup.egg-info/requires.txt
[14.148s] writing top-level names to ../../build/gastrobot_bringup/gastrobot_bringup.egg-info/top_level.txt
[14.734s] reading manifest file '../../build/gastrobot_bringup/gastrobot_bringup.egg-info/SOURCES.txt'
[14.742s] writing manifest file '../../build/gastrobot_bringup/gastrobot_bringup.egg-info/SOURCES.txt'
[14.743s] running build
[14.747s] running build_py
[14.748s] running install
[14.787s] running install_lib
[15.073s] running install_data
[15.079s] copying launch/bringup.launch.py -> /home/gastrobot/gastrobot_ws/install/gastrobot_bringup/share/gastrobot_bringup/launch
[15.080s] running install_egg_info
[15.375s] removing '/home/gastrobot/gastrobot_ws/install/gastrobot_bringup/lib/python3.12/site-packages/gastrobot_bringup-0.0.0-py3.12.egg-info' (and everything under it)
[15.378s] Copying ../../build/gastrobot_bringup/gastrobot_bringup.egg-info to /home/gastrobot/gastrobot_ws/install/gastrobot_bringup/lib/python3.12/site-packages/gastrobot_bringup-0.0.0-py3.12.egg-info
[15.389s] running install_scripts
[17.012s] writing list of installed files to '/home/gastrobot/gastrobot_ws/build/gastrobot_bringup/install.log'
[18.593s] Invoked command in '/home/gastrobot/gastrobot_ws/src/gastrobot_bringup' returned '0': PYTHONPATH=/home/gastrobot/gastrobot_ws/build/gastrobot_bringup/prefix_override:/usr/lib/python3/dist-packages/colcon_core/task/python/colcon_distutils_commands:/home/gastrobot/gastrobot_ws/install/gastrobot_bringup/lib/python3.12/site-packages:${PYTHONPATH} /usr/bin/python3 -W ignore:setup.py install is deprecated -W ignore:easy_install command is deprecated setup.py egg_info --egg-base ../../build/gastrobot_bringup build --build-base /home/gastrobot/gastrobot_ws/build/gastrobot_bringup/build install --record /home/gastrobot/gastrobot_ws/build/gastrobot_bringup/install.log --single-version-externally-managed install_data
