[0.557s] DEBUG:colcon:Command line arguments: ['/usr/bin/colcon', 'build', '--packages-select', 'gastrobot_control']
[0.558s] DEBUG:colcon:Parsed command line arguments: Namespace(log_base=None, log_level=None, verb_name='build', build_base='build', install_base='install', merge_install=False, symlink_install=False, test_result_base=None, continue_on_error=False, executor='parallel', parallel_workers=4, event_handlers=None, ignore_user_meta=False, metas=['./colcon.meta'], base_paths=['.'], packages_ignore=None, packages_ignore_regex=None, paths=None, packages_up_to=None, packages_up_to_regex=None, packages_above=None, packages_above_and_dependencies=None, packages_above_depth=None, packages_select_by_dep=None, packages_skip_by_dep=None, packages_skip_up_to=None, packages_select_build_failed=False, packages_skip_build_finished=False, packages_select_test_failures=False, packages_skip_test_passed=False, packages_select=['gastrobot_control'], packages_skip=None, packages_select_regex=None, packages_skip_regex=None, packages_start=None, packages_end=None, allow_overriding=[], cmake_args=None, cmake_target=None, cmake_target_skip_unavailable=False, cmake_clean_cache=False, cmake_clean_first=False, cmake_force_configure=False, ament_cmake_args=None, catkin_cmake_args=None, catkin_skip_building_tests=False, mixin_files=None, mixin=None, verb_parser=<colcon_mixin.mixin.mixin_argument.MixinArgumentDecorator object at 0xffffb7eb7560>, verb_extension=<colcon_core.verb.build.BuildVerb object at 0xffffb809f9e0>, main=<bound method BuildVerb.main of <colcon_core.verb.build.BuildVerb object at 0xffffb809f9e0>>, mixin_verb=('build',))
[0.737s] Level 1:colcon.colcon_core.package_discovery:discover_packages(colcon_meta) check parameters
[0.738s] Level 1:colcon.colcon_core.package_discovery:discover_packages(recursive) check parameters
[0.738s] Level 1:colcon.colcon_core.package_discovery:discover_packages(ignore) check parameters
[0.738s] Level 1:colcon.colcon_core.package_discovery:discover_packages(path) check parameters
[0.738s] Level 1:colcon.colcon_core.package_discovery:discover_packages(colcon_meta) discover
[0.738s] Level 1:colcon.colcon_core.package_discovery:discover_packages(recursive) discover
[0.738s] INFO:colcon.colcon_core.package_discovery:Crawling recursively for packages in '/home/gastrobot/gastrobot_ws'
[0.739s] Level 1:colcon.colcon_core.package_identification:_identify(.) by extensions ['ignore', 'ignore_ament_install']
[0.739s] Level 1:colcon.colcon_core.package_identification:_identify(.) by extension 'ignore'
[0.739s] Level 1:colcon.colcon_core.package_identification:_identify(.) by extension 'ignore_ament_install'
[0.740s] Level 1:colcon.colcon_core.package_identification:_identify(.) by extensions ['colcon_pkg']
[0.740s] Level 1:colcon.colcon_core.package_identification:_identify(.) by extension 'colcon_pkg'
[0.740s] Level 1:colcon.colcon_core.package_identification:_identify(.) by extensions ['colcon_meta']
[0.740s] Level 1:colcon.colcon_core.package_identification:_identify(.) by extension 'colcon_meta'
[0.740s] Level 1:colcon.colcon_core.package_identification:_identify(.) by extensions ['ros']
[0.740s] Level 1:colcon.colcon_core.package_identification:_identify(.) by extension 'ros'
[0.851s] Level 1:colcon.colcon_core.package_identification:_identify(.) by extensions ['cmake', 'python']
[0.851s] Level 1:colcon.colcon_core.package_identification:_identify(.) by extension 'cmake'
[0.851s] Level 1:colcon.colcon_core.package_identification:_identify(.) by extension 'python'
[0.851s] Level 1:colcon.colcon_core.package_identification:_identify(.) by extensions ['python_setup_py']
[0.852s] Level 1:colcon.colcon_core.package_identification:_identify(.) by extension 'python_setup_py'
[0.852s] Level 1:colcon.colcon_core.package_identification:_identify(build) by extensions ['ignore', 'ignore_ament_install']
[0.853s] Level 1:colcon.colcon_core.package_identification:_identify(build) by extension 'ignore'
[0.853s] Level 1:colcon.colcon_core.package_identification:_identify(build) ignored
[0.853s] Level 1:colcon.colcon_core.package_identification:_identify(install) by extensions ['ignore', 'ignore_ament_install']
[0.854s] Level 1:colcon.colcon_core.package_identification:_identify(install) by extension 'ignore'
[0.854s] Level 1:colcon.colcon_core.package_identification:_identify(install) ignored
[0.854s] Level 1:colcon.colcon_core.package_identification:_identify(log) by extensions ['ignore', 'ignore_ament_install']
[0.855s] Level 1:colcon.colcon_core.package_identification:_identify(log) by extension 'ignore'
[0.855s] Level 1:colcon.colcon_core.package_identification:_identify(log) ignored
[0.855s] Level 1:colcon.colcon_core.package_identification:_identify(src) by extensions ['ignore', 'ignore_ament_install']
[0.856s] Level 1:colcon.colcon_core.package_identification:_identify(src) by extension 'ignore'
[0.856s] Level 1:colcon.colcon_core.package_identification:_identify(src) by extension 'ignore_ament_install'
[0.856s] Level 1:colcon.colcon_core.package_identification:_identify(src) by extensions ['colcon_pkg']
[0.856s] Level 1:colcon.colcon_core.package_identification:_identify(src) by extension 'colcon_pkg'
[0.856s] Level 1:colcon.colcon_core.package_identification:_identify(src) by extensions ['colcon_meta']
[0.856s] Level 1:colcon.colcon_core.package_identification:_identify(src) by extension 'colcon_meta'
[0.856s] Level 1:colcon.colcon_core.package_identification:_identify(src) by extensions ['ros']
[0.857s] Level 1:colcon.colcon_core.package_identification:_identify(src) by extension 'ros'
[0.857s] Level 1:colcon.colcon_core.package_identification:_identify(src) by extensions ['cmake', 'python']
[0.857s] Level 1:colcon.colcon_core.package_identification:_identify(src) by extension 'cmake'
[0.857s] Level 1:colcon.colcon_core.package_identification:_identify(src) by extension 'python'
[0.857s] Level 1:colcon.colcon_core.package_identification:_identify(src) by extensions ['python_setup_py']
[0.857s] Level 1:colcon.colcon_core.package_identification:_identify(src) by extension 'python_setup_py'
[0.858s] Level 1:colcon.colcon_core.package_identification:_identify(src/gastrobot_bringup) by extensions ['ignore', 'ignore_ament_install']
[0.858s] Level 1:colcon.colcon_core.package_identification:_identify(src/gastrobot_bringup) by extension 'ignore'
[0.858s] Level 1:colcon.colcon_core.package_identification:_identify(src/gastrobot_bringup) by extension 'ignore_ament_install'
[0.859s] Level 1:colcon.colcon_core.package_identification:_identify(src/gastrobot_bringup) by extensions ['colcon_pkg']
[0.859s] Level 1:colcon.colcon_core.package_identification:_identify(src/gastrobot_bringup) by extension 'colcon_pkg'
[0.859s] Level 1:colcon.colcon_core.package_identification:_identify(src/gastrobot_bringup) by extensions ['colcon_meta']
[0.859s] Level 1:colcon.colcon_core.package_identification:_identify(src/gastrobot_bringup) by extension 'colcon_meta'
[0.859s] Level 1:colcon.colcon_core.package_identification:_identify(src/gastrobot_bringup) by extensions ['ros']
[0.859s] Level 1:colcon.colcon_core.package_identification:_identify(src/gastrobot_bringup) by extension 'ros'
[0.868s] DEBUG:colcon.colcon_core.package_identification:Package 'src/gastrobot_bringup' with type 'ros.ament_python' and name 'gastrobot_bringup'
[0.868s] Level 1:colcon.colcon_core.package_identification:_identify(src/gastrobot_control) by extensions ['ignore', 'ignore_ament_install']
[0.869s] Level 1:colcon.colcon_core.package_identification:_identify(src/gastrobot_control) by extension 'ignore'
[0.869s] Level 1:colcon.colcon_core.package_identification:_identify(src/gastrobot_control) by extension 'ignore_ament_install'
[0.869s] Level 1:colcon.colcon_core.package_identification:_identify(src/gastrobot_control) by extensions ['colcon_pkg']
[0.869s] Level 1:colcon.colcon_core.package_identification:_identify(src/gastrobot_control) by extension 'colcon_pkg'
[0.869s] Level 1:colcon.colcon_core.package_identification:_identify(src/gastrobot_control) by extensions ['colcon_meta']
[0.869s] Level 1:colcon.colcon_core.package_identification:_identify(src/gastrobot_control) by extension 'colcon_meta'
[0.870s] Level 1:colcon.colcon_core.package_identification:_identify(src/gastrobot_control) by extensions ['ros']
[0.870s] Level 1:colcon.colcon_core.package_identification:_identify(src/gastrobot_control) by extension 'ros'
[0.872s] DEBUG:colcon.colcon_core.package_identification:Package 'src/gastrobot_control' with type 'ros.ament_python' and name 'gastrobot_control'
[0.872s] Level 1:colcon.colcon_core.package_identification:_identify(src/gastrobot_gui) by extensions ['ignore', 'ignore_ament_install']
[0.872s] Level 1:colcon.colcon_core.package_identification:_identify(src/gastrobot_gui) by extension 'ignore'
[0.873s] Level 1:colcon.colcon_core.package_identification:_identify(src/gastrobot_gui) by extension 'ignore_ament_install'
[0.873s] Level 1:colcon.colcon_core.package_identification:_identify(src/gastrobot_gui) by extensions ['colcon_pkg']
[0.873s] Level 1:colcon.colcon_core.package_identification:_identify(src/gastrobot_gui) by extension 'colcon_pkg'
[0.873s] Level 1:colcon.colcon_core.package_identification:_identify(src/gastrobot_gui) by extensions ['colcon_meta']
[0.873s] Level 1:colcon.colcon_core.package_identification:_identify(src/gastrobot_gui) by extension 'colcon_meta'
[0.873s] Level 1:colcon.colcon_core.package_identification:_identify(src/gastrobot_gui) by extensions ['ros']
[0.873s] Level 1:colcon.colcon_core.package_identification:_identify(src/gastrobot_gui) by extension 'ros'
[0.875s] DEBUG:colcon.colcon_core.package_identification:Package 'src/gastrobot_gui' with type 'ros.ament_python' and name 'gastrobot_gui'
[0.876s] Level 1:colcon.colcon_core.package_identification:_identify(src/gastrobot_navigation) by extensions ['ignore', 'ignore_ament_install']
[0.876s] Level 1:colcon.colcon_core.package_identification:_identify(src/gastrobot_navigation) by extension 'ignore'
[0.876s] Level 1:colcon.colcon_core.package_identification:_identify(src/gastrobot_navigation) by extension 'ignore_ament_install'
[0.877s] Level 1:colcon.colcon_core.package_identification:_identify(src/gastrobot_navigation) by extensions ['colcon_pkg']
[0.877s] Level 1:colcon.colcon_core.package_identification:_identify(src/gastrobot_navigation) by extension 'colcon_pkg'
[0.877s] Level 1:colcon.colcon_core.package_identification:_identify(src/gastrobot_navigation) by extensions ['colcon_meta']
[0.877s] Level 1:colcon.colcon_core.package_identification:_identify(src/gastrobot_navigation) by extension 'colcon_meta'
[0.877s] Level 1:colcon.colcon_core.package_identification:_identify(src/gastrobot_navigation) by extensions ['ros']
[0.877s] Level 1:colcon.colcon_core.package_identification:_identify(src/gastrobot_navigation) by extension 'ros'
[0.879s] DEBUG:colcon.colcon_core.package_identification:Package 'src/gastrobot_navigation' with type 'ros.ament_python' and name 'gastrobot_navigation'
[0.879s] Level 1:colcon.colcon_core.package_identification:_identify(src/gastrobot_perception) by extensions ['ignore', 'ignore_ament_install']
[0.880s] Level 1:colcon.colcon_core.package_identification:_identify(src/gastrobot_perception) by extension 'ignore'
[0.880s] Level 1:colcon.colcon_core.package_identification:_identify(src/gastrobot_perception) by extension 'ignore_ament_install'
[0.880s] Level 1:colcon.colcon_core.package_identification:_identify(src/gastrobot_perception) by extensions ['colcon_pkg']
[0.880s] Level 1:colcon.colcon_core.package_identification:_identify(src/gastrobot_perception) by extension 'colcon_pkg'
[0.881s] Level 1:colcon.colcon_core.package_identification:_identify(src/gastrobot_perception) by extensions ['colcon_meta']
[0.881s] Level 1:colcon.colcon_core.package_identification:_identify(src/gastrobot_perception) by extension 'colcon_meta'
[0.881s] Level 1:colcon.colcon_core.package_identification:_identify(src/gastrobot_perception) by extensions ['ros']
[0.881s] Level 1:colcon.colcon_core.package_identification:_identify(src/gastrobot_perception) by extension 'ros'
[0.883s] DEBUG:colcon.colcon_core.package_identification:Package 'src/gastrobot_perception' with type 'ros.ament_python' and name 'gastrobot_perception'
[0.884s] Level 1:colcon.colcon_core.package_identification:_identify(src/rplidar_ros) by extensions ['ignore', 'ignore_ament_install']
[0.884s] Level 1:colcon.colcon_core.package_identification:_identify(src/rplidar_ros) by extension 'ignore'
[0.884s] Level 1:colcon.colcon_core.package_identification:_identify(src/rplidar_ros) by extension 'ignore_ament_install'
[0.884s] Level 1:colcon.colcon_core.package_identification:_identify(src/rplidar_ros) by extensions ['colcon_pkg']
[0.884s] Level 1:colcon.colcon_core.package_identification:_identify(src/rplidar_ros) by extension 'colcon_pkg'
[0.885s] Level 1:colcon.colcon_core.package_identification:_identify(src/rplidar_ros) by extensions ['colcon_meta']
[0.885s] Level 1:colcon.colcon_core.package_identification:_identify(src/rplidar_ros) by extension 'colcon_meta'
[0.885s] Level 1:colcon.colcon_core.package_identification:_identify(src/rplidar_ros) by extensions ['ros']
[0.885s] Level 1:colcon.colcon_core.package_identification:_identify(src/rplidar_ros) by extension 'ros'
[0.887s] DEBUG:colcon.colcon_core.package_identification:Package 'src/rplidar_ros' with type 'ros.ament_cmake' and name 'rplidar_ros'
[0.887s] Level 1:colcon.colcon_core.package_discovery:discover_packages(recursive) using defaults
[0.887s] Level 1:colcon.colcon_core.package_discovery:discover_packages(ignore) discover
[0.888s] Level 1:colcon.colcon_core.package_discovery:discover_packages(ignore) using defaults
[0.888s] Level 1:colcon.colcon_core.package_discovery:discover_packages(path) discover
[0.888s] Level 1:colcon.colcon_core.package_discovery:discover_packages(path) using defaults
[0.966s] INFO:colcon.colcon_core.package_selection:Skipping not selected package 'gastrobot_bringup' in 'src/gastrobot_bringup'
[0.967s] INFO:colcon.colcon_core.package_selection:Skipping not selected package 'gastrobot_gui' in 'src/gastrobot_gui'
[0.967s] INFO:colcon.colcon_core.package_selection:Skipping not selected package 'gastrobot_navigation' in 'src/gastrobot_navigation'
[0.967s] INFO:colcon.colcon_core.package_selection:Skipping not selected package 'gastrobot_perception' in 'src/gastrobot_perception'
[0.967s] INFO:colcon.colcon_core.package_selection:Skipping not selected package 'rplidar_ros' in 'src/rplidar_ros'
[0.969s] Level 1:colcon.colcon_core.package_discovery:discover_packages(prefix_path) check parameters
[0.969s] Level 1:colcon.colcon_core.package_discovery:discover_packages(prefix_path) discover
[0.985s] DEBUG:colcon.colcon_installed_package_information.package_discovery:Found 6 installed packages in /home/gastrobot/gastrobot_ws/install
[0.987s] DEBUG:colcon.colcon_installed_package_information.package_discovery:Found 2 installed packages in /home/gastrobot/gastrobot_ws_clean/install
[1.002s] DEBUG:colcon.colcon_installed_package_information.package_discovery:Found 382 installed packages in /opt/ros/jazzy
[1.007s] Level 1:colcon.colcon_core.package_discovery:discover_packages(prefix_path) using defaults
[1.256s] Level 5:colcon.colcon_core.verb:set package 'gastrobot_control' build argument 'cmake_args' from command line to 'None'
[1.256s] Level 5:colcon.colcon_core.verb:set package 'gastrobot_control' build argument 'cmake_target' from command line to 'None'
[1.256s] Level 5:colcon.colcon_core.verb:set package 'gastrobot_control' build argument 'cmake_target_skip_unavailable' from command line to 'False'
[1.257s] Level 5:colcon.colcon_core.verb:set package 'gastrobot_control' build argument 'cmake_clean_cache' from command line to 'False'
[1.257s] Level 5:colcon.colcon_core.verb:set package 'gastrobot_control' build argument 'cmake_clean_first' from command line to 'False'
[1.257s] Level 5:colcon.colcon_core.verb:set package 'gastrobot_control' build argument 'cmake_force_configure' from command line to 'False'
[1.257s] Level 5:colcon.colcon_core.verb:set package 'gastrobot_control' build argument 'ament_cmake_args' from command line to 'None'
[1.257s] Level 5:colcon.colcon_core.verb:set package 'gastrobot_control' build argument 'catkin_cmake_args' from command line to 'None'
[1.257s] Level 5:colcon.colcon_core.verb:set package 'gastrobot_control' build argument 'catkin_skip_building_tests' from command line to 'False'
[1.257s] DEBUG:colcon.colcon_core.verb:Building package 'gastrobot_control' with the following arguments: {'ament_cmake_args': None, 'build_base': '/home/gastrobot/gastrobot_ws/build/gastrobot_control', 'catkin_cmake_args': None, 'catkin_skip_building_tests': False, 'cmake_args': None, 'cmake_clean_cache': False, 'cmake_clean_first': False, 'cmake_force_configure': False, 'cmake_target': None, 'cmake_target_skip_unavailable': False, 'install_base': '/home/gastrobot/gastrobot_ws/install/gastrobot_control', 'merge_install': False, 'path': '/home/gastrobot/gastrobot_ws/src/gastrobot_control', 'symlink_install': False, 'test_result_base': None}
[1.258s] INFO:colcon.colcon_core.executor:Executing jobs using 'parallel' executor
[1.262s] DEBUG:colcon.colcon_parallel_executor.executor.parallel:run_until_complete
[1.262s] INFO:colcon.colcon_ros.task.ament_python.build:Building ROS package in '/home/gastrobot/gastrobot_ws/src/gastrobot_control' with build type 'ament_python'
[1.263s] Level 1:colcon.colcon_core.shell:create_environment_hook('gastrobot_control', 'ament_prefix_path')
[1.272s] INFO:colcon.colcon_core.plugin_system:Skipping extension 'colcon_core.shell.bat': Not used on non-Windows systems
[1.273s] INFO:colcon.colcon_core.shell:Creating environment hook '/home/gastrobot/gastrobot_ws/install/gastrobot_control/share/gastrobot_control/hook/ament_prefix_path.ps1'
[1.276s] INFO:colcon.colcon_core.shell:Creating environment descriptor '/home/gastrobot/gastrobot_ws/install/gastrobot_control/share/gastrobot_control/hook/ament_prefix_path.dsv'
[1.278s] INFO:colcon.colcon_core.shell:Creating environment hook '/home/gastrobot/gastrobot_ws/install/gastrobot_control/share/gastrobot_control/hook/ament_prefix_path.sh'
[1.281s] INFO:colcon.colcon_core.shell:Skip shell extension 'powershell' for command environment: Not usable outside of PowerShell
[1.281s] DEBUG:colcon.colcon_core.shell:Skip shell extension 'dsv' for command environment
[2.533s] INFO:colcon.colcon_core.task.python.build:Building Python package in '/home/gastrobot/gastrobot_ws/src/gastrobot_control'
[2.534s] INFO:colcon.colcon_core.shell:Skip shell extension 'powershell' for command environment: Not usable outside of PowerShell
[2.542s] DEBUG:colcon.colcon_core.shell:Skip shell extension 'dsv' for command environment
[6.218s] DEBUG:colcon.colcon_core.event_handler.log_command:Invoking command in '/home/gastrobot/gastrobot_ws/src/gastrobot_control': PYTHONPATH=/home/gastrobot/gastrobot_ws/build/gastrobot_control/prefix_override:/usr/lib/python3/dist-packages/colcon_core/task/python/colcon_distutils_commands:/home/gastrobot/gastrobot_ws/install/gastrobot_control/lib/python3.12/site-packages:${PYTHONPATH} /usr/bin/python3 -W ignore:setup.py install is deprecated -W ignore:easy_install command is deprecated setup.py egg_info --egg-base ../../build/gastrobot_control build --build-base /home/gastrobot/gastrobot_ws/build/gastrobot_control/build install --record /home/gastrobot/gastrobot_ws/build/gastrobot_control/install.log --single-version-externally-managed install_data
[9.683s] DEBUG:colcon.colcon_core.event_handler.log_command:Invoked command in '/home/gastrobot/gastrobot_ws/src/gastrobot_control' returned '0': PYTHONPATH=/home/gastrobot/gastrobot_ws/build/gastrobot_control/prefix_override:/usr/lib/python3/dist-packages/colcon_core/task/python/colcon_distutils_commands:/home/gastrobot/gastrobot_ws/install/gastrobot_control/lib/python3.12/site-packages:${PYTHONPATH} /usr/bin/python3 -W ignore:setup.py install is deprecated -W ignore:easy_install command is deprecated setup.py egg_info --egg-base ../../build/gastrobot_control build --build-base /home/gastrobot/gastrobot_ws/build/gastrobot_control/build install --record /home/gastrobot/gastrobot_ws/build/gastrobot_control/install.log --single-version-externally-managed install_data
[9.694s] Level 1:colcon.colcon_core.environment:checking '/home/gastrobot/gastrobot_ws/install/gastrobot_control' for CMake module files
[9.698s] Level 1:colcon.colcon_core.environment:checking '/home/gastrobot/gastrobot_ws/install/gastrobot_control' for CMake config files
[9.701s] Level 1:colcon.colcon_core.environment:checking '/home/gastrobot/gastrobot_ws/install/gastrobot_control/lib'
[9.702s] Level 1:colcon.colcon_core.environment:checking '/home/gastrobot/gastrobot_ws/install/gastrobot_control/bin'
[9.702s] Level 1:colcon.colcon_core.environment:checking '/home/gastrobot/gastrobot_ws/install/gastrobot_control/lib/pkgconfig/gastrobot_control.pc'
[9.703s] Level 1:colcon.colcon_core.environment:checking '/home/gastrobot/gastrobot_ws/install/gastrobot_control/lib/python3.12/site-packages'
[9.704s] Level 1:colcon.colcon_core.shell:create_environment_hook('gastrobot_control', 'pythonpath')
[9.704s] INFO:colcon.colcon_core.shell:Creating environment hook '/home/gastrobot/gastrobot_ws/install/gastrobot_control/share/gastrobot_control/hook/pythonpath.ps1'
[9.707s] INFO:colcon.colcon_core.shell:Creating environment descriptor '/home/gastrobot/gastrobot_ws/install/gastrobot_control/share/gastrobot_control/hook/pythonpath.dsv'
[9.709s] INFO:colcon.colcon_core.shell:Creating environment hook '/home/gastrobot/gastrobot_ws/install/gastrobot_control/share/gastrobot_control/hook/pythonpath.sh'
[9.712s] Level 1:colcon.colcon_core.environment:checking '/home/gastrobot/gastrobot_ws/install/gastrobot_control/bin'
[9.713s] Level 1:colcon.colcon_core.environment:create_environment_scripts_only(gastrobot_control)
[9.713s] INFO:colcon.colcon_core.shell:Creating package script '/home/gastrobot/gastrobot_ws/install/gastrobot_control/share/gastrobot_control/package.ps1'
[9.717s] INFO:colcon.colcon_core.shell:Creating package descriptor '/home/gastrobot/gastrobot_ws/install/gastrobot_control/share/gastrobot_control/package.dsv'
[9.719s] INFO:colcon.colcon_core.shell:Creating package script '/home/gastrobot/gastrobot_ws/install/gastrobot_control/share/gastrobot_control/package.sh'
[9.723s] INFO:colcon.colcon_core.shell:Creating package script '/home/gastrobot/gastrobot_ws/install/gastrobot_control/share/gastrobot_control/package.bash'
[9.727s] INFO:colcon.colcon_core.shell:Creating package script '/home/gastrobot/gastrobot_ws/install/gastrobot_control/share/gastrobot_control/package.zsh'
[9.730s] Level 1:colcon.colcon_core.environment:create_file_with_runtime_dependencies(/home/gastrobot/gastrobot_ws/install/gastrobot_control/share/colcon-core/packages/gastrobot_control)
[9.731s] DEBUG:colcon.colcon_parallel_executor.executor.parallel:closing loop
[9.732s] DEBUG:colcon.colcon_parallel_executor.executor.parallel:loop closed
[9.733s] DEBUG:colcon.colcon_parallel_executor.executor.parallel:run_until_complete finished with '0'
[9.733s] DEBUG:colcon.colcon_core.event_reactor:joining thread
[9.759s] INFO:colcon.colcon_core.plugin_system:Skipping extension 'colcon_notification.desktop_notification.terminal_notifier': Not used on non-Darwin systems
[9.760s] INFO:colcon.colcon_core.plugin_system:Skipping extension 'colcon_notification.desktop_notification.win32': Not used on non-Windows systems
[9.760s] INFO:colcon.colcon_notification.desktop_notification:Sending desktop notification using 'notify2'
[9.785s] DEBUG:colcon.colcon_core.event_reactor:joined thread
[9.786s] INFO:colcon.colcon_core.shell:Creating prefix script '/home/gastrobot/gastrobot_ws/install/local_setup.ps1'
[9.790s] INFO:colcon.colcon_core.shell:Creating prefix util module '/home/gastrobot/gastrobot_ws/install/_local_setup_util_ps1.py'
[9.796s] INFO:colcon.colcon_core.shell:Creating prefix chain script '/home/gastrobot/gastrobot_ws/install/setup.ps1'
[9.804s] INFO:colcon.colcon_core.shell:Creating prefix script '/home/gastrobot/gastrobot_ws/install/local_setup.sh'
[9.807s] INFO:colcon.colcon_core.shell:Creating prefix util module '/home/gastrobot/gastrobot_ws/install/_local_setup_util_sh.py'
[9.811s] INFO:colcon.colcon_core.shell:Creating prefix chain script '/home/gastrobot/gastrobot_ws/install/setup.sh'
[9.821s] INFO:colcon.colcon_core.shell:Creating prefix script '/home/gastrobot/gastrobot_ws/install/local_setup.bash'
[9.825s] INFO:colcon.colcon_core.shell:Creating prefix chain script '/home/gastrobot/gastrobot_ws/install/setup.bash'
[9.836s] INFO:colcon.colcon_core.shell:Creating prefix script '/home/gastrobot/gastrobot_ws/install/local_setup.zsh'
[9.840s] INFO:colcon.colcon_core.shell:Creating prefix chain script '/home/gastrobot/gastrobot_ws/install/setup.zsh'
