[11.438s] Invoking command in '/home/gastrobot/gastrobot_ws/src/gastrobot_navigation': PYTHONPATH=/home/gastrobot/gastrobot_ws/build/gastrobot_navigation/prefix_override:/usr/lib/python3/dist-packages/colcon_core/task/python/colcon_distutils_commands:/home/gastrobot/gastrobot_ws/install/gastrobot_navigation/lib/python3.12/site-packages:${PYTHONPATH} /usr/bin/python3 -W ignore:setup.py install is deprecated -W ignore:easy_install command is deprecated setup.py egg_info --egg-base ../../build/gastrobot_navigation build --build-base /home/gastrobot/gastrobot_ws/build/gastrobot_navigation/build install --record /home/gastrobot/gastrobot_ws/build/gastrobot_navigation/install.log --single-version-externally-managed install_data
[14.050s] running egg_info
[14.277s] writing ../../build/gastrobot_navigation/gastrobot_navigation.egg-info/PKG-INFO
[14.278s] writing dependency_links to ../../build/gastrobot_navigation/gastrobot_navigation.egg-info/dependency_links.txt
[14.291s] writing entry points to ../../build/gastrobot_navigation/gastrobot_navigation.egg-info/entry_points.txt
[14.293s] writing requirements to ../../build/gastrobot_navigation/gastrobot_navigation.egg-info/requires.txt
[14.294s] writing top-level names to ../../build/gastrobot_navigation/gastrobot_navigation.egg-info/top_level.txt
[14.780s] reading manifest file '../../build/gastrobot_navigation/gastrobot_navigation.egg-info/SOURCES.txt'
[14.785s] writing manifest file '../../build/gastrobot_navigation/gastrobot_navigation.egg-info/SOURCES.txt'
[14.787s] running build
[14.788s] running build_py
[14.791s] running install
[14.825s] running install_lib
[15.064s] running install_data
[15.065s] running install_egg_info
[15.306s] removing '/home/gastrobot/gastrobot_ws/install/gastrobot_navigation/lib/python3.12/site-packages/gastrobot_navigation-0.0.0-py3.12.egg-info' (and everything under it)
[15.310s] Copying ../../build/gastrobot_navigation/gastrobot_navigation.egg-info to /home/gastrobot/gastrobot_ws/install/gastrobot_navigation/lib/python3.12/site-packages/gastrobot_navigation-0.0.0-py3.12.egg-info
[15.317s] running install_scripts
[16.936s] Installing mission_manager script to /home/gastrobot/gastrobot_ws/install/gastrobot_navigation/lib/gastrobot_navigation
[16.938s] writing list of installed files to '/home/gastrobot/gastrobot_ws/build/gastrobot_navigation/install.log'
[17.630s] Invoked command in '/home/gastrobot/gastrobot_ws/src/gastrobot_navigation' returned '0': PYTHONPATH=/home/gastrobot/gastrobot_ws/build/gastrobot_navigation/prefix_override:/usr/lib/python3/dist-packages/colcon_core/task/python/colcon_distutils_commands:/home/gastrobot/gastrobot_ws/install/gastrobot_navigation/lib/python3.12/site-packages:${PYTHONPATH} /usr/bin/python3 -W ignore:setup.py install is deprecated -W ignore:easy_install command is deprecated setup.py egg_info --egg-base ../../build/gastrobot_navigation build --build-base /home/gastrobot/gastrobot_ws/build/gastrobot_navigation/build install --record /home/gastrobot/gastrobot_ws/build/gastrobot_navigation/install.log --single-version-externally-managed install_data
