[0.547s] DEBUG:colcon:Command line arguments: ['/usr/bin/colcon', 'build', '--packages-select', 'gastrobot_gui']
[0.547s] DEBUG:colcon:Parsed command line arguments: Namespace(log_base=None, log_level=None, verb_name='build', build_base='build', install_base='install', merge_install=False, symlink_install=False, test_result_base=None, continue_on_error=False, executor='parallel', parallel_workers=4, event_handlers=None, ignore_user_meta=False, metas=['./colcon.meta'], base_paths=['.'], packages_ignore=None, packages_ignore_regex=None, paths=None, packages_up_to=None, packages_up_to_regex=None, packages_above=None, packages_above_and_dependencies=None, packages_above_depth=None, packages_select_by_dep=None, packages_skip_by_dep=None, packages_skip_up_to=None, packages_select_build_failed=False, packages_skip_build_finished=False, packages_select_test_failures=False, packages_skip_test_passed=False, packages_select=['gastrobot_gui'], packages_skip=None, packages_select_regex=None, packages_skip_regex=None, packages_start=None, packages_end=None, allow_overriding=[], cmake_args=None, cmake_target=None, cmake_target_skip_unavailable=False, cmake_clean_cache=False, cmake_clean_first=False, cmake_force_configure=False, ament_cmake_args=None, catkin_cmake_args=None, catkin_skip_building_tests=False, mixin_files=None, mixin=None, verb_parser=<colcon_mixin.mixin.mixin_argument.MixinArgumentDecorator object at 0xffff8cc174d0>, verb_extension=<colcon_core.verb.build.BuildVerb object at 0xffff8cdfbcb0>, main=<bound method BuildVerb.main of <colcon_core.verb.build.BuildVerb object at 0xffff8cdfbcb0>>, mixin_verb=('build',))
[0.724s] Level 1:colcon.colcon_core.package_discovery:discover_packages(colcon_meta) check parameters
[0.725s] Level 1:colcon.colcon_core.package_discovery:discover_packages(recursive) check parameters
[0.725s] Level 1:colcon.colcon_core.package_discovery:discover_packages(ignore) check parameters
[0.725s] Level 1:colcon.colcon_core.package_discovery:discover_packages(path) check parameters
[0.725s] Level 1:colcon.colcon_core.package_discovery:discover_packages(colcon_meta) discover
[0.725s] Level 1:colcon.colcon_core.package_discovery:discover_packages(recursive) discover
[0.725s] INFO:colcon.colcon_core.package_discovery:Crawling recursively for packages in '/home/gastrobot/gastrobot_ws'
[0.726s] Level 1:colcon.colcon_core.package_identification:_identify(.) by extensions ['ignore', 'ignore_ament_install']
[0.726s] Level 1:colcon.colcon_core.package_identification:_identify(.) by extension 'ignore'
[0.726s] Level 1:colcon.colcon_core.package_identification:_identify(.) by extension 'ignore_ament_install'
[0.727s] Level 1:colcon.colcon_core.package_identification:_identify(.) by extensions ['colcon_pkg']
[0.727s] Level 1:colcon.colcon_core.package_identification:_identify(.) by extension 'colcon_pkg'
[0.727s] Level 1:colcon.colcon_core.package_identification:_identify(.) by extensions ['colcon_meta']
[0.727s] Level 1:colcon.colcon_core.package_identification:_identify(.) by extension 'colcon_meta'
[0.727s] Level 1:colcon.colcon_core.package_identification:_identify(.) by extensions ['ros']
[0.727s] Level 1:colcon.colcon_core.package_identification:_identify(.) by extension 'ros'
[0.836s] Level 1:colcon.colcon_core.package_identification:_identify(.) by extensions ['cmake', 'python']
[0.836s] Level 1:colcon.colcon_core.package_identification:_identify(.) by extension 'cmake'
[0.836s] Level 1:colcon.colcon_core.package_identification:_identify(.) by extension 'python'
[0.837s] Level 1:colcon.colcon_core.package_identification:_identify(.) by extensions ['python_setup_py']
[0.837s] Level 1:colcon.colcon_core.package_identification:_identify(.) by extension 'python_setup_py'
[0.837s] Level 1:colcon.colcon_core.package_identification:_identify(build) by extensions ['ignore', 'ignore_ament_install']
[0.838s] Level 1:colcon.colcon_core.package_identification:_identify(build) by extension 'ignore'
[0.838s] Level 1:colcon.colcon_core.package_identification:_identify(build) ignored
[0.838s] Level 1:colcon.colcon_core.package_identification:_identify(install) by extensions ['ignore', 'ignore_ament_install']
[0.839s] Level 1:colcon.colcon_core.package_identification:_identify(install) by extension 'ignore'
[0.839s] Level 1:colcon.colcon_core.package_identification:_identify(install) ignored
[0.839s] Level 1:colcon.colcon_core.package_identification:_identify(log) by extensions ['ignore', 'ignore_ament_install']
[0.840s] Level 1:colcon.colcon_core.package_identification:_identify(log) by extension 'ignore'
[0.840s] Level 1:colcon.colcon_core.package_identification:_identify(log) ignored
[0.840s] Level 1:colcon.colcon_core.package_identification:_identify(src) by extensions ['ignore', 'ignore_ament_install']
[0.840s] Level 1:colcon.colcon_core.package_identification:_identify(src) by extension 'ignore'
[0.841s] Level 1:colcon.colcon_core.package_identification:_identify(src) by extension 'ignore_ament_install'
[0.841s] Level 1:colcon.colcon_core.package_identification:_identify(src) by extensions ['colcon_pkg']
[0.841s] Level 1:colcon.colcon_core.package_identification:_identify(src) by extension 'colcon_pkg'
[0.841s] Level 1:colcon.colcon_core.package_identification:_identify(src) by extensions ['colcon_meta']
[0.841s] Level 1:colcon.colcon_core.package_identification:_identify(src) by extension 'colcon_meta'
[0.842s] Level 1:colcon.colcon_core.package_identification:_identify(src) by extensions ['ros']
[0.842s] Level 1:colcon.colcon_core.package_identification:_identify(src) by extension 'ros'
[0.842s] Level 1:colcon.colcon_core.package_identification:_identify(src) by extensions ['cmake', 'python']
[0.842s] Level 1:colcon.colcon_core.package_identification:_identify(src) by extension 'cmake'
[0.842s] Level 1:colcon.colcon_core.package_identification:_identify(src) by extension 'python'
[0.842s] Level 1:colcon.colcon_core.package_identification:_identify(src) by extensions ['python_setup_py']
[0.843s] Level 1:colcon.colcon_core.package_identification:_identify(src) by extension 'python_setup_py'
[0.843s] Level 1:colcon.colcon_core.package_identification:_identify(src/gastrobot_bringup) by extensions ['ignore', 'ignore_ament_install']
[0.843s] Level 1:colcon.colcon_core.package_identification:_identify(src/gastrobot_bringup) by extension 'ignore'
[0.844s] Level 1:colcon.colcon_core.package_identification:_identify(src/gastrobot_bringup) by extension 'ignore_ament_install'
[0.844s] Level 1:colcon.colcon_core.package_identification:_identify(src/gastrobot_bringup) by extensions ['colcon_pkg']
[0.844s] Level 1:colcon.colcon_core.package_identification:_identify(src/gastrobot_bringup) by extension 'colcon_pkg'
[0.844s] Level 1:colcon.colcon_core.package_identification:_identify(src/gastrobot_bringup) by extensions ['colcon_meta']
[0.844s] Level 1:colcon.colcon_core.package_identification:_identify(src/gastrobot_bringup) by extension 'colcon_meta'
[0.844s] Level 1:colcon.colcon_core.package_identification:_identify(src/gastrobot_bringup) by extensions ['ros']
[0.844s] Level 1:colcon.colcon_core.package_identification:_identify(src/gastrobot_bringup) by extension 'ros'
[0.853s] DEBUG:colcon.colcon_core.package_identification:Package 'src/gastrobot_bringup' with type 'ros.ament_python' and name 'gastrobot_bringup'
[0.853s] Level 1:colcon.colcon_core.package_identification:_identify(src/gastrobot_control) by extensions ['ignore', 'ignore_ament_install']
[0.854s] Level 1:colcon.colcon_core.package_identification:_identify(src/gastrobot_control) by extension 'ignore'
[0.854s] Level 1:colcon.colcon_core.package_identification:_identify(src/gastrobot_control) by extension 'ignore_ament_install'
[0.854s] Level 1:colcon.colcon_core.package_identification:_identify(src/gastrobot_control) by extensions ['colcon_pkg']
[0.854s] Level 1:colcon.colcon_core.package_identification:_identify(src/gastrobot_control) by extension 'colcon_pkg'
[0.854s] Level 1:colcon.colcon_core.package_identification:_identify(src/gastrobot_control) by extensions ['colcon_meta']
[0.854s] Level 1:colcon.colcon_core.package_identification:_identify(src/gastrobot_control) by extension 'colcon_meta'
[0.855s] Level 1:colcon.colcon_core.package_identification:_identify(src/gastrobot_control) by extensions ['ros']
[0.855s] Level 1:colcon.colcon_core.package_identification:_identify(src/gastrobot_control) by extension 'ros'
[0.856s] DEBUG:colcon.colcon_core.package_identification:Package 'src/gastrobot_control' with type 'ros.ament_python' and name 'gastrobot_control'
[0.857s] Level 1:colcon.colcon_core.package_identification:_identify(src/gastrobot_gui) by extensions ['ignore', 'ignore_ament_install']
[0.857s] Level 1:colcon.colcon_core.package_identification:_identify(src/gastrobot_gui) by extension 'ignore'
[0.858s] Level 1:colcon.colcon_core.package_identification:_identify(src/gastrobot_gui) by extension 'ignore_ament_install'
[0.858s] Level 1:colcon.colcon_core.package_identification:_identify(src/gastrobot_gui) by extensions ['colcon_pkg']
[0.858s] Level 1:colcon.colcon_core.package_identification:_identify(src/gastrobot_gui) by extension 'colcon_pkg'
[0.858s] Level 1:colcon.colcon_core.package_identification:_identify(src/gastrobot_gui) by extensions ['colcon_meta']
[0.858s] Level 1:colcon.colcon_core.package_identification:_identify(src/gastrobot_gui) by extension 'colcon_meta'
[0.858s] Level 1:colcon.colcon_core.package_identification:_identify(src/gastrobot_gui) by extensions ['ros']
[0.858s] Level 1:colcon.colcon_core.package_identification:_identify(src/gastrobot_gui) by extension 'ros'
[0.860s] DEBUG:colcon.colcon_core.package_identification:Package 'src/gastrobot_gui' with type 'ros.ament_python' and name 'gastrobot_gui'
[0.860s] Level 1:colcon.colcon_core.package_identification:_identify(src/gastrobot_navigation) by extensions ['ignore', 'ignore_ament_install']
[0.861s] Level 1:colcon.colcon_core.package_identification:_identify(src/gastrobot_navigation) by extension 'ignore'
[0.861s] Level 1:colcon.colcon_core.package_identification:_identify(src/gastrobot_navigation) by extension 'ignore_ament_install'
[0.861s] Level 1:colcon.colcon_core.package_identification:_identify(src/gastrobot_navigation) by extensions ['colcon_pkg']
[0.861s] Level 1:colcon.colcon_core.package_identification:_identify(src/gastrobot_navigation) by extension 'colcon_pkg'
[0.862s] Level 1:colcon.colcon_core.package_identification:_identify(src/gastrobot_navigation) by extensions ['colcon_meta']
[0.862s] Level 1:colcon.colcon_core.package_identification:_identify(src/gastrobot_navigation) by extension 'colcon_meta'
[0.862s] Level 1:colcon.colcon_core.package_identification:_identify(src/gastrobot_navigation) by extensions ['ros']
[0.862s] Level 1:colcon.colcon_core.package_identification:_identify(src/gastrobot_navigation) by extension 'ros'
[0.864s] DEBUG:colcon.colcon_core.package_identification:Package 'src/gastrobot_navigation' with type 'ros.ament_python' and name 'gastrobot_navigation'
[0.864s] Level 1:colcon.colcon_core.package_identification:_identify(src/gastrobot_perception) by extensions ['ignore', 'ignore_ament_install']
[0.865s] Level 1:colcon.colcon_core.package_identification:_identify(src/gastrobot_perception) by extension 'ignore'
[0.865s] Level 1:colcon.colcon_core.package_identification:_identify(src/gastrobot_perception) by extension 'ignore_ament_install'
[0.865s] Level 1:colcon.colcon_core.package_identification:_identify(src/gastrobot_perception) by extensions ['colcon_pkg']
[0.865s] Level 1:colcon.colcon_core.package_identification:_identify(src/gastrobot_perception) by extension 'colcon_pkg'
[0.865s] Level 1:colcon.colcon_core.package_identification:_identify(src/gastrobot_perception) by extensions ['colcon_meta']
[0.865s] Level 1:colcon.colcon_core.package_identification:_identify(src/gastrobot_perception) by extension 'colcon_meta'
[0.866s] Level 1:colcon.colcon_core.package_identification:_identify(src/gastrobot_perception) by extensions ['ros']
[0.866s] Level 1:colcon.colcon_core.package_identification:_identify(src/gastrobot_perception) by extension 'ros'
[0.868s] DEBUG:colcon.colcon_core.package_identification:Package 'src/gastrobot_perception' with type 'ros.ament_python' and name 'gastrobot_perception'
[0.868s] Level 1:colcon.colcon_core.package_identification:_identify(src/rplidar_ros) by extensions ['ignore', 'ignore_ament_install']
[0.869s] Level 1:colcon.colcon_core.package_identification:_identify(src/rplidar_ros) by extension 'ignore'
[0.869s] Level 1:colcon.colcon_core.package_identification:_identify(src/rplidar_ros) by extension 'ignore_ament_install'
[0.869s] Level 1:colcon.colcon_core.package_identification:_identify(src/rplidar_ros) by extensions ['colcon_pkg']
[0.869s] Level 1:colcon.colcon_core.package_identification:_identify(src/rplidar_ros) by extension 'colcon_pkg'
[0.869s] Level 1:colcon.colcon_core.package_identification:_identify(src/rplidar_ros) by extensions ['colcon_meta']
[0.869s] Level 1:colcon.colcon_core.package_identification:_identify(src/rplidar_ros) by extension 'colcon_meta'
[0.870s] Level 1:colcon.colcon_core.package_identification:_identify(src/rplidar_ros) by extensions ['ros']
[0.870s] Level 1:colcon.colcon_core.package_identification:_identify(src/rplidar_ros) by extension 'ros'
[0.872s] DEBUG:colcon.colcon_core.package_identification:Package 'src/rplidar_ros' with type 'ros.ament_cmake' and name 'rplidar_ros'
[0.872s] Level 1:colcon.colcon_core.package_discovery:discover_packages(recursive) using defaults
[0.872s] Level 1:colcon.colcon_core.package_discovery:discover_packages(ignore) discover
[0.872s] Level 1:colcon.colcon_core.package_discovery:discover_packages(ignore) using defaults
[0.872s] Level 1:colcon.colcon_core.package_discovery:discover_packages(path) discover
[0.872s] Level 1:colcon.colcon_core.package_discovery:discover_packages(path) using defaults
[0.950s] INFO:colcon.colcon_core.package_selection:Skipping not selected package 'gastrobot_bringup' in 'src/gastrobot_bringup'
[0.950s] INFO:colcon.colcon_core.package_selection:Skipping not selected package 'gastrobot_control' in 'src/gastrobot_control'
[0.950s] INFO:colcon.colcon_core.package_selection:Skipping not selected package 'gastrobot_navigation' in 'src/gastrobot_navigation'
[0.951s] INFO:colcon.colcon_core.package_selection:Skipping not selected package 'gastrobot_perception' in 'src/gastrobot_perception'
[0.951s] INFO:colcon.colcon_core.package_selection:Skipping not selected package 'rplidar_ros' in 'src/rplidar_ros'
[0.952s] Level 1:colcon.colcon_core.package_discovery:discover_packages(prefix_path) check parameters
[0.952s] Level 1:colcon.colcon_core.package_discovery:discover_packages(prefix_path) discover
[0.968s] DEBUG:colcon.colcon_installed_package_information.package_discovery:Found 6 installed packages in /home/gastrobot/gastrobot_ws/install
[0.971s] DEBUG:colcon.colcon_installed_package_information.package_discovery:Found 2 installed packages in /home/gastrobot/gastrobot_ws_clean/install
[0.985s] DEBUG:colcon.colcon_installed_package_information.package_discovery:Found 382 installed packages in /opt/ros/jazzy
[0.990s] Level 1:colcon.colcon_core.package_discovery:discover_packages(prefix_path) using defaults
[1.238s] Level 5:colcon.colcon_core.verb:set package 'gastrobot_gui' build argument 'cmake_args' from command line to 'None'
[1.238s] Level 5:colcon.colcon_core.verb:set package 'gastrobot_gui' build argument 'cmake_target' from command line to 'None'
[1.238s] Level 5:colcon.colcon_core.verb:set package 'gastrobot_gui' build argument 'cmake_target_skip_unavailable' from command line to 'False'
[1.238s] Level 5:colcon.colcon_core.verb:set package 'gastrobot_gui' build argument 'cmake_clean_cache' from command line to 'False'
[1.239s] Level 5:colcon.colcon_core.verb:set package 'gastrobot_gui' build argument 'cmake_clean_first' from command line to 'False'
[1.239s] Level 5:colcon.colcon_core.verb:set package 'gastrobot_gui' build argument 'cmake_force_configure' from command line to 'False'
[1.239s] Level 5:colcon.colcon_core.verb:set package 'gastrobot_gui' build argument 'ament_cmake_args' from command line to 'None'
[1.239s] Level 5:colcon.colcon_core.verb:set package 'gastrobot_gui' build argument 'catkin_cmake_args' from command line to 'None'
[1.239s] Level 5:colcon.colcon_core.verb:set package 'gastrobot_gui' build argument 'catkin_skip_building_tests' from command line to 'False'
[1.239s] DEBUG:colcon.colcon_core.verb:Building package 'gastrobot_gui' with the following arguments: {'ament_cmake_args': None, 'build_base': '/home/gastrobot/gastrobot_ws/build/gastrobot_gui', 'catkin_cmake_args': None, 'catkin_skip_building_tests': False, 'cmake_args': None, 'cmake_clean_cache': False, 'cmake_clean_first': False, 'cmake_force_configure': False, 'cmake_target': None, 'cmake_target_skip_unavailable': False, 'install_base': '/home/gastrobot/gastrobot_ws/install/gastrobot_gui', 'merge_install': False, 'path': '/home/gastrobot/gastrobot_ws/src/gastrobot_gui', 'symlink_install': False, 'test_result_base': None}
[1.240s] INFO:colcon.colcon_core.executor:Executing jobs using 'parallel' executor
[1.243s] DEBUG:colcon.colcon_parallel_executor.executor.parallel:run_until_complete
[1.244s] INFO:colcon.colcon_ros.task.ament_python.build:Building ROS package in '/home/gastrobot/gastrobot_ws/src/gastrobot_gui' with build type 'ament_python'
[1.244s] Level 1:colcon.colcon_core.shell:create_environment_hook('gastrobot_gui', 'ament_prefix_path')
[1.254s] INFO:colcon.colcon_core.plugin_system:Skipping extension 'colcon_core.shell.bat': Not used on non-Windows systems
[1.255s] INFO:colcon.colcon_core.shell:Creating environment hook '/home/gastrobot/gastrobot_ws/install/gastrobot_gui/share/gastrobot_gui/hook/ament_prefix_path.ps1'
[1.258s] INFO:colcon.colcon_core.shell:Creating environment descriptor '/home/gastrobot/gastrobot_ws/install/gastrobot_gui/share/gastrobot_gui/hook/ament_prefix_path.dsv'
[1.260s] INFO:colcon.colcon_core.shell:Creating environment hook '/home/gastrobot/gastrobot_ws/install/gastrobot_gui/share/gastrobot_gui/hook/ament_prefix_path.sh'
[1.263s] INFO:colcon.colcon_core.shell:Skip shell extension 'powershell' for command environment: Not usable outside of PowerShell
[1.263s] DEBUG:colcon.colcon_core.shell:Skip shell extension 'dsv' for command environment
[2.506s] INFO:colcon.colcon_core.task.python.build:Building Python package in '/home/gastrobot/gastrobot_ws/src/gastrobot_gui'
[2.507s] INFO:colcon.colcon_core.shell:Skip shell extension 'powershell' for command environment: Not usable outside of PowerShell
[2.507s] DEBUG:colcon.colcon_core.shell:Skip shell extension 'dsv' for command environment
[6.101s] DEBUG:colcon.colcon_core.event_handler.log_command:Invoking command in '/home/gastrobot/gastrobot_ws/src/gastrobot_gui': PYTHONPATH=/home/gastrobot/gastrobot_ws/build/gastrobot_gui/prefix_override:/usr/lib/python3/dist-packages/colcon_core/task/python/colcon_distutils_commands:/home/gastrobot/gastrobot_ws/install/gastrobot_gui/lib/python3.12/site-packages:${PYTHONPATH} /usr/bin/python3 -W ignore:setup.py install is deprecated -W ignore:easy_install command is deprecated setup.py egg_info --egg-base ../../build/gastrobot_gui build --build-base /home/gastrobot/gastrobot_ws/build/gastrobot_gui/build install --record /home/gastrobot/gastrobot_ws/build/gastrobot_gui/install.log --single-version-externally-managed install_data
[9.518s] DEBUG:colcon.colcon_core.event_handler.log_command:Invoked command in '/home/gastrobot/gastrobot_ws/src/gastrobot_gui' returned '0': PYTHONPATH=/home/gastrobot/gastrobot_ws/build/gastrobot_gui/prefix_override:/usr/lib/python3/dist-packages/colcon_core/task/python/colcon_distutils_commands:/home/gastrobot/gastrobot_ws/install/gastrobot_gui/lib/python3.12/site-packages:${PYTHONPATH} /usr/bin/python3 -W ignore:setup.py install is deprecated -W ignore:easy_install command is deprecated setup.py egg_info --egg-base ../../build/gastrobot_gui build --build-base /home/gastrobot/gastrobot_ws/build/gastrobot_gui/build install --record /home/gastrobot/gastrobot_ws/build/gastrobot_gui/install.log --single-version-externally-managed install_data
[9.531s] Level 1:colcon.colcon_core.environment:checking '/home/gastrobot/gastrobot_ws/install/gastrobot_gui' for CMake module files
[9.534s] Level 1:colcon.colcon_core.environment:checking '/home/gastrobot/gastrobot_ws/install/gastrobot_gui' for CMake config files
[9.537s] Level 1:colcon.colcon_core.environment:checking '/home/gastrobot/gastrobot_ws/install/gastrobot_gui/lib'
[9.538s] Level 1:colcon.colcon_core.environment:checking '/home/gastrobot/gastrobot_ws/install/gastrobot_gui/bin'
[9.538s] Level 1:colcon.colcon_core.environment:checking '/home/gastrobot/gastrobot_ws/install/gastrobot_gui/lib/pkgconfig/gastrobot_gui.pc'
[9.539s] Level 1:colcon.colcon_core.environment:checking '/home/gastrobot/gastrobot_ws/install/gastrobot_gui/lib/python3.12/site-packages'
[9.540s] Level 1:colcon.colcon_core.shell:create_environment_hook('gastrobot_gui', 'pythonpath')
[9.540s] INFO:colcon.colcon_core.shell:Creating environment hook '/home/gastrobot/gastrobot_ws/install/gastrobot_gui/share/gastrobot_gui/hook/pythonpath.ps1'
[9.542s] INFO:colcon.colcon_core.shell:Creating environment descriptor '/home/gastrobot/gastrobot_ws/install/gastrobot_gui/share/gastrobot_gui/hook/pythonpath.dsv'
[9.544s] INFO:colcon.colcon_core.shell:Creating environment hook '/home/gastrobot/gastrobot_ws/install/gastrobot_gui/share/gastrobot_gui/hook/pythonpath.sh'
[9.547s] Level 1:colcon.colcon_core.environment:checking '/home/gastrobot/gastrobot_ws/install/gastrobot_gui/bin'
[9.547s] Level 1:colcon.colcon_core.environment:create_environment_scripts_only(gastrobot_gui)
[9.548s] INFO:colcon.colcon_core.shell:Creating package script '/home/gastrobot/gastrobot_ws/install/gastrobot_gui/share/gastrobot_gui/package.ps1'
[9.551s] INFO:colcon.colcon_core.shell:Creating package descriptor '/home/gastrobot/gastrobot_ws/install/gastrobot_gui/share/gastrobot_gui/package.dsv'
[9.553s] INFO:colcon.colcon_core.shell:Creating package script '/home/gastrobot/gastrobot_ws/install/gastrobot_gui/share/gastrobot_gui/package.sh'
[9.556s] INFO:colcon.colcon_core.shell:Creating package script '/home/gastrobot/gastrobot_ws/install/gastrobot_gui/share/gastrobot_gui/package.bash'
[9.559s] INFO:colcon.colcon_core.shell:Creating package script '/home/gastrobot/gastrobot_ws/install/gastrobot_gui/share/gastrobot_gui/package.zsh'
[9.562s] Level 1:colcon.colcon_core.environment:create_file_with_runtime_dependencies(/home/gastrobot/gastrobot_ws/install/gastrobot_gui/share/colcon-core/packages/gastrobot_gui)
[9.563s] DEBUG:colcon.colcon_parallel_executor.executor.parallel:closing loop
[9.564s] DEBUG:colcon.colcon_parallel_executor.executor.parallel:loop closed
[9.565s] DEBUG:colcon.colcon_parallel_executor.executor.parallel:run_until_complete finished with '0'
[9.565s] DEBUG:colcon.colcon_core.event_reactor:joining thread
[9.591s] INFO:colcon.colcon_core.plugin_system:Skipping extension 'colcon_notification.desktop_notification.terminal_notifier': Not used on non-Darwin systems
[9.591s] INFO:colcon.colcon_core.plugin_system:Skipping extension 'colcon_notification.desktop_notification.win32': Not used on non-Windows systems
[9.591s] INFO:colcon.colcon_notification.desktop_notification:Sending desktop notification using 'notify2'
[9.615s] DEBUG:colcon.colcon_core.event_reactor:joined thread
[9.616s] INFO:colcon.colcon_core.shell:Creating prefix script '/home/gastrobot/gastrobot_ws/install/local_setup.ps1'
[9.620s] INFO:colcon.colcon_core.shell:Creating prefix util module '/home/gastrobot/gastrobot_ws/install/_local_setup_util_ps1.py'
[9.626s] INFO:colcon.colcon_core.shell:Creating prefix chain script '/home/gastrobot/gastrobot_ws/install/setup.ps1'
[9.633s] INFO:colcon.colcon_core.shell:Creating prefix script '/home/gastrobot/gastrobot_ws/install/local_setup.sh'
[9.636s] INFO:colcon.colcon_core.shell:Creating prefix util module '/home/gastrobot/gastrobot_ws/install/_local_setup_util_sh.py'
[9.639s] INFO:colcon.colcon_core.shell:Creating prefix chain script '/home/gastrobot/gastrobot_ws/install/setup.sh'
[9.651s] INFO:colcon.colcon_core.shell:Creating prefix script '/home/gastrobot/gastrobot_ws/install/local_setup.bash'
[9.654s] INFO:colcon.colcon_core.shell:Creating prefix chain script '/home/gastrobot/gastrobot_ws/install/setup.bash'
[9.664s] INFO:colcon.colcon_core.shell:Creating prefix script '/home/gastrobot/gastrobot_ws/install/local_setup.zsh'
[9.668s] INFO:colcon.colcon_core.shell:Creating prefix chain script '/home/gastrobot/gastrobot_ws/install/setup.zsh'
