running develop
/usr/lib/python3/dist-packages/setuptools/command/easy_install.py:363: UserWarning: Unbuilt egg for pytest-repeat [unknown version] (/usr/lib/python3/dist-packages)
  self.local_index = Environment(self.shadow_path + sys.path)
running egg_info
creating gastrobot_gui.egg-info
writing gastrobot_gui.egg-info/PKG-INFO
writing dependency_links to gastrobot_gui.egg-info/dependency_links.txt
writing entry points to gastrobot_gui.egg-info/entry_points.txt
writing requirements to gastrobot_gui.egg-info/requires.txt
writing top-level names to gastrobot_gui.egg-info/top_level.txt
writing manifest file 'gastrobot_gui.egg-info/SOURCES.txt'
reading manifest file 'gastrobot_gui.egg-info/SOURCES.txt'
writing manifest file 'gastrobot_gui.egg-info/SOURCES.txt'
running build_ext
Creating /home/gastrobot/gastrobot_ws/install/gastrobot_gui/lib/python3.12/site-packages/gastrobot-gui.egg-link (link to .)
Installing gui_node script to /home/gastrobot/gastrobot_ws/install/gastrobot_gui/lib/gastrobot_gui

Installed /home/gastrobot/gastrobot_ws/build/gastrobot_gui
running symlink_data
creating /home/gastrobot/gastrobot_ws/install/gastrobot_gui/share/ament_index
creating /home/gastrobot/gastrobot_ws/install/gastrobot_gui/share/ament_index/resource_index
creating /home/gastrobot/gastrobot_ws/install/gastrobot_gui/share/ament_index/resource_index/packages
symbolically linking /home/gastrobot/gastrobot_ws/build/gastrobot_gui/resource/gastrobot_gui -> /home/gastrobot/gastrobot_ws/install/gastrobot_gui/share/ament_index/resource_index/packages
symbolically linking /home/gastrobot/gastrobot_ws/build/gastrobot_gui/package.xml -> /home/gastrobot/gastrobot_ws/install/gastrobot_gui/share/gastrobot_gui
