[10.453s] Invoking command in '/home/gastrobot/gastrobot_ws/src/gastrobot_bringup': PYTHONPATH=/home/gastrobot/gastrobot_ws/build/gastrobot_bringup/prefix_override:/usr/lib/python3/dist-packages/colcon_core/task/python/colcon_distutils_commands:/home/gastrobot/gastrobot_ws/install/gastrobot_bringup/lib/python3.12/site-packages:${PYTHONPATH} /usr/bin/python3 -W ignore:setup.py install is deprecated -W ignore:easy_install command is deprecated setup.py egg_info --egg-base ../../build/gastrobot_bringup build --build-base /home/gastrobot/gastrobot_ws/build/gastrobot_bringup/build install --record /home/gastrobot/gastrobot_ws/build/gastrobot_bringup/install.log --single-version-externally-managed install_data
[12.892s] running egg_info
[13.092s] writing ../../build/gastrobot_bringup/gastrobot_bringup.egg-info/PKG-INFO
[13.096s] writing dependency_links to ../../build/gastrobot_bringup/gastrobot_bringup.egg-info/dependency_links.txt
[13.098s] writing requirements to ../../build/gastrobot_bringup/gastrobot_bringup.egg-info/requires.txt
[13.101s] writing top-level names to ../../build/gastrobot_bringup/gastrobot_bringup.egg-info/top_level.txt
[13.523s] reading manifest file '../../build/gastrobot_bringup/gastrobot_bringup.egg-info/SOURCES.txt'
[13.528s] writing manifest file '../../build/gastrobot_bringup/gastrobot_bringup.egg-info/SOURCES.txt'
[13.531s] running build
[13.532s] running build_py
[13.535s] running install
[13.567s] running install_lib
[13.784s] running install_data
[13.786s] copying launch/bringup.launch.py -> /home/gastrobot/gastrobot_ws/install/gastrobot_bringup/share/gastrobot_bringup/launch
[13.789s] running install_egg_info
[14.007s] removing '/home/gastrobot/gastrobot_ws/install/gastrobot_bringup/lib/python3.12/site-packages/gastrobot_bringup-0.0.0-py3.12.egg-info' (and everything under it)
[14.013s] Copying ../../build/gastrobot_bringup/gastrobot_bringup.egg-info to /home/gastrobot/gastrobot_ws/install/gastrobot_bringup/lib/python3.12/site-packages/gastrobot_bringup-0.0.0-py3.12.egg-info
[14.021s] running install_scripts
[15.493s] writing list of installed files to '/home/gastrobot/gastrobot_ws/build/gastrobot_bringup/install.log'
[15.806s] Invoked command in '/home/gastrobot/gastrobot_ws/src/gastrobot_bringup' returned '0': PYTHONPATH=/home/gastrobot/gastrobot_ws/build/gastrobot_bringup/prefix_override:/usr/lib/python3/dist-packages/colcon_core/task/python/colcon_distutils_commands:/home/gastrobot/gastrobot_ws/install/gastrobot_bringup/lib/python3.12/site-packages:${PYTHONPATH} /usr/bin/python3 -W ignore:setup.py install is deprecated -W ignore:easy_install command is deprecated setup.py egg_info --egg-base ../../build/gastrobot_bringup build --build-base /home/gastrobot/gastrobot_ws/build/gastrobot_bringup/build install --record /home/gastrobot/gastrobot_ws/build/gastrobot_bringup/install.log --single-version-externally-managed install_data
