running develop
Removing /home/gastrobot/gastrobot_ws/install/gastrobot_control/lib/python3.12/site-packages/gastrobot-control.egg-link (link to .)
running egg_info
writing ../../build/gastrobot_control/gastrobot_control.egg-info/PKG-INFO
writing dependency_links to ../../build/gastrobot_control/gastrobot_control.egg-info/dependency_links.txt
writing entry points to ../../build/gastrobot_control/gastrobot_control.egg-info/entry_points.txt
writing requirements to ../../build/gastrobot_control/gastrobot_control.egg-info/requires.txt
writing top-level names to ../../build/gastrobot_control/gastrobot_control.egg-info/top_level.txt
reading manifest file '../../build/gastrobot_control/gastrobot_control.egg-info/SOURCES.txt'
writing manifest file '../../build/gastrobot_control/gastrobot_control.egg-info/SOURCES.txt'
running build
running build_py
creating /home/gastrobot/gastrobot_ws/build/gastrobot_control/build
creating /home/gastrobot/gastrobot_ws/build/gastrobot_control/build/lib
creating /home/gastrobot/gastrobot_ws/build/gastrobot_control/build/lib/gastrobot_control
copying gastrobot_control/lift_node.py -> /home/gastrobot/gastrobot_ws/build/gastrobot_control/build/lib/gastrobot_control
copying gastrobot_control/motor_drive_node.py -> /home/gastrobot/gastrobot_ws/build/gastrobot_control/build/lib/gastrobot_control
copying gastrobot_control/esp32_bridge_node.py -> /home/gastrobot/gastrobot_ws/build/gastrobot_control/build/lib/gastrobot_control
copying gastrobot_control/joystick_control_node.py -> /home/gastrobot/gastrobot_ws/build/gastrobot_control/build/lib/gastrobot_control
copying gastrobot_control/imu_node.py -> /home/gastrobot/gastrobot_ws/build/gastrobot_control/build/lib/gastrobot_control
copying gastrobot_control/ultrasonic_node.py -> /home/gastrobot/gastrobot_ws/build/gastrobot_control/build/lib/gastrobot_control
copying gastrobot_control/diff_drive_controller.py -> /home/gastrobot/gastrobot_ws/build/gastrobot_control/build/lib/gastrobot_control
copying gastrobot_control/__init__.py -> /home/gastrobot/gastrobot_ws/build/gastrobot_control/build/lib/gastrobot_control
copying gastrobot_control/wheel_odometry_node.py -> /home/gastrobot/gastrobot_ws/build/gastrobot_control/build/lib/gastrobot_control
copying gastrobot_control/lift_serial_node.py -> /home/gastrobot/gastrobot_ws/build/gastrobot_control/build/lib/gastrobot_control
running install
running install_lib
creating /home/gastrobot/gastrobot_ws/install/gastrobot_control/lib/python3.12/site-packages/gastrobot_control
copying /home/gastrobot/gastrobot_ws/build/gastrobot_control/build/lib/gastrobot_control/lift_node.py -> /home/gastrobot/gastrobot_ws/install/gastrobot_control/lib/python3.12/site-packages/gastrobot_control
copying /home/gastrobot/gastrobot_ws/build/gastrobot_control/build/lib/gastrobot_control/motor_drive_node.py -> /home/gastrobot/gastrobot_ws/install/gastrobot_control/lib/python3.12/site-packages/gastrobot_control
copying /home/gastrobot/gastrobot_ws/build/gastrobot_control/build/lib/gastrobot_control/esp32_bridge_node.py -> /home/gastrobot/gastrobot_ws/install/gastrobot_control/lib/python3.12/site-packages/gastrobot_control
copying /home/gastrobot/gastrobot_ws/build/gastrobot_control/build/lib/gastrobot_control/joystick_control_node.py -> /home/gastrobot/gastrobot_ws/install/gastrobot_control/lib/python3.12/site-packages/gastrobot_control
copying /home/gastrobot/gastrobot_ws/build/gastrobot_control/build/lib/gastrobot_control/imu_node.py -> /home/gastrobot/gastrobot_ws/install/gastrobot_control/lib/python3.12/site-packages/gastrobot_control
copying /home/gastrobot/gastrobot_ws/build/gastrobot_control/build/lib/gastrobot_control/ultrasonic_node.py -> /home/gastrobot/gastrobot_ws/install/gastrobot_control/lib/python3.12/site-packages/gastrobot_control
copying /home/gastrobot/gastrobot_ws/build/gastrobot_control/build/lib/gastrobot_control/diff_drive_controller.py -> /home/gastrobot/gastrobot_ws/install/gastrobot_control/lib/python3.12/site-packages/gastrobot_control
copying /home/gastrobot/gastrobot_ws/build/gastrobot_control/build/lib/gastrobot_control/__init__.py -> /home/gastrobot/gastrobot_ws/install/gastrobot_control/lib/python3.12/site-packages/gastrobot_control
copying /home/gastrobot/gastrobot_ws/build/gastrobot_control/build/lib/gastrobot_control/wheel_odometry_node.py -> /home/gastrobot/gastrobot_ws/install/gastrobot_control/lib/python3.12/site-packages/gastrobot_control
copying /home/gastrobot/gastrobot_ws/build/gastrobot_control/build/lib/gastrobot_control/lift_serial_node.py -> /home/gastrobot/gastrobot_ws/install/gastrobot_control/lib/python3.12/site-packages/gastrobot_control
byte-compiling /home/gastrobot/gastrobot_ws/install/gastrobot_control/lib/python3.12/site-packages/gastrobot_control/lift_node.py to lift_node.cpython-312.pyc
byte-compiling /home/gastrobot/gastrobot_ws/install/gastrobot_control/lib/python3.12/site-packages/gastrobot_control/motor_drive_node.py to motor_drive_node.cpython-312.pyc
byte-compiling /home/gastrobot/gastrobot_ws/install/gastrobot_control/lib/python3.12/site-packages/gastrobot_control/esp32_bridge_node.py to esp32_bridge_node.cpython-312.pyc
byte-compiling /home/gastrobot/gastrobot_ws/install/gastrobot_control/lib/python3.12/site-packages/gastrobot_control/joystick_control_node.py to joystick_control_node.cpython-312.pyc
byte-compiling /home/gastrobot/gastrobot_ws/install/gastrobot_control/lib/python3.12/site-packages/gastrobot_control/imu_node.py to imu_node.cpython-312.pyc
byte-compiling /home/gastrobot/gastrobot_ws/install/gastrobot_control/lib/python3.12/site-packages/gastrobot_control/ultrasonic_node.py to ultrasonic_node.cpython-312.pyc
byte-compiling /home/gastrobot/gastrobot_ws/install/gastrobot_control/lib/python3.12/site-packages/gastrobot_control/diff_drive_controller.py to diff_drive_controller.cpython-312.pyc
byte-compiling /home/gastrobot/gastrobot_ws/install/gastrobot_control/lib/python3.12/site-packages/gastrobot_control/__init__.py to __init__.cpython-312.pyc
byte-compiling /home/gastrobot/gastrobot_ws/install/gastrobot_control/lib/python3.12/site-packages/gastrobot_control/wheel_odometry_node.py to wheel_odometry_node.cpython-312.pyc
byte-compiling /home/gastrobot/gastrobot_ws/install/gastrobot_control/lib/python3.12/site-packages/gastrobot_control/lift_serial_node.py to lift_serial_node.cpython-312.pyc
running install_data
copying resource/gastrobot_control -> /home/gastrobot/gastrobot_ws/install/gastrobot_control/share/ament_index/resource_index/packages
copying package.xml -> /home/gastrobot/gastrobot_ws/install/gastrobot_control/share/gastrobot_control
running install_egg_info
Copying ../../build/gastrobot_control/gastrobot_control.egg-info to /home/gastrobot/gastrobot_ws/install/gastrobot_control/lib/python3.12/site-packages/gastrobot_control-0.0.0-py3.12.egg-info
running install_scripts
Installing diff_drive_controller script to /home/gastrobot/gastrobot_ws/install/gastrobot_control/lib/gastrobot_control
Installing esp32_bridge_node script to /home/gastrobot/gastrobot_ws/install/gastrobot_control/lib/gastrobot_control
Installing gui_node script to /home/gastrobot/gastrobot_ws/install/gastrobot_control/lib/gastrobot_control
Installing imu_node script to /home/gastrobot/gastrobot_ws/install/gastrobot_control/lib/gastrobot_control
Installing joystick_control_node script to /home/gastrobot/gastrobot_ws/install/gastrobot_control/lib/gastrobot_control
Installing lift_node script to /home/gastrobot/gastrobot_ws/install/gastrobot_control/lib/gastrobot_control
Installing lift_serial_node script to /home/gastrobot/gastrobot_ws/install/gastrobot_control/lib/gastrobot_control
Installing motor_drive_node script to /home/gastrobot/gastrobot_ws/install/gastrobot_control/lib/gastrobot_control
Installing ultrasonic_node script to /home/gastrobot/gastrobot_ws/install/gastrobot_control/lib/gastrobot_control
Installing wheel_odometry_node script to /home/gastrobot/gastrobot_ws/install/gastrobot_control/lib/gastrobot_control
writing list of installed files to '/home/gastrobot/gastrobot_ws/build/gastrobot_control/install.log'
