[0.051s] Invoking command in '/home/gastrobot/gastrobot_ws/build/rplidar_ros': CMAKE_PREFIX_PATH=${CMAKE_PREFIX_PATH}:/home/gastrobot/gastrobot_ws/install/gastrobot_perception:/home/gastrobot/gastrobot_ws/install/gastrobot_navigation:/home/gastrobot/gastrobot_ws/install/gastrobot_gui:/home/gastrobot/gastrobot_ws/install/gastrobot_control:/home/gastrobot/gastrobot_ws/install/gastrobot_bringup:/home/gastrobot/gastrobot_ws_clean/install/gastrobot_control:/home/gastrobot/gastrobot_ws_clean/install/gastrobot_bringup:/opt/ros/jazzy /usr/bin/cmake --build /home/gastrobot/gastrobot_ws/build/rplidar_ros -- -j4 -l4
[0.453s] [  5%] Built target rplidar_client
[0.484s] [ 52%] Built target rplidar_node
[0.493s] [100%] Built target rplidar_composition
[0.564s] Invoked command in '/home/gastrobot/gastrobot_ws/build/rplidar_ros' returned '0': CMAKE_PREFIX_PATH=${CMAKE_PREFIX_PATH}:/home/gastrobot/gastrobot_ws/install/gastrobot_perception:/home/gastrobot/gastrobot_ws/install/gastrobot_navigation:/home/gastrobot/gastrobot_ws/install/gastrobot_gui:/home/gastrobot/gastrobot_ws/install/gastrobot_control:/home/gastrobot/gastrobot_ws/install/gastrobot_bringup:/home/gastrobot/gastrobot_ws_clean/install/gastrobot_control:/home/gastrobot/gastrobot_ws_clean/install/gastrobot_bringup:/opt/ros/jazzy /usr/bin/cmake --build /home/gastrobot/gastrobot_ws/build/rplidar_ros -- -j4 -l4
[0.630s] Invoking command in '/home/gastrobot/gastrobot_ws/build/rplidar_ros': CMAKE_PREFIX_PATH=${CMAKE_PREFIX_PATH}:/home/gastrobot/gastrobot_ws/install/gastrobot_perception:/home/gastrobot/gastrobot_ws/install/gastrobot_navigation:/home/gastrobot/gastrobot_ws/install/gastrobot_gui:/home/gastrobot/gastrobot_ws/install/gastrobot_control:/home/gastrobot/gastrobot_ws/install/gastrobot_bringup:/home/gastrobot/gastrobot_ws_clean/install/gastrobot_control:/home/gastrobot/gastrobot_ws_clean/install/gastrobot_bringup:/opt/ros/jazzy /usr/bin/cmake --install /home/gastrobot/gastrobot_ws/build/rplidar_ros
[0.685s] -- Install configuration: ""
[0.687s] -- Execute custom install script
[0.690s] -- Up-to-date symlink: /home/gastrobot/gastrobot_ws/install/rplidar_ros/share/rplidar_ros/launch/rplidar_a1_launch.py
[0.691s] -- Up-to-date symlink: /home/gastrobot/gastrobot_ws/install/rplidar_ros/share/rplidar_ros/launch/rplidar_a2m12_launch.py
[0.692s] -- Up-to-date symlink: /home/gastrobot/gastrobot_ws/install/rplidar_ros/share/rplidar_ros/launch/rplidar_a2m7_launch.py
[0.693s] -- Up-to-date symlink: /home/gastrobot/gastrobot_ws/install/rplidar_ros/share/rplidar_ros/launch/rplidar_a2m8_launch.py
[0.694s] -- Up-to-date symlink: /home/gastrobot/gastrobot_ws/install/rplidar_ros/share/rplidar_ros/launch/rplidar_a3_launch.py
[0.694s] -- Up-to-date symlink: /home/gastrobot/gastrobot_ws/install/rplidar_ros/share/rplidar_ros/launch/rplidar_c1_launch.py
[0.695s] -- Up-to-date symlink: /home/gastrobot/gastrobot_ws/install/rplidar_ros/share/rplidar_ros/launch/rplidar_s1_launch.py
[0.696s] -- Up-to-date symlink: /home/gastrobot/gastrobot_ws/install/rplidar_ros/share/rplidar_ros/launch/rplidar_s1_tcp_launch.py
[0.697s] -- Up-to-date symlink: /home/gastrobot/gastrobot_ws/install/rplidar_ros/share/rplidar_ros/launch/rplidar_s2_launch.py
[0.698s] -- Up-to-date symlink: /home/gastrobot/gastrobot_ws/install/rplidar_ros/share/rplidar_ros/launch/rplidar_s2e_launch.py
[0.699s] -- Up-to-date symlink: /home/gastrobot/gastrobot_ws/install/rplidar_ros/share/rplidar_ros/launch/rplidar_s3_launch.py
[0.700s] -- Up-to-date symlink: /home/gastrobot/gastrobot_ws/install/rplidar_ros/share/rplidar_ros/launch/rplidar_t1_launch.py
[0.701s] -- Up-to-date symlink: /home/gastrobot/gastrobot_ws/install/rplidar_ros/share/rplidar_ros/launch/view_rplidar_a1_launch.py
[0.701s] -- Up-to-date symlink: /home/gastrobot/gastrobot_ws/install/rplidar_ros/share/rplidar_ros/launch/view_rplidar_a2m12_launch.py
[0.702s] -- Up-to-date symlink: /home/gastrobot/gastrobot_ws/install/rplidar_ros/share/rplidar_ros/launch/view_rplidar_a2m7_launch.py
[0.703s] -- Up-to-date symlink: /home/gastrobot/gastrobot_ws/install/rplidar_ros/share/rplidar_ros/launch/view_rplidar_a2m8_launch.py
[0.704s] -- Up-to-date symlink: /home/gastrobot/gastrobot_ws/install/rplidar_ros/share/rplidar_ros/launch/view_rplidar_a3_launch.py
[0.705s] -- Up-to-date symlink: /home/gastrobot/gastrobot_ws/install/rplidar_ros/share/rplidar_ros/launch/view_rplidar_c1_launch.py
[0.706s] -- Up-to-date symlink: /home/gastrobot/gastrobot_ws/install/rplidar_ros/share/rplidar_ros/launch/view_rplidar_s1_launch.py
[0.707s] -- Up-to-date symlink: /home/gastrobot/gastrobot_ws/install/rplidar_ros/share/rplidar_ros/launch/view_rplidar_s1_tcp_launch.py
[0.708s] -- Up-to-date symlink: /home/gastrobot/gastrobot_ws/install/rplidar_ros/share/rplidar_ros/launch/view_rplidar_s2_launch.py
[0.709s] -- Up-to-date symlink: /home/gastrobot/gastrobot_ws/install/rplidar_ros/share/rplidar_ros/launch/view_rplidar_s2e_launch.py
[0.710s] -- Up-to-date symlink: /home/gastrobot/gastrobot_ws/install/rplidar_ros/share/rplidar_ros/launch/view_rplidar_s3_launch.py
[0.711s] -- Up-to-date symlink: /home/gastrobot/gastrobot_ws/install/rplidar_ros/share/rplidar_ros/launch/view_rplidar_t1_launch.py
[0.712s] -- Up-to-date symlink: /home/gastrobot/gastrobot_ws/install/rplidar_ros/share/rplidar_ros/rviz/rplidar_ros.rviz
[0.714s] -- Up-to-date symlink: /home/gastrobot/gastrobot_ws/install/rplidar_ros/lib/rplidar_ros/rplidar_node
[0.715s] -- Up-to-date symlink: /home/gastrobot/gastrobot_ws/install/rplidar_ros/lib/rplidar_ros/rplidar_composition
[0.716s] -- Up-to-date symlink: /home/gastrobot/gastrobot_ws/install/rplidar_ros/lib/rplidar_ros/rplidar_client
[0.717s] -- Up-to-date symlink: /home/gastrobot/gastrobot_ws/install/rplidar_ros/share/ament_index/resource_index/package_run_dependencies/rplidar_ros
[0.719s] -- Up-to-date symlink: /home/gastrobot/gastrobot_ws/install/rplidar_ros/share/ament_index/resource_index/parent_prefix_path/rplidar_ros
[0.720s] -- Up-to-date symlink: /home/gastrobot/gastrobot_ws/install/rplidar_ros/share/rplidar_ros/environment/ament_prefix_path.sh
[0.721s] -- Up-to-date symlink: /home/gastrobot/gastrobot_ws/install/rplidar_ros/share/rplidar_ros/environment/ament_prefix_path.dsv
[0.722s] -- Up-to-date symlink: /home/gastrobot/gastrobot_ws/install/rplidar_ros/share/rplidar_ros/environment/path.sh
[0.723s] -- Up-to-date symlink: /home/gastrobot/gastrobot_ws/install/rplidar_ros/share/rplidar_ros/environment/path.dsv
[0.724s] -- Up-to-date symlink: /home/gastrobot/gastrobot_ws/install/rplidar_ros/share/rplidar_ros/local_setup.bash
[0.726s] -- Up-to-date symlink: /home/gastrobot/gastrobot_ws/install/rplidar_ros/share/rplidar_ros/local_setup.sh
[0.727s] -- Up-to-date symlink: /home/gastrobot/gastrobot_ws/install/rplidar_ros/share/rplidar_ros/local_setup.zsh
[0.728s] -- Up-to-date symlink: /home/gastrobot/gastrobot_ws/install/rplidar_ros/share/rplidar_ros/local_setup.dsv
[0.729s] -- Symlinking: /home/gastrobot/gastrobot_ws/install/rplidar_ros/share/rplidar_ros/package.dsv
[0.791s] -- Up-to-date symlink: /home/gastrobot/gastrobot_ws/install/rplidar_ros/share/ament_index/resource_index/packages/rplidar_ros
[0.792s] -- Up-to-date symlink: /home/gastrobot/gastrobot_ws/install/rplidar_ros/share/rplidar_ros/cmake/ament_cmake_export_dependencies-extras.cmake
[0.793s] -- Up-to-date symlink: /home/gastrobot/gastrobot_ws/install/rplidar_ros/share/rplidar_ros/cmake/ament_cmake_export_include_directories-extras.cmake
[0.794s] -- Up-to-date symlink: /home/gastrobot/gastrobot_ws/install/rplidar_ros/share/rplidar_ros/cmake/rplidar_rosConfig.cmake
[0.797s] -- Up-to-date symlink: /home/gastrobot/gastrobot_ws/install/rplidar_ros/share/rplidar_ros/cmake/rplidar_rosConfig-version.cmake
[0.798s] -- Up-to-date symlink: /home/gastrobot/gastrobot_ws/install/rplidar_ros/share/rplidar_ros/package.xml
[0.804s] Invoked command in '/home/gastrobot/gastrobot_ws/build/rplidar_ros' returned '0': CMAKE_PREFIX_PATH=${CMAKE_PREFIX_PATH}:/home/gastrobot/gastrobot_ws/install/gastrobot_perception:/home/gastrobot/gastrobot_ws/install/gastrobot_navigation:/home/gastrobot/gastrobot_ws/install/gastrobot_gui:/home/gastrobot/gastrobot_ws/install/gastrobot_control:/home/gastrobot/gastrobot_ws/install/gastrobot_bringup:/home/gastrobot/gastrobot_ws_clean/install/gastrobot_control:/home/gastrobot/gastrobot_ws_clean/install/gastrobot_bringup:/opt/ros/jazzy /usr/bin/cmake --install /home/gastrobot/gastrobot_ws/build/rplidar_ros
