[10.629s] Invoking command in '/home/gastrobot/gastrobot_ws/build/gastrobot_navigation': PYTHONPATH=/home/gastrobot/gastrobot_ws/build/gastrobot_navigation/prefix_override:/usr/lib/python3/dist-packages/colcon_core/task/python/colcon_distutils_commands:/home/gastrobot/gastrobot_ws/install/gastrobot_navigation/lib/python3.12/site-packages:${PYTHONPATH} /usr/bin/python3 -W ignore:setup.py install is deprecated -W ignore:easy_install command is deprecated setup.py develop --uninstall --editable --build-directory /home/gastrobot/gastrobot_ws/build/gastrobot_navigation/build
[13.461s] running develop
[15.202s] /usr/lib/python3/dist-packages/setuptools/command/easy_install.py:363: UserWarning: Unbuilt egg for pytest-repeat [unknown version] (/usr/lib/python3/dist-packages)
[15.203s]   self.local_index = Environment(self.shadow_path + sys.path)
[15.982s] Removing /home/gastrobot/gastrobot_ws/install/gastrobot_navigation/lib/python3.12/site-packages/gastrobot-navigation.egg-link (link to .)
[16.243s] Invoked command in '/home/gastrobot/gastrobot_ws/build/gastrobot_navigation' returned '0': PYTHONPATH=/home/gastrobot/gastrobot_ws/build/gastrobot_navigation/prefix_override:/usr/lib/python3/dist-packages/colcon_core/task/python/colcon_distutils_commands:/home/gastrobot/gastrobot_ws/install/gastrobot_navigation/lib/python3.12/site-packages:${PYTHONPATH} /usr/bin/python3 -W ignore:setup.py install is deprecated -W ignore:easy_install command is deprecated setup.py develop --uninstall --editable --build-directory /home/gastrobot/gastrobot_ws/build/gastrobot_navigation/build
[16.250s] Invoking command in '/home/gastrobot/gastrobot_ws/src/gastrobot_navigation': PYTHONPATH=/home/gastrobot/gastrobot_ws/build/gastrobot_navigation/prefix_override:/usr/lib/python3/dist-packages/colcon_core/task/python/colcon_distutils_commands:/home/gastrobot/gastrobot_ws/install/gastrobot_navigation/lib/python3.12/site-packages:${PYTHONPATH} /usr/bin/python3 -W ignore:setup.py install is deprecated -W ignore:easy_install command is deprecated setup.py egg_info --egg-base ../../build/gastrobot_navigation build --build-base /home/gastrobot/gastrobot_ws/build/gastrobot_navigation/build install --record /home/gastrobot/gastrobot_ws/build/gastrobot_navigation/install.log --single-version-externally-managed install_data --force
[18.700s] running egg_info
[18.902s] writing ../../build/gastrobot_navigation/gastrobot_navigation.egg-info/PKG-INFO
[18.904s] writing dependency_links to ../../build/gastrobot_navigation/gastrobot_navigation.egg-info/dependency_links.txt
[18.907s] writing entry points to ../../build/gastrobot_navigation/gastrobot_navigation.egg-info/entry_points.txt
[18.909s] writing requirements to ../../build/gastrobot_navigation/gastrobot_navigation.egg-info/requires.txt
[18.913s] writing top-level names to ../../build/gastrobot_navigation/gastrobot_navigation.egg-info/top_level.txt
[19.397s] reading manifest file '../../build/gastrobot_navigation/gastrobot_navigation.egg-info/SOURCES.txt'
[19.401s] writing manifest file '../../build/gastrobot_navigation/gastrobot_navigation.egg-info/SOURCES.txt'
[19.407s] running build
[19.407s] running build_py
[19.408s] creating /home/gastrobot/gastrobot_ws/build/gastrobot_navigation/build
[19.409s] creating /home/gastrobot/gastrobot_ws/build/gastrobot_navigation/build/lib
[19.411s] creating /home/gastrobot/gastrobot_ws/build/gastrobot_navigation/build/lib/gastrobot_navigation
[19.413s] copying gastrobot_navigation/mission_manager.py -> /home/gastrobot/gastrobot_ws/build/gastrobot_navigation/build/lib/gastrobot_navigation
[19.414s] copying gastrobot_navigation/mission_manager_node.py -> /home/gastrobot/gastrobot_ws/build/gastrobot_navigation/build/lib/gastrobot_navigation
[19.414s] copying gastrobot_navigation/__init__.py -> /home/gastrobot/gastrobot_ws/build/gastrobot_navigation/build/lib/gastrobot_navigation
[19.419s] running install
[19.451s] running install_lib
[19.668s] creating /home/gastrobot/gastrobot_ws/install/gastrobot_navigation/lib/python3.12/site-packages/gastrobot_navigation
[19.669s] copying /home/gastrobot/gastrobot_ws/build/gastrobot_navigation/build/lib/gastrobot_navigation/mission_manager.py -> /home/gastrobot/gastrobot_ws/install/gastrobot_navigation/lib/python3.12/site-packages/gastrobot_navigation
[19.673s] copying /home/gastrobot/gastrobot_ws/build/gastrobot_navigation/build/lib/gastrobot_navigation/mission_manager_node.py -> /home/gastrobot/gastrobot_ws/install/gastrobot_navigation/lib/python3.12/site-packages/gastrobot_navigation
[19.673s] copying /home/gastrobot/gastrobot_ws/build/gastrobot_navigation/build/lib/gastrobot_navigation/__init__.py -> /home/gastrobot/gastrobot_ws/install/gastrobot_navigation/lib/python3.12/site-packages/gastrobot_navigation
[19.677s] byte-compiling /home/gastrobot/gastrobot_ws/install/gastrobot_navigation/lib/python3.12/site-packages/gastrobot_navigation/mission_manager.py to mission_manager.cpython-312.pyc
[19.686s] byte-compiling /home/gastrobot/gastrobot_ws/install/gastrobot_navigation/lib/python3.12/site-packages/gastrobot_navigation/mission_manager_node.py to mission_manager_node.cpython-312.pyc
[19.691s] byte-compiling /home/gastrobot/gastrobot_ws/install/gastrobot_navigation/lib/python3.12/site-packages/gastrobot_navigation/__init__.py to __init__.cpython-312.pyc
[19.693s] running install_data
[19.696s] copying resource/gastrobot_navigation -> /home/gastrobot/gastrobot_ws/install/gastrobot_navigation/share/ament_index/resource_index/packages
[19.696s] copying package.xml -> /home/gastrobot/gastrobot_ws/install/gastrobot_navigation/share/gastrobot_navigation
[19.700s] running install_egg_info
[19.930s] Copying ../../build/gastrobot_navigation/gastrobot_navigation.egg-info to /home/gastrobot/gastrobot_ws/install/gastrobot_navigation/lib/python3.12/site-packages/gastrobot_navigation-0.0.0-py3.12.egg-info
[19.942s] running install_scripts
[21.546s] Installing mission_manager script to /home/gastrobot/gastrobot_ws/install/gastrobot_navigation/lib/gastrobot_navigation
[21.548s] writing list of installed files to '/home/gastrobot/gastrobot_ws/build/gastrobot_navigation/install.log'
[22.807s] Invoked command in '/home/gastrobot/gastrobot_ws/src/gastrobot_navigation' returned '0': PYTHONPATH=/home/gastrobot/gastrobot_ws/build/gastrobot_navigation/prefix_override:/usr/lib/python3/dist-packages/colcon_core/task/python/colcon_distutils_commands:/home/gastrobot/gastrobot_ws/install/gastrobot_navigation/lib/python3.12/site-packages:${PYTHONPATH} /usr/bin/python3 -W ignore:setup.py install is deprecated -W ignore:easy_install command is deprecated setup.py egg_info --egg-base ../../build/gastrobot_navigation build --build-base /home/gastrobot/gastrobot_ws/build/gastrobot_navigation/build install --record /home/gastrobot/gastrobot_ws/build/gastrobot_navigation/install.log --single-version-externally-managed install_data --force
