[11.965s] Invoking command in '/home/gastrobot/gastrobot_ws/src/gastrobot_navigation': PYTHONPATH=/home/gastrobot/gastrobot_ws/build/gastrobot_navigation/prefix_override:/usr/lib/python3/dist-packages/colcon_core/task/python/colcon_distutils_commands:/home/gastrobot/gastrobot_ws/install/gastrobot_navigation/lib/python3.12/site-packages:${PYTHONPATH} /usr/bin/python3 -W ignore:setup.py install is deprecated -W ignore:easy_install command is deprecated setup.py egg_info --egg-base ../../build/gastrobot_navigation build --build-base /home/gastrobot/gastrobot_ws/build/gastrobot_navigation/build install --record /home/gastrobot/gastrobot_ws/build/gastrobot_navigation/install.log --single-version-externally-managed install_data
[14.432s] running egg_info
[14.639s] writing ../../build/gastrobot_navigation/gastrobot_navigation.egg-info/PKG-INFO
[14.643s] writing dependency_links to ../../build/gastrobot_navigation/gastrobot_navigation.egg-info/dependency_links.txt
[14.646s] writing entry points to ../../build/gastrobot_navigation/gastrobot_navigation.egg-info/entry_points.txt
[14.649s] writing requirements to ../../build/gastrobot_navigation/gastrobot_navigation.egg-info/requires.txt
[14.651s] writing top-level names to ../../build/gastrobot_navigation/gastrobot_navigation.egg-info/top_level.txt
[15.069s] reading manifest file '../../build/gastrobot_navigation/gastrobot_navigation.egg-info/SOURCES.txt'
[15.077s] writing manifest file '../../build/gastrobot_navigation/gastrobot_navigation.egg-info/SOURCES.txt'
[15.078s] running build
[15.078s] running build_py
[15.107s] running install
[15.142s] running install_lib
[15.358s] running install_data
[15.361s] running install_egg_info
[15.598s] removing '/home/gastrobot/gastrobot_ws/install/gastrobot_navigation/lib/python3.12/site-packages/gastrobot_navigation-0.0.0-py3.12.egg-info' (and everything under it)
[15.603s] Copying ../../build/gastrobot_navigation/gastrobot_navigation.egg-info to /home/gastrobot/gastrobot_ws/install/gastrobot_navigation/lib/python3.12/site-packages/gastrobot_navigation-0.0.0-py3.12.egg-info
[15.611s] running install_scripts
[17.072s] Installing mission_manager script to /home/gastrobot/gastrobot_ws/install/gastrobot_navigation/lib/gastrobot_navigation
[17.074s] writing list of installed files to '/home/gastrobot/gastrobot_ws/build/gastrobot_navigation/install.log'
[17.430s] Invoked command in '/home/gastrobot/gastrobot_ws/src/gastrobot_navigation' returned '0': PYTHONPATH=/home/gastrobot/gastrobot_ws/build/gastrobot_navigation/prefix_override:/usr/lib/python3/dist-packages/colcon_core/task/python/colcon_distutils_commands:/home/gastrobot/gastrobot_ws/install/gastrobot_navigation/lib/python3.12/site-packages:${PYTHONPATH} /usr/bin/python3 -W ignore:setup.py install is deprecated -W ignore:easy_install command is deprecated setup.py egg_info --egg-base ../../build/gastrobot_navigation build --build-base /home/gastrobot/gastrobot_ws/build/gastrobot_navigation/build install --record /home/gastrobot/gastrobot_ws/build/gastrobot_navigation/install.log --single-version-externally-managed install_data
