[6.423s] Invoking command in '/home/gastrobot/gastrobot_ws/src/gastrobot_control': PYTHONPATH=/home/gastrobot/gastrobot_ws/build/gastrobot_control/prefix_override:/usr/lib/python3/dist-packages/colcon_core/task/python/colcon_distutils_commands:/home/gastrobot/gastrobot_ws/install/gastrobot_control/lib/python3.12/site-packages:${PYTHONPATH} /usr/bin/python3 -W ignore:setup.py install is deprecated -W ignore:easy_install command is deprecated setup.py egg_info --egg-base ../../build/gastrobot_control build --build-base /home/gastrobot/gastrobot_ws/build/gastrobot_control/build install --record /home/gastrobot/gastrobot_ws/build/gastrobot_control/install.log --single-version-externally-managed install_data
[8.019s] running egg_info
[8.148s] writing ../../build/gastrobot_control/gastrobot_control.egg-info/PKG-INFO
[8.160s] writing dependency_links to ../../build/gastrobot_control/gastrobot_control.egg-info/dependency_links.txt
[8.165s] writing entry points to ../../build/gastrobot_control/gastrobot_control.egg-info/entry_points.txt
[8.167s] writing requirements to ../../build/gastrobot_control/gastrobot_control.egg-info/requires.txt
[8.169s] writing top-level names to ../../build/gastrobot_control/gastrobot_control.egg-info/top_level.txt
[8.471s] reading manifest file '../../build/gastrobot_control/gastrobot_control.egg-info/SOURCES.txt'
[8.476s] writing manifest file '../../build/gastrobot_control/gastrobot_control.egg-info/SOURCES.txt'
[8.477s] running build
[8.477s] running build_py
[8.481s] copying gastrobot_control/joystick_control_node.py -> /home/gastrobot/gastrobot_ws/build/gastrobot_control/build/lib/gastrobot_control
[8.484s] running install
[8.511s] running install_lib
[8.641s] copying /home/gastrobot/gastrobot_ws/build/gastrobot_control/build/lib/gastrobot_control/joystick_control_node.py -> /home/gastrobot/gastrobot_ws/install/gastrobot_control/lib/python3.12/site-packages/gastrobot_control
[8.646s] byte-compiling /home/gastrobot/gastrobot_ws/install/gastrobot_control/lib/python3.12/site-packages/gastrobot_control/joystick_control_node.py to joystick_control_node.cpython-312.pyc
[8.653s] running install_data
[8.653s] running install_egg_info
[8.788s] removing '/home/gastrobot/gastrobot_ws/install/gastrobot_control/lib/python3.12/site-packages/gastrobot_control-0.0.0-py3.12.egg-info' (and everything under it)
[8.790s] Copying ../../build/gastrobot_control/gastrobot_control.egg-info to /home/gastrobot/gastrobot_ws/install/gastrobot_control/lib/python3.12/site-packages/gastrobot_control-0.0.0-py3.12.egg-info
[8.797s] running install_scripts
[9.762s] Installing diff_drive_controller script to /home/gastrobot/gastrobot_ws/install/gastrobot_control/lib/gastrobot_control
[9.763s] Installing esp32_bridge_node script to /home/gastrobot/gastrobot_ws/install/gastrobot_control/lib/gastrobot_control
[9.765s] Installing gui_node script to /home/gastrobot/gastrobot_ws/install/gastrobot_control/lib/gastrobot_control
[9.766s] Installing imu_node script to /home/gastrobot/gastrobot_ws/install/gastrobot_control/lib/gastrobot_control
[9.767s] Installing joystick_control_node script to /home/gastrobot/gastrobot_ws/install/gastrobot_control/lib/gastrobot_control
[9.768s] Installing lift_node script to /home/gastrobot/gastrobot_ws/install/gastrobot_control/lib/gastrobot_control
[9.769s] Installing lift_serial_node script to /home/gastrobot/gastrobot_ws/install/gastrobot_control/lib/gastrobot_control
[9.770s] Installing motor_drive_node script to /home/gastrobot/gastrobot_ws/install/gastrobot_control/lib/gastrobot_control
[9.771s] Installing ultrasonic_node script to /home/gastrobot/gastrobot_ws/install/gastrobot_control/lib/gastrobot_control
[9.772s] Installing wheel_odometry_node script to /home/gastrobot/gastrobot_ws/install/gastrobot_control/lib/gastrobot_control
[9.774s] writing list of installed files to '/home/gastrobot/gastrobot_ws/build/gastrobot_control/install.log'
[9.925s] Invoked command in '/home/gastrobot/gastrobot_ws/src/gastrobot_control' returned '0': PYTHONPATH=/home/gastrobot/gastrobot_ws/build/gastrobot_control/prefix_override:/usr/lib/python3/dist-packages/colcon_core/task/python/colcon_distutils_commands:/home/gastrobot/gastrobot_ws/install/gastrobot_control/lib/python3.12/site-packages:${PYTHONPATH} /usr/bin/python3 -W ignore:setup.py install is deprecated -W ignore:easy_install command is deprecated setup.py egg_info --egg-base ../../build/gastrobot_control build --build-base /home/gastrobot/gastrobot_ws/build/gastrobot_control/build install --record /home/gastrobot/gastrobot_ws/build/gastrobot_control/install.log --single-version-externally-managed install_data
