[4.843s] Invoking command in '/home/gastrobot/gastrobot_ws/src/gastrobot_gui': PYTHONPATH=/home/gastrobot/gastrobot_ws/build/gastrobot_gui/prefix_override:/usr/lib/python3/dist-packages/colcon_core/task/python/colcon_distutils_commands:/home/gastrobot/gastrobot_ws/install/gastrobot_gui/lib/python3.12/site-packages:${PYTHONPATH} /usr/bin/python3 -W ignore:setup.py install is deprecated -W ignore:easy_install command is deprecated setup.py egg_info --egg-base ../../build/gastrobot_gui build --build-base /home/gastrobot/gastrobot_ws/build/gastrobot_gui/build install --record /home/gastrobot/gastrobot_ws/build/gastrobot_gui/install.log --single-version-externally-managed install_data
[6.437s] running egg_info
[6.564s] writing ../../build/gastrobot_gui/gastrobot_gui.egg-info/PKG-INFO
[6.565s] writing dependency_links to ../../build/gastrobot_gui/gastrobot_gui.egg-info/dependency_links.txt
[6.567s] writing entry points to ../../build/gastrobot_gui/gastrobot_gui.egg-info/entry_points.txt
[6.568s] writing requirements to ../../build/gastrobot_gui/gastrobot_gui.egg-info/requires.txt
[6.569s] writing top-level names to ../../build/gastrobot_gui/gastrobot_gui.egg-info/top_level.txt
[6.828s] reading manifest file '../../build/gastrobot_gui/gastrobot_gui.egg-info/SOURCES.txt'
[6.831s] writing manifest file '../../build/gastrobot_gui/gastrobot_gui.egg-info/SOURCES.txt'
[6.832s] running build
[6.832s] running build_py
[6.834s] running install
[6.859s] running install_lib
[6.989s] running install_data
[6.989s] running install_egg_info
[7.122s] removing '/home/gastrobot/gastrobot_ws/install/gastrobot_gui/lib/python3.12/site-packages/gastrobot_gui-0.0.0-py3.12.egg-info' (and everything under it)
[7.124s] Copying ../../build/gastrobot_gui/gastrobot_gui.egg-info to /home/gastrobot/gastrobot_ws/install/gastrobot_gui/lib/python3.12/site-packages/gastrobot_gui-0.0.0-py3.12.egg-info
[7.130s] running install_scripts
[8.084s] Installing gui_node script to /home/gastrobot/gastrobot_ws/install/gastrobot_gui/lib/gastrobot_gui
[8.086s] writing list of installed files to '/home/gastrobot/gastrobot_ws/build/gastrobot_gui/install.log'
[8.237s] Invoked command in '/home/gastrobot/gastrobot_ws/src/gastrobot_gui' returned '0': PYTHONPATH=/home/gastrobot/gastrobot_ws/build/gastrobot_gui/prefix_override:/usr/lib/python3/dist-packages/colcon_core/task/python/colcon_distutils_commands:/home/gastrobot/gastrobot_ws/install/gastrobot_gui/lib/python3.12/site-packages:${PYTHONPATH} /usr/bin/python3 -W ignore:setup.py install is deprecated -W ignore:easy_install command is deprecated setup.py egg_info --egg-base ../../build/gastrobot_gui build --build-base /home/gastrobot/gastrobot_ws/build/gastrobot_gui/build install --record /home/gastrobot/gastrobot_ws/build/gastrobot_gui/install.log --single-version-externally-managed install_data
