running develop
/usr/lib/python3/dist-packages/setuptools/command/easy_install.py:363: UserWarning: Unbuilt egg for pytest-repeat [unknown version] (/usr/lib/python3/dist-packages)
  self.local_index = Environment(self.shadow_path + sys.path)
running egg_info
creating gastrobot_perception.egg-info
writing gastrobot_perception.egg-info/PKG-INFO
writing dependency_links to gastrobot_perception.egg-info/dependency_links.txt
writing requirements to gastrobot_perception.egg-info/requires.txt
writing top-level names to gastrobot_perception.egg-info/top_level.txt
writing manifest file 'gastrobot_perception.egg-info/SOURCES.txt'
reading manifest file 'gastrobot_perception.egg-info/SOURCES.txt'
writing manifest file 'gastrobot_perception.egg-info/SOURCES.txt'
running build_ext
Creating /home/gastrobot/gastrobot_ws/install/gastrobot_perception/lib/python3.12/site-packages/gastrobot-perception.egg-link (link to .)

Installed /home/gastrobot/gastrobot_ws/build/gastrobot_perception
running symlink_data
creating /home/gastrobot/gastrobot_ws/install/gastrobot_perception/share/ament_index
creating /home/gastrobot/gastrobot_ws/install/gastrobot_perception/share/ament_index/resource_index
creating /home/gastrobot/gastrobot_ws/install/gastrobot_perception/share/ament_index/resource_index/packages
symbolically linking /home/gastrobot/gastrobot_ws/build/gastrobot_perception/resource/gastrobot_perception -> /home/gastrobot/gastrobot_ws/install/gastrobot_perception/share/ament_index/resource_index/packages
symbolically linking /home/gastrobot/gastrobot_ws/build/gastrobot_perception/package.xml -> /home/gastrobot/gastrobot_ws/install/gastrobot_perception/share/gastrobot_perception
