[0.055s] Invoking command in '/home/gastrobot/gastrobot_ws/build/rplidar_ros': CMAKE_PREFIX_PATH=${CMAKE_PREFIX_PATH}:/home/gastrobot/gastrobot_ws/install/gastrobot_perception:/home/gastrobot/gastrobot_ws/install/gastrobot_navigation:/home/gastrobot/gastrobot_ws/install/gastrobot_gui:/home/gastrobot/gastrobot_ws/install/gastrobot_control:/home/gastrobot/gastrobot_ws/install/gastrobot_bringup:/home/gastrobot/gastrobot_ws_clean/install/gastrobot_control:/home/gastrobot/gastrobot_ws_clean/install/gastrobot_bringup:/opt/ros/jazzy /usr/bin/cmake --build /home/gastrobot/gastrobot_ws/build/rplidar_ros -- -j4 -l4
[0.509s] [  5%] Built target rplidar_client
[0.520s] [ 52%] Built target rplidar_composition
[0.541s] [100%] Built target rplidar_node
[0.621s] Invoked command in '/home/gastrobot/gastrobot_ws/build/rplidar_ros' returned '0': CMAKE_PREFIX_PATH=${CMAKE_PREFIX_PATH}:/home/gastrobot/gastrobot_ws/install/gastrobot_perception:/home/gastrobot/gastrobot_ws/install/gastrobot_navigation:/home/gastrobot/gastrobot_ws/install/gastrobot_gui:/home/gastrobot/gastrobot_ws/install/gastrobot_control:/home/gastrobot/gastrobot_ws/install/gastrobot_bringup:/home/gastrobot/gastrobot_ws_clean/install/gastrobot_control:/home/gastrobot/gastrobot_ws_clean/install/gastrobot_bringup:/opt/ros/jazzy /usr/bin/cmake --build /home/gastrobot/gastrobot_ws/build/rplidar_ros -- -j4 -l4
[0.690s] Invoking command in '/home/gastrobot/gastrobot_ws/build/rplidar_ros': CMAKE_PREFIX_PATH=${CMAKE_PREFIX_PATH}:/home/gastrobot/gastrobot_ws/install/gastrobot_perception:/home/gastrobot/gastrobot_ws/install/gastrobot_navigation:/home/gastrobot/gastrobot_ws/install/gastrobot_gui:/home/gastrobot/gastrobot_ws/install/gastrobot_control:/home/gastrobot/gastrobot_ws/install/gastrobot_bringup:/home/gastrobot/gastrobot_ws_clean/install/gastrobot_control:/home/gastrobot/gastrobot_ws_clean/install/gastrobot_bringup:/opt/ros/jazzy /usr/bin/cmake --install /home/gastrobot/gastrobot_ws/build/rplidar_ros
[0.748s] -- Install configuration: ""
[0.752s] -- Execute custom install script
[0.754s] -- Up-to-date symlink: /home/gastrobot/gastrobot_ws/install/rplidar_ros/share/rplidar_ros/launch/rplidar_a1_launch.py
[0.754s] -- Up-to-date symlink: /home/gastrobot/gastrobot_ws/install/rplidar_ros/share/rplidar_ros/launch/rplidar_a2m12_launch.py
[0.756s] -- Up-to-date symlink: /home/gastrobot/gastrobot_ws/install/rplidar_ros/share/rplidar_ros/launch/rplidar_a2m7_launch.py
[0.756s] -- Up-to-date symlink: /home/gastrobot/gastrobot_ws/install/rplidar_ros/share/rplidar_ros/launch/rplidar_a2m8_launch.py
[0.757s] -- Up-to-date symlink: /home/gastrobot/gastrobot_ws/install/rplidar_ros/share/rplidar_ros/launch/rplidar_a3_launch.py
[0.758s] -- Up-to-date symlink: /home/gastrobot/gastrobot_ws/install/rplidar_ros/share/rplidar_ros/launch/rplidar_c1_launch.py
[0.759s] -- Up-to-date symlink: /home/gastrobot/gastrobot_ws/install/rplidar_ros/share/rplidar_ros/launch/rplidar_s1_launch.py
[0.760s] -- Up-to-date symlink: /home/gastrobot/gastrobot_ws/install/rplidar_ros/share/rplidar_ros/launch/rplidar_s1_tcp_launch.py
[0.761s] -- Up-to-date symlink: /home/gastrobot/gastrobot_ws/install/rplidar_ros/share/rplidar_ros/launch/rplidar_s2_launch.py
[0.762s] -- Up-to-date symlink: /home/gastrobot/gastrobot_ws/install/rplidar_ros/share/rplidar_ros/launch/rplidar_s2e_launch.py
[0.763s] -- Up-to-date symlink: /home/gastrobot/gastrobot_ws/install/rplidar_ros/share/rplidar_ros/launch/rplidar_s3_launch.py
[0.764s] -- Up-to-date symlink: /home/gastrobot/gastrobot_ws/install/rplidar_ros/share/rplidar_ros/launch/rplidar_t1_launch.py
[0.765s] -- Up-to-date symlink: /home/gastrobot/gastrobot_ws/install/rplidar_ros/share/rplidar_ros/launch/view_rplidar_a1_launch.py
[0.766s] -- Up-to-date symlink: /home/gastrobot/gastrobot_ws/install/rplidar_ros/share/rplidar_ros/launch/view_rplidar_a2m12_launch.py
[0.768s] -- Up-to-date symlink: /home/gastrobot/gastrobot_ws/install/rplidar_ros/share/rplidar_ros/launch/view_rplidar_a2m7_launch.py
[0.769s] -- Up-to-date symlink: /home/gastrobot/gastrobot_ws/install/rplidar_ros/share/rplidar_ros/launch/view_rplidar_a2m8_launch.py
[0.769s] -- Up-to-date symlink: /home/gastrobot/gastrobot_ws/install/rplidar_ros/share/rplidar_ros/launch/view_rplidar_a3_launch.py
[0.770s] -- Up-to-date symlink: /home/gastrobot/gastrobot_ws/install/rplidar_ros/share/rplidar_ros/launch/view_rplidar_c1_launch.py
[0.770s] -- Up-to-date symlink: /home/gastrobot/gastrobot_ws/install/rplidar_ros/share/rplidar_ros/launch/view_rplidar_s1_launch.py
[0.773s] -- Up-to-date symlink: /home/gastrobot/gastrobot_ws/install/rplidar_ros/share/rplidar_ros/launch/view_rplidar_s1_tcp_launch.py
[0.774s] -- Up-to-date symlink: /home/gastrobot/gastrobot_ws/install/rplidar_ros/share/rplidar_ros/launch/view_rplidar_s2_launch.py
[0.774s] -- Up-to-date symlink: /home/gastrobot/gastrobot_ws/install/rplidar_ros/share/rplidar_ros/launch/view_rplidar_s2e_launch.py
[0.776s] -- Up-to-date symlink: /home/gastrobot/gastrobot_ws/install/rplidar_ros/share/rplidar_ros/launch/view_rplidar_s3_launch.py
[0.777s] -- Up-to-date symlink: /home/gastrobot/gastrobot_ws/install/rplidar_ros/share/rplidar_ros/launch/view_rplidar_t1_launch.py
[0.777s] -- Up-to-date symlink: /home/gastrobot/gastrobot_ws/install/rplidar_ros/share/rplidar_ros/rviz/rplidar_ros.rviz
[0.778s] -- Up-to-date symlink: /home/gastrobot/gastrobot_ws/install/rplidar_ros/lib/rplidar_ros/rplidar_node
[0.779s] -- Up-to-date symlink: /home/gastrobot/gastrobot_ws/install/rplidar_ros/lib/rplidar_ros/rplidar_composition
[0.780s] -- Up-to-date symlink: /home/gastrobot/gastrobot_ws/install/rplidar_ros/lib/rplidar_ros/rplidar_client
[0.781s] -- Up-to-date symlink: /home/gastrobot/gastrobot_ws/install/rplidar_ros/share/ament_index/resource_index/package_run_dependencies/rplidar_ros
[0.783s] -- Up-to-date symlink: /home/gastrobot/gastrobot_ws/install/rplidar_ros/share/ament_index/resource_index/parent_prefix_path/rplidar_ros
[0.784s] -- Up-to-date symlink: /home/gastrobot/gastrobot_ws/install/rplidar_ros/share/rplidar_ros/environment/ament_prefix_path.sh
[0.786s] -- Up-to-date symlink: /home/gastrobot/gastrobot_ws/install/rplidar_ros/share/rplidar_ros/environment/ament_prefix_path.dsv
[0.787s] -- Up-to-date symlink: /home/gastrobot/gastrobot_ws/install/rplidar_ros/share/rplidar_ros/environment/path.sh
[0.788s] -- Up-to-date symlink: /home/gastrobot/gastrobot_ws/install/rplidar_ros/share/rplidar_ros/environment/path.dsv
[0.789s] -- Up-to-date symlink: /home/gastrobot/gastrobot_ws/install/rplidar_ros/share/rplidar_ros/local_setup.bash
[0.790s] -- Up-to-date symlink: /home/gastrobot/gastrobot_ws/install/rplidar_ros/share/rplidar_ros/local_setup.sh
[0.791s] -- Up-to-date symlink: /home/gastrobot/gastrobot_ws/install/rplidar_ros/share/rplidar_ros/local_setup.zsh
[0.793s] -- Up-to-date symlink: /home/gastrobot/gastrobot_ws/install/rplidar_ros/share/rplidar_ros/local_setup.dsv
[0.793s] -- Symlinking: /home/gastrobot/gastrobot_ws/install/rplidar_ros/share/rplidar_ros/package.dsv
[0.862s] -- Up-to-date symlink: /home/gastrobot/gastrobot_ws/install/rplidar_ros/share/ament_index/resource_index/packages/rplidar_ros
[0.863s] -- Up-to-date symlink: /home/gastrobot/gastrobot_ws/install/rplidar_ros/share/rplidar_ros/cmake/ament_cmake_export_dependencies-extras.cmake
[0.865s] -- Up-to-date symlink: /home/gastrobot/gastrobot_ws/install/rplidar_ros/share/rplidar_ros/cmake/ament_cmake_export_include_directories-extras.cmake
[0.866s] -- Up-to-date symlink: /home/gastrobot/gastrobot_ws/install/rplidar_ros/share/rplidar_ros/cmake/rplidar_rosConfig.cmake
[0.867s] -- Up-to-date symlink: /home/gastrobot/gastrobot_ws/install/rplidar_ros/share/rplidar_ros/cmake/rplidar_rosConfig-version.cmake
[0.868s] -- Up-to-date symlink: /home/gastrobot/gastrobot_ws/install/rplidar_ros/share/rplidar_ros/package.xml
[0.876s] Invoked command in '/home/gastrobot/gastrobot_ws/build/rplidar_ros' returned '0': CMAKE_PREFIX_PATH=${CMAKE_PREFIX_PATH}:/home/gastrobot/gastrobot_ws/install/gastrobot_perception:/home/gastrobot/gastrobot_ws/install/gastrobot_navigation:/home/gastrobot/gastrobot_ws/install/gastrobot_gui:/home/gastrobot/gastrobot_ws/install/gastrobot_control:/home/gastrobot/gastrobot_ws/install/gastrobot_bringup:/home/gastrobot/gastrobot_ws_clean/install/gastrobot_control:/home/gastrobot/gastrobot_ws_clean/install/gastrobot_bringup:/opt/ros/jazzy /usr/bin/cmake --install /home/gastrobot/gastrobot_ws/build/rplidar_ros
