[4.947s] Invoking command in '/home/gastrobot/gastrobot_ws/src/gastrobot_gui': PYTHONPATH=/home/gastrobot/gastrobot_ws/build/gastrobot_gui/prefix_override:/usr/lib/python3/dist-packages/colcon_core/task/python/colcon_distutils_commands:/home/gastrobot/gastrobot_ws/install/gastrobot_gui/lib/python3.12/site-packages:${PYTHONPATH} /usr/bin/python3 -W ignore:setup.py install is deprecated -W ignore:easy_install command is deprecated setup.py egg_info --egg-base ../../build/gastrobot_gui build --build-base /home/gastrobot/gastrobot_ws/build/gastrobot_gui/build install --record /home/gastrobot/gastrobot_ws/build/gastrobot_gui/install.log --single-version-externally-managed install_data
[6.545s] running egg_info
[6.670s] writing ../../build/gastrobot_gui/gastrobot_gui.egg-info/PKG-INFO
[6.672s] writing dependency_links to ../../build/gastrobot_gui/gastrobot_gui.egg-info/dependency_links.txt
[6.673s] writing entry points to ../../build/gastrobot_gui/gastrobot_gui.egg-info/entry_points.txt
[6.674s] writing requirements to ../../build/gastrobot_gui/gastrobot_gui.egg-info/requires.txt
[6.674s] writing top-level names to ../../build/gastrobot_gui/gastrobot_gui.egg-info/top_level.txt
[6.931s] reading manifest file '../../build/gastrobot_gui/gastrobot_gui.egg-info/SOURCES.txt'
[6.935s] writing manifest file '../../build/gastrobot_gui/gastrobot_gui.egg-info/SOURCES.txt'
[6.935s] running build
[6.936s] running build_py
[6.937s] copying gastrobot_gui/gui_node.py -> /home/gastrobot/gastrobot_ws/build/gastrobot_gui/build/lib/gastrobot_gui
[6.938s] running install
[6.963s] running install_lib
[7.093s] copying /home/gastrobot/gastrobot_ws/build/gastrobot_gui/build/lib/gastrobot_gui/gui_node.py -> /home/gastrobot/gastrobot_ws/install/gastrobot_gui/lib/python3.12/site-packages/gastrobot_gui
[7.096s] byte-compiling /home/gastrobot/gastrobot_ws/install/gastrobot_gui/lib/python3.12/site-packages/gastrobot_gui/gui_node.py to gui_node.cpython-312.pyc
[7.103s] running install_data
[7.103s] running install_egg_info
[7.237s] removing '/home/gastrobot/gastrobot_ws/install/gastrobot_gui/lib/python3.12/site-packages/gastrobot_gui-0.0.0-py3.12.egg-info' (and everything under it)
[7.238s] Copying ../../build/gastrobot_gui/gastrobot_gui.egg-info to /home/gastrobot/gastrobot_ws/install/gastrobot_gui/lib/python3.12/site-packages/gastrobot_gui-0.0.0-py3.12.egg-info
[7.244s] running install_scripts
[8.204s] Installing gui_node script to /home/gastrobot/gastrobot_ws/install/gastrobot_gui/lib/gastrobot_gui
[8.205s] writing list of installed files to '/home/gastrobot/gastrobot_ws/build/gastrobot_gui/install.log'
[8.356s] Invoked command in '/home/gastrobot/gastrobot_ws/src/gastrobot_gui' returned '0': PYTHONPATH=/home/gastrobot/gastrobot_ws/build/gastrobot_gui/prefix_override:/usr/lib/python3/dist-packages/colcon_core/task/python/colcon_distutils_commands:/home/gastrobot/gastrobot_ws/install/gastrobot_gui/lib/python3.12/site-packages:${PYTHONPATH} /usr/bin/python3 -W ignore:setup.py install is deprecated -W ignore:easy_install command is deprecated setup.py egg_info --egg-base ../../build/gastrobot_gui build --build-base /home/gastrobot/gastrobot_ws/build/gastrobot_gui/build install --record /home/gastrobot/gastrobot_ws/build/gastrobot_gui/install.log --single-version-externally-managed install_data
