[10.494s] Invoking command in '/home/gastrobot/gastrobot_ws/src/gastrobot_control': PYTHONPATH=/home/gastrobot/gastrobot_ws/build/gastrobot_control/prefix_override:/usr/lib/python3/dist-packages/colcon_core/task/python/colcon_distutils_commands:/home/gastrobot/gastrobot_ws/install/gastrobot_control/lib/python3.12/site-packages:${PYTHONPATH} /usr/bin/python3 -W ignore:setup.py install is deprecated -W ignore:easy_install command is deprecated setup.py egg_info --egg-base ../../build/gastrobot_control build --build-base /home/gastrobot/gastrobot_ws/build/gastrobot_control/build install --record /home/gastrobot/gastrobot_ws/build/gastrobot_control/install.log --single-version-externally-managed install_data
[13.002s] running egg_info
[13.200s] writing ../../build/gastrobot_control/gastrobot_control.egg-info/PKG-INFO
[13.202s] writing dependency_links to ../../build/gastrobot_control/gastrobot_control.egg-info/dependency_links.txt
[13.207s] writing entry points to ../../build/gastrobot_control/gastrobot_control.egg-info/entry_points.txt
[13.208s] writing requirements to ../../build/gastrobot_control/gastrobot_control.egg-info/requires.txt
[13.209s] writing top-level names to ../../build/gastrobot_control/gastrobot_control.egg-info/top_level.txt
[13.622s] reading manifest file '../../build/gastrobot_control/gastrobot_control.egg-info/SOURCES.txt'
[13.627s] writing manifest file '../../build/gastrobot_control/gastrobot_control.egg-info/SOURCES.txt'
[13.630s] running build
[13.630s] running build_py
[13.637s] running install
[13.670s] running install_lib
[13.880s] running install_data
[13.881s] running install_egg_info
[14.090s] removing '/home/gastrobot/gastrobot_ws/install/gastrobot_control/lib/python3.12/site-packages/gastrobot_control-0.0.0-py3.12.egg-info' (and everything under it)
[14.092s] Copying ../../build/gastrobot_control/gastrobot_control.egg-info to /home/gastrobot/gastrobot_ws/install/gastrobot_control/lib/python3.12/site-packages/gastrobot_control-0.0.0-py3.12.egg-info
[14.106s] running install_scripts
[15.494s] Installing diff_drive_controller script to /home/gastrobot/gastrobot_ws/install/gastrobot_control/lib/gastrobot_control
[15.497s] Installing esp32_bridge_node script to /home/gastrobot/gastrobot_ws/install/gastrobot_control/lib/gastrobot_control
[15.499s] Installing gui_node script to /home/gastrobot/gastrobot_ws/install/gastrobot_control/lib/gastrobot_control
[15.502s] Installing imu_node script to /home/gastrobot/gastrobot_ws/install/gastrobot_control/lib/gastrobot_control
[15.504s] Installing joystick_control_node script to /home/gastrobot/gastrobot_ws/install/gastrobot_control/lib/gastrobot_control
[15.506s] Installing lift_node script to /home/gastrobot/gastrobot_ws/install/gastrobot_control/lib/gastrobot_control
[15.510s] Installing lift_serial_node script to /home/gastrobot/gastrobot_ws/install/gastrobot_control/lib/gastrobot_control
[15.511s] Installing motor_drive_node script to /home/gastrobot/gastrobot_ws/install/gastrobot_control/lib/gastrobot_control
[15.515s] Installing ultrasonic_node script to /home/gastrobot/gastrobot_ws/install/gastrobot_control/lib/gastrobot_control
[15.516s] Installing wheel_odometry_node script to /home/gastrobot/gastrobot_ws/install/gastrobot_control/lib/gastrobot_control
[15.520s] writing list of installed files to '/home/gastrobot/gastrobot_ws/build/gastrobot_control/install.log'
[15.805s] Invoked command in '/home/gastrobot/gastrobot_ws/src/gastrobot_control' returned '0': PYTHONPATH=/home/gastrobot/gastrobot_ws/build/gastrobot_control/prefix_override:/usr/lib/python3/dist-packages/colcon_core/task/python/colcon_distutils_commands:/home/gastrobot/gastrobot_ws/install/gastrobot_control/lib/python3.12/site-packages:${PYTHONPATH} /usr/bin/python3 -W ignore:setup.py install is deprecated -W ignore:easy_install command is deprecated setup.py egg_info --egg-base ../../build/gastrobot_control build --build-base /home/gastrobot/gastrobot_ws/build/gastrobot_control/build install --record /home/gastrobot/gastrobot_ws/build/gastrobot_control/install.log --single-version-externally-managed install_data
